{"C:\\Users\\mendo\\OneDrive - University of Manitoba\\Desktop\\comp 4350\\Full-Stack-Flush\\server\\server.js": {"path":"C:\\Users\\mendo\\OneDrive - University of Manitoba\\Desktop\\comp 4350\\Full-Stack-Flush\\server\\server.js","statementMap":{"0":{"start":{"line":1,"column":16},"end":{"line":1,"column":34}},"1":{"start":{"line":2,"column":17},"end":{"line":2,"column":36}},"2":{"start":{"line":3,"column":13},"end":{"line":3,"column":28}},"3":{"start":{"line":4,"column":30},"end":{"line":4,"column":62}},"4":{"start":{"line":5,"column":18},"end":{"line":5,"column":39}},"5":{"start":{"line":6,"column":21},"end":{"line":6,"column":45}},"6":{"start":{"line":7,"column":0},"end":{"line":7,"column":27}},"7":{"start":{"line":9,"column":18},"end":{"line":9,"column":47}},"8":{"start":{"line":10,"column":21},"end":{"line":10,"column":53}},"9":{"start":{"line":11,"column":21},"end":{"line":11,"column":53}},"10":{"start":{"line":12,"column":25},"end":{"line":12,"column":61}},"11":{"start":{"line":13,"column":22},"end":{"line":13,"column":54}},"12":{"start":{"line":14,"column":23},"end":{"line":14,"column":59}},"13":{"start":{"line":15,"column":19},"end":{"line":15,"column":52}},"14":{"start":{"line":16,"column":18},"end":{"line":16,"column":49}},"15":{"start":{"line":17,"column":22},"end":{"line":17,"column":54}},"16":{"start":{"line":18,"column":26},"end":{"line":18,"column":63}},"17":{"start":{"line":20,"column":28},"end":{"line":20,"column":39}},"18":{"start":{"line":21,"column":12},"end":{"line":21,"column":21}},"19":{"start":{"line":22,"column":0},"end":{"line":22,"column":15}},"20":{"start":{"line":24,"column":0},"end":{"line":36,"column":1}},"21":{"start":{"line":25,"column":2},"end":{"line":28,"column":40}},"22":{"start":{"line":27,"column":16},"end":{"line":27,"column":65}},"23":{"start":{"line":28,"column":20},"end":{"line":28,"column":38}},"24":{"start":{"line":30,"column":0},"end":{"line":35,"column":2}},"25":{"start":{"line":39,"column":0},"end":{"line":47,"column":3}},"26":{"start":{"line":40,"column":2},"end":{"line":40,"column":34}},"27":{"start":{"line":41,"column":15},"end":{"line":41,"column":33}},"28":{"start":{"line":42,"column":14},"end":{"line":42,"column":52}},"29":{"start":{"line":43,"column":2},"end":{"line":43,"column":24}},"30":{"start":{"line":46,"column":2},"end":{"line":46,"column":34}},"31":{"start":{"line":50,"column":0},"end":{"line":52,"column":3}},"32":{"start":{"line":51,"column":2},"end":{"line":51,"column":53}},"33":{"start":{"line":54,"column":0},"end":{"line":54,"column":24}},"34":{"start":{"line":55,"column":0},"end":{"line":55,"column":24}},"35":{"start":{"line":56,"column":0},"end":{"line":56,"column":24}},"36":{"start":{"line":57,"column":0},"end":{"line":57,"column":27}},"37":{"start":{"line":58,"column":0},"end":{"line":58,"column":27}},"38":{"start":{"line":59,"column":0},"end":{"line":59,"column":31}},"39":{"start":{"line":60,"column":0},"end":{"line":60,"column":28}},"40":{"start":{"line":61,"column":0},"end":{"line":61,"column":29}},"41":{"start":{"line":62,"column":0},"end":{"line":62,"column":24}},"42":{"start":{"line":63,"column":0},"end":{"line":63,"column":25}},"43":{"start":{"line":64,"column":0},"end":{"line":64,"column":27}},"44":{"start":{"line":65,"column":0},"end":{"line":65,"column":32}},"45":{"start":{"line":68,"column":0},"end":{"line":68,"column":21}}},"fnMap":{"0":{"name":"(anonymous_0)","decl":{"start":{"line":27,"column":10},"end":{"line":27,"column":11}},"loc":{"start":{"line":27,"column":16},"end":{"line":27,"column":65}},"line":27},"1":{"name":"(anonymous_1)","decl":{"start":{"line":28,"column":11},"end":{"line":28,"column":12}},"loc":{"start":{"line":28,"column":20},"end":{"line":28,"column":38}},"line":28},"2":{"name":"(anonymous_2)","decl":{"start":{"line":39,"column":12},"end":{"line":39,"column":13}},"loc":{"start":{"line":39,"column":25},"end":{"line":47,"column":1}},"line":39},"3":{"name":"(anonymous_3)","decl":{"start":{"line":50,"column":28},"end":{"line":50,"column":29}},"loc":{"start":{"line":50,"column":34},"end":{"line":52,"column":1}},"line":50}},"branchMap":{"0":{"loc":{"start":{"line":24,"column":0},"end":{"line":36,"column":1}},"type":"if","locations":[{"start":{"line":24,"column":0},"end":{"line":36,"column":1}},{"start":{},"end":{}}],"line":24}},"s":{"0":8,"1":8,"2":8,"3":8,"4":8,"5":8,"6":8,"7":8,"8":8,"9":8,"10":8,"11":8,"12":8,"13":8,"14":8,"15":8,"16":8,"17":8,"18":8,"19":8,"20":8,"21":0,"22":0,"23":0,"24":0,"25":8,"26":0,"27":0,"28":0,"29":0,"30":0,"31":8,"32":8,"33":8,"34":8,"35":8,"36":8,"37":8,"38":8,"39":8,"40":8,"41":8,"42":8,"43":8,"44":8,"45":8},"f":{"0":0,"1":0,"2":0,"3":8},"b":{"0":[0,8]},"_coverageSchema":"1a1c01bbd47fc00a2c39e90264f33305004495a9","hash":"c57cd9dc3438745f335452523b9f7e8e497983bb"}
,"C:\\Users\\mendo\\OneDrive - University of Manitoba\\Desktop\\comp 4350\\Full-Stack-Flush\\server\\Controllers\\AuthController.js": {"path":"C:\\Users\\mendo\\OneDrive - University of Manitoba\\Desktop\\comp 4350\\Full-Stack-Flush\\server\\Controllers\\AuthController.js","statementMap":{"0":{"start":{"line":1,"column":13},"end":{"line":1,"column":43}},"1":{"start":{"line":2,"column":30},"end":{"line":2,"column":60}},"2":{"start":{"line":3,"column":15},"end":{"line":3,"column":34}},"3":{"start":{"line":9,"column":0},"end":{"line":49,"column":2}},"4":{"start":{"line":10,"column":2},"end":{"line":48,"column":3}},"5":{"start":{"line":11,"column":92},"end":{"line":11,"column":100}},"6":{"start":{"line":13,"column":4},"end":{"line":15,"column":5}},"7":{"start":{"line":14,"column":6},"end":{"line":14,"column":75}},"8":{"start":{"line":17,"column":25},"end":{"line":17,"column":57}},"9":{"start":{"line":18,"column":4},"end":{"line":20,"column":5}},"10":{"start":{"line":19,"column":6},"end":{"line":19,"column":70}},"11":{"start":{"line":22,"column":17},"end":{"line":31,"column":6}},"12":{"start":{"line":33,"column":18},"end":{"line":33,"column":45}},"13":{"start":{"line":35,"column":4},"end":{"line":38,"column":7}},"14":{"start":{"line":40,"column":4},"end":{"line":43,"column":7}},"15":{"start":{"line":45,"column":4},"end":{"line":45,"column":11}},"16":{"start":{"line":47,"column":4},"end":{"line":47,"column":54}},"17":{"start":{"line":54,"column":0},"end":{"line":82,"column":3}},"18":{"start":{"line":55,"column":4},"end":{"line":81,"column":5}},"19":{"start":{"line":56,"column":37},"end":{"line":56,"column":45}},"20":{"start":{"line":58,"column":6},"end":{"line":60,"column":7}},"21":{"start":{"line":59,"column":8},"end":{"line":59,"column":72}},"22":{"start":{"line":61,"column":6},"end":{"line":63,"column":7}},"23":{"start":{"line":62,"column":8},"end":{"line":62,"column":72}},"24":{"start":{"line":64,"column":19},"end":{"line":64,"column":51}},"25":{"start":{"line":65,"column":6},"end":{"line":67,"column":7}},"26":{"start":{"line":66,"column":8},"end":{"line":66,"column":80}},"27":{"start":{"line":68,"column":19},"end":{"line":68,"column":64}},"28":{"start":{"line":69,"column":6},"end":{"line":71,"column":7}},"29":{"start":{"line":70,"column":8},"end":{"line":70,"column":79}},"30":{"start":{"line":72,"column":21},"end":{"line":72,"column":48}},"31":{"start":{"line":73,"column":7},"end":{"line":76,"column":10}},"32":{"start":{"line":77,"column":7},"end":{"line":77,"column":95}},"33":{"start":{"line":78,"column":7},"end":{"line":78,"column":14}},"34":{"start":{"line":80,"column":6},"end":{"line":80,"column":56}}},"fnMap":{"0":{"name":"(anonymous_0)","decl":{"start":{"line":9,"column":24},"end":{"line":9,"column":25}},"loc":{"start":{"line":9,"column":50},"end":{"line":49,"column":1}},"line":9},"1":{"name":"(anonymous_1)","decl":{"start":{"line":54,"column":23},"end":{"line":54,"column":24}},"loc":{"start":{"line":54,"column":49},"end":{"line":82,"column":3}},"line":54}},"branchMap":{"0":{"loc":{"start":{"line":13,"column":4},"end":{"line":15,"column":5}},"type":"if","locations":[{"start":{"line":13,"column":4},"end":{"line":15,"column":5}},{"start":{},"end":{}}],"line":13},"1":{"loc":{"start":{"line":13,"column":8},"end":{"line":13,"column":54}},"type":"binary-expr","locations":[{"start":{"line":13,"column":8},"end":{"line":13,"column":29}},{"start":{"line":13,"column":33},"end":{"line":13,"column":54}}],"line":13},"2":{"loc":{"start":{"line":18,"column":4},"end":{"line":20,"column":5}},"type":"if","locations":[{"start":{"line":18,"column":4},"end":{"line":20,"column":5}},{"start":{},"end":{}}],"line":18},"3":{"loc":{"start":{"line":26,"column":15},"end":{"line":26,"column":29}},"type":"binary-expr","locations":[{"start":{"line":26,"column":15},"end":{"line":26,"column":22}},{"start":{"line":26,"column":26},"end":{"line":26,"column":29}}],"line":26},"4":{"loc":{"start":{"line":27,"column":12},"end":{"line":27,"column":21}},"type":"binary-expr","locations":[{"start":{"line":27,"column":12},"end":{"line":27,"column":16}},{"start":{"line":27,"column":20},"end":{"line":27,"column":21}}],"line":27},"5":{"loc":{"start":{"line":28,"column":14},"end":{"line":28,"column":25}},"type":"binary-expr","locations":[{"start":{"line":28,"column":14},"end":{"line":28,"column":20}},{"start":{"line":28,"column":24},"end":{"line":28,"column":25}}],"line":28},"6":{"loc":{"start":{"line":29,"column":17},"end":{"line":29,"column":31}},"type":"binary-expr","locations":[{"start":{"line":29,"column":17},"end":{"line":29,"column":26}},{"start":{"line":29,"column":30},"end":{"line":29,"column":31}}],"line":29},"7":{"loc":{"start":{"line":30,"column":18},"end":{"line":30,"column":33}},"type":"binary-expr","locations":[{"start":{"line":30,"column":18},"end":{"line":30,"column":28}},{"start":{"line":30,"column":32},"end":{"line":30,"column":33}}],"line":30},"8":{"loc":{"start":{"line":58,"column":6},"end":{"line":60,"column":7}},"type":"if","locations":[{"start":{"line":58,"column":6},"end":{"line":60,"column":7}},{"start":{},"end":{}}],"line":58},"9":{"loc":{"start":{"line":61,"column":6},"end":{"line":63,"column":7}},"type":"if","locations":[{"start":{"line":61,"column":6},"end":{"line":63,"column":7}},{"start":{},"end":{}}],"line":61},"10":{"loc":{"start":{"line":65,"column":6},"end":{"line":67,"column":7}},"type":"if","locations":[{"start":{"line":65,"column":6},"end":{"line":67,"column":7}},{"start":{},"end":{}}],"line":65},"11":{"loc":{"start":{"line":69,"column":6},"end":{"line":71,"column":7}},"type":"if","locations":[{"start":{"line":69,"column":6},"end":{"line":71,"column":7}},{"start":{},"end":{}}],"line":69}},"s":{"0":10,"1":10,"2":10,"3":10,"4":11,"5":11,"6":11,"7":2,"8":9,"9":7,"10":2,"11":5,"12":5,"13":5,"14":5,"15":5,"16":2,"17":10,"18":12,"19":12,"20":12,"21":1,"22":11,"23":2,"24":9,"25":7,"26":2,"27":5,"28":5,"29":2,"30":3,"31":3,"32":3,"33":3,"34":2},"f":{"0":11,"1":12},"b":{"0":[2,9],"1":[11,10],"2":[2,5],"3":[5,5],"4":[5,5],"5":[5,5],"6":[5,5],"7":[5,5],"8":[1,11],"9":[2,9],"10":[2,5],"11":[2,3]},"_coverageSchema":"1a1c01bbd47fc00a2c39e90264f33305004495a9","hash":"9ddd3256b1962ee1354205de015a2ac0d831b044"}
,"C:\\Users\\mendo\\OneDrive - University of Manitoba\\Desktop\\comp 4350\\Full-Stack-Flush\\server\\Controllers\\BalanceController.js": {"path":"C:\\Users\\mendo\\OneDrive - University of Manitoba\\Desktop\\comp 4350\\Full-Stack-Flush\\server\\Controllers\\BalanceController.js","statementMap":{"0":{"start":{"line":1,"column":13},"end":{"line":1,"column":43}},"1":{"start":{"line":2,"column":16},"end":{"line":2,"column":44}},"2":{"start":{"line":3,"column":15},"end":{"line":3,"column":34}},"3":{"start":{"line":8,"column":0},"end":{"line":19,"column":4}},"4":{"start":{"line":9,"column":25},"end":{"line":9,"column":34}},"5":{"start":{"line":10,"column":4},"end":{"line":18,"column":5}},"6":{"start":{"line":11,"column":19},"end":{"line":11,"column":51}},"7":{"start":{"line":12,"column":6},"end":{"line":14,"column":7}},"8":{"start":{"line":13,"column":8},"end":{"line":13,"column":67}},"9":{"start":{"line":15,"column":6},"end":{"line":15,"column":54}},"10":{"start":{"line":17,"column":6},"end":{"line":17,"column":56}},"11":{"start":{"line":24,"column":0},"end":{"line":64,"column":2}},"12":{"start":{"line":25,"column":46},"end":{"line":25,"column":54}},"13":{"start":{"line":27,"column":2},"end":{"line":29,"column":3}},"14":{"start":{"line":28,"column":4},"end":{"line":28,"column":122}},"15":{"start":{"line":31,"column":2},"end":{"line":63,"column":3}},"16":{"start":{"line":32,"column":17},"end":{"line":32,"column":49}},"17":{"start":{"line":33,"column":4},"end":{"line":35,"column":5}},"18":{"start":{"line":34,"column":6},"end":{"line":34,"column":81}},"19":{"start":{"line":37,"column":17},"end":{"line":37,"column":62}},"20":{"start":{"line":38,"column":4},"end":{"line":40,"column":5}},"21":{"start":{"line":39,"column":6},"end":{"line":39,"column":84}},"22":{"start":{"line":42,"column":23},"end":{"line":42,"column":44}},"23":{"start":{"line":43,"column":4},"end":{"line":45,"column":5}},"24":{"start":{"line":44,"column":6},"end":{"line":44,"column":87}},"25":{"start":{"line":47,"column":4},"end":{"line":47,"column":30}},"26":{"start":{"line":48,"column":4},"end":{"line":48,"column":22}},"27":{"start":{"line":49,"column":24},"end":{"line":49,"column":30}},"28":{"start":{"line":50,"column":17},"end":{"line":50,"column":26}},"29":{"start":{"line":51,"column":4},"end":{"line":56,"column":7}},"30":{"start":{"line":58,"column":4},"end":{"line":58,"column":67}},"31":{"start":{"line":61,"column":4},"end":{"line":61,"column":70}},"32":{"start":{"line":62,"column":4},"end":{"line":62,"column":23}},"33":{"start":{"line":70,"column":0},"end":{"line":109,"column":2}},"34":{"start":{"line":71,"column":36},"end":{"line":71,"column":44}},"35":{"start":{"line":73,"column":2},"end":{"line":78,"column":3}},"36":{"start":{"line":74,"column":4},"end":{"line":77,"column":7}},"37":{"start":{"line":80,"column":2},"end":{"line":108,"column":3}},"38":{"start":{"line":81,"column":17},"end":{"line":81,"column":49}},"39":{"start":{"line":82,"column":4},"end":{"line":84,"column":5}},"40":{"start":{"line":83,"column":6},"end":{"line":83,"column":81}},"41":{"start":{"line":86,"column":23},"end":{"line":86,"column":44}},"42":{"start":{"line":87,"column":4},"end":{"line":89,"column":5}},"43":{"start":{"line":88,"column":6},"end":{"line":88,"column":87}},"44":{"start":{"line":91,"column":4},"end":{"line":91,"column":30}},"45":{"start":{"line":92,"column":4},"end":{"line":92,"column":22}},"46":{"start":{"line":93,"column":4},"end":{"line":93,"column":28}},"47":{"start":{"line":94,"column":4},"end":{"line":94,"column":30}},"48":{"start":{"line":95,"column":24},"end":{"line":95,"column":30}},"49":{"start":{"line":96,"column":17},"end":{"line":96,"column":24}},"50":{"start":{"line":97,"column":4},"end":{"line":102,"column":7}},"51":{"start":{"line":104,"column":4},"end":{"line":104,"column":67}},"52":{"start":{"line":106,"column":4},"end":{"line":106,"column":52}},"53":{"start":{"line":107,"column":4},"end":{"line":107,"column":70}},"54":{"start":{"line":111,"column":0},"end":{"line":134,"column":2}},"55":{"start":{"line":112,"column":35},"end":{"line":112,"column":43}},"56":{"start":{"line":114,"column":2},"end":{"line":116,"column":3}},"57":{"start":{"line":115,"column":4},"end":{"line":115,"column":85}},"58":{"start":{"line":118,"column":2},"end":{"line":133,"column":3}},"59":{"start":{"line":119,"column":17},"end":{"line":119,"column":49}},"60":{"start":{"line":120,"column":4},"end":{"line":122,"column":5}},"61":{"start":{"line":121,"column":6},"end":{"line":121,"column":81}},"62":{"start":{"line":124,"column":4},"end":{"line":124,"column":44}},"63":{"start":{"line":125,"column":4},"end":{"line":125,"column":22}},"64":{"start":{"line":127,"column":4},"end":{"line":127,"column":33}},"65":{"start":{"line":129,"column":4},"end":{"line":129,"column":130}},"66":{"start":{"line":131,"column":4},"end":{"line":131,"column":56}},"67":{"start":{"line":132,"column":4},"end":{"line":132,"column":70}}},"fnMap":{"0":{"name":"(anonymous_0)","decl":{"start":{"line":8,"column":28},"end":{"line":8,"column":29}},"loc":{"start":{"line":8,"column":48},"end":{"line":19,"column":3}},"line":8},"1":{"name":"(anonymous_1)","decl":{"start":{"line":24,"column":31},"end":{"line":24,"column":32}},"loc":{"start":{"line":24,"column":51},"end":{"line":64,"column":1}},"line":24},"2":{"name":"(anonymous_2)","decl":{"start":{"line":70,"column":46},"end":{"line":70,"column":47}},"loc":{"start":{"line":70,"column":66},"end":{"line":109,"column":1}},"line":70},"3":{"name":"(anonymous_3)","decl":{"start":{"line":111,"column":34},"end":{"line":111,"column":35}},"loc":{"start":{"line":111,"column":54},"end":{"line":134,"column":1}},"line":111}},"branchMap":{"0":{"loc":{"start":{"line":12,"column":6},"end":{"line":14,"column":7}},"type":"if","locations":[{"start":{"line":12,"column":6},"end":{"line":14,"column":7}},{"start":{},"end":{}}],"line":12},"1":{"loc":{"start":{"line":27,"column":2},"end":{"line":29,"column":3}},"type":"if","locations":[{"start":{"line":27,"column":2},"end":{"line":29,"column":3}},{"start":{},"end":{}}],"line":27},"2":{"loc":{"start":{"line":27,"column":6},"end":{"line":27,"column":45}},"type":"binary-expr","locations":[{"start":{"line":27,"column":6},"end":{"line":27,"column":15}},{"start":{"line":27,"column":19},"end":{"line":27,"column":45}}],"line":27},"3":{"loc":{"start":{"line":33,"column":4},"end":{"line":35,"column":5}},"type":"if","locations":[{"start":{"line":33,"column":4},"end":{"line":35,"column":5}},{"start":{},"end":{}}],"line":33},"4":{"loc":{"start":{"line":38,"column":4},"end":{"line":40,"column":5}},"type":"if","locations":[{"start":{"line":38,"column":4},"end":{"line":40,"column":5}},{"start":{},"end":{}}],"line":38},"5":{"loc":{"start":{"line":43,"column":4},"end":{"line":45,"column":5}},"type":"if","locations":[{"start":{"line":43,"column":4},"end":{"line":45,"column":5}},{"start":{},"end":{}}],"line":43},"6":{"loc":{"start":{"line":73,"column":2},"end":{"line":78,"column":3}},"type":"if","locations":[{"start":{"line":73,"column":2},"end":{"line":78,"column":3}},{"start":{},"end":{}}],"line":73},"7":{"loc":{"start":{"line":73,"column":6},"end":{"line":73,"column":45}},"type":"binary-expr","locations":[{"start":{"line":73,"column":6},"end":{"line":73,"column":15}},{"start":{"line":73,"column":19},"end":{"line":73,"column":45}}],"line":73},"8":{"loc":{"start":{"line":82,"column":4},"end":{"line":84,"column":5}},"type":"if","locations":[{"start":{"line":82,"column":4},"end":{"line":84,"column":5}},{"start":{},"end":{}}],"line":82},"9":{"loc":{"start":{"line":87,"column":4},"end":{"line":89,"column":5}},"type":"if","locations":[{"start":{"line":87,"column":4},"end":{"line":89,"column":5}},{"start":{},"end":{}}],"line":87},"10":{"loc":{"start":{"line":114,"column":2},"end":{"line":116,"column":3}},"type":"if","locations":[{"start":{"line":114,"column":2},"end":{"line":116,"column":3}},{"start":{},"end":{}}],"line":114},"11":{"loc":{"start":{"line":114,"column":6},"end":{"line":114,"column":43}},"type":"binary-expr","locations":[{"start":{"line":114,"column":6},"end":{"line":114,"column":15}},{"start":{"line":114,"column":19},"end":{"line":114,"column":43}}],"line":114},"12":{"loc":{"start":{"line":120,"column":4},"end":{"line":122,"column":5}},"type":"if","locations":[{"start":{"line":120,"column":4},"end":{"line":122,"column":5}},{"start":{},"end":{}}],"line":120}},"s":{"0":9,"1":9,"2":9,"3":9,"4":5,"5":5,"6":5,"7":4,"8":2,"9":2,"10":1,"11":9,"12":11,"13":11,"14":1,"15":10,"16":10,"17":9,"18":1,"19":8,"20":8,"21":2,"22":6,"23":6,"24":2,"25":4,"26":4,"27":3,"28":3,"29":3,"30":3,"31":2,"32":2,"33":9,"34":7,"35":7,"36":2,"37":5,"38":5,"39":5,"40":1,"41":4,"42":4,"43":1,"44":3,"45":3,"46":2,"47":2,"48":2,"49":2,"50":2,"51":2,"52":1,"53":1,"54":9,"55":4,"56":4,"57":1,"58":3,"59":3,"60":3,"61":1,"62":2,"63":2,"64":1,"65":1,"66":1,"67":1},"f":{"0":5,"1":11,"2":7,"3":4},"b":{"0":[2,2],"1":[1,10],"2":[11,10],"3":[1,8],"4":[2,6],"5":[2,4],"6":[2,5],"7":[7,6],"8":[1,4],"9":[1,3],"10":[1,3],"11":[4,3],"12":[1,2]},"_coverageSchema":"1a1c01bbd47fc00a2c39e90264f33305004495a9","hash":"64901f133c4dfc09b050f112c9f9b1649ee17998"}
,"C:\\Users\\mendo\\OneDrive - University of Manitoba\\Desktop\\comp 4350\\Full-Stack-Flush\\server\\Controllers\\BetController.js": {"path":"C:\\Users\\mendo\\OneDrive - University of Manitoba\\Desktop\\comp 4350\\Full-Stack-Flush\\server\\Controllers\\BetController.js","statementMap":{"0":{"start":{"line":1,"column":13},"end":{"line":1,"column":43}},"1":{"start":{"line":9,"column":0},"end":{"line":43,"column":2}},"2":{"start":{"line":10,"column":32},"end":{"line":10,"column":40}},"3":{"start":{"line":11,"column":15},"end":{"line":11,"column":17}},"4":{"start":{"line":12,"column":4},"end":{"line":12,"column":26}},"5":{"start":{"line":13,"column":4},"end":{"line":42,"column":5}},"6":{"start":{"line":14,"column":21},"end":{"line":14,"column":53}},"7":{"start":{"line":15,"column":8},"end":{"line":17,"column":9}},"8":{"start":{"line":16,"column":12},"end":{"line":16,"column":71}},"9":{"start":{"line":18,"column":8},"end":{"line":20,"column":9}},"10":{"start":{"line":19,"column":12},"end":{"line":19,"column":77}},"11":{"start":{"line":24,"column":8},"end":{"line":24,"column":38}},"12":{"start":{"line":25,"column":8},"end":{"line":25,"column":37}},"13":{"start":{"line":26,"column":8},"end":{"line":26,"column":26}},"14":{"start":{"line":28,"column":8},"end":{"line":36,"column":9}},"15":{"start":{"line":29,"column":34},"end":{"line":29,"column":54}},"16":{"start":{"line":30,"column":41},"end":{"line":30,"column":96}},"17":{"start":{"line":31,"column":12},"end":{"line":31,"column":60}},"18":{"start":{"line":32,"column":12},"end":{"line":32,"column":73}},"19":{"start":{"line":33,"column":12},"end":{"line":35,"column":13}},"20":{"start":{"line":34,"column":16},"end":{"line":34,"column":77}},"21":{"start":{"line":37,"column":8},"end":{"line":37,"column":69}},"22":{"start":{"line":40,"column":8},"end":{"line":40,"column":58}},"23":{"start":{"line":41,"column":8},"end":{"line":41,"column":27}}},"fnMap":{"0":{"name":"(anonymous_0)","decl":{"start":{"line":9,"column":21},"end":{"line":9,"column":22}},"loc":{"start":{"line":9,"column":41},"end":{"line":43,"column":1}},"line":9}},"branchMap":{"0":{"loc":{"start":{"line":15,"column":8},"end":{"line":17,"column":9}},"type":"if","locations":[{"start":{"line":15,"column":8},"end":{"line":17,"column":9}},{"start":{},"end":{}}],"line":15},"1":{"loc":{"start":{"line":18,"column":8},"end":{"line":20,"column":9}},"type":"if","locations":[{"start":{"line":18,"column":8},"end":{"line":20,"column":9}},{"start":{},"end":{}}],"line":18},"2":{"loc":{"start":{"line":28,"column":8},"end":{"line":36,"column":9}},"type":"if","locations":[{"start":{"line":28,"column":8},"end":{"line":36,"column":9}},{"start":{},"end":{}}],"line":28},"3":{"loc":{"start":{"line":30,"column":41},"end":{"line":30,"column":96}},"type":"binary-expr","locations":[{"start":{"line":30,"column":42},"end":{"line":30,"column":90}},{"start":{"line":30,"column":95},"end":{"line":30,"column":96}}],"line":30},"4":{"loc":{"start":{"line":33,"column":12},"end":{"line":35,"column":13}},"type":"if","locations":[{"start":{"line":33,"column":12},"end":{"line":35,"column":13}},{"start":{},"end":{}}],"line":33}},"s":{"0":8,"1":8,"2":0,"3":0,"4":0,"5":0,"6":0,"7":0,"8":0,"9":0,"10":0,"11":0,"12":0,"13":0,"14":0,"15":0,"16":0,"17":0,"18":0,"19":0,"20":0,"21":0,"22":0,"23":0},"f":{"0":0},"b":{"0":[0,0],"1":[0,0],"2":[0,0],"3":[0,0],"4":[0,0]},"_coverageSchema":"1a1c01bbd47fc00a2c39e90264f33305004495a9","hash":"104a0cff0d8265b1f3bdcd772f498b522ef205cc"}
,"C:\\Users\\mendo\\OneDrive - University of Manitoba\\Desktop\\comp 4350\\Full-Stack-Flush\\server\\Controllers\\HistoryController.js": {"path":"C:\\Users\\mendo\\OneDrive - University of Manitoba\\Desktop\\comp 4350\\Full-Stack-Flush\\server\\Controllers\\HistoryController.js","statementMap":{"0":{"start":{"line":1,"column":13},"end":{"line":1,"column":43}},"1":{"start":{"line":2,"column":16},"end":{"line":2,"column":44}},"2":{"start":{"line":8,"column":0},"end":{"line":25,"column":2}},"3":{"start":{"line":9,"column":4},"end":{"line":24,"column":5}},"4":{"start":{"line":10,"column":29},"end":{"line":10,"column":38}},"5":{"start":{"line":12,"column":8},"end":{"line":14,"column":9}},"6":{"start":{"line":13,"column":12},"end":{"line":13,"column":77}},"7":{"start":{"line":16,"column":28},"end":{"line":16,"column":60}},"8":{"start":{"line":17,"column":8},"end":{"line":19,"column":9}},"9":{"start":{"line":18,"column":12},"end":{"line":18,"column":86}},"10":{"start":{"line":21,"column":8},"end":{"line":21,"column":42}},"11":{"start":{"line":23,"column":8},"end":{"line":23,"column":58}},"12":{"start":{"line":32,"column":0},"end":{"line":61,"column":2}},"13":{"start":{"line":33,"column":4},"end":{"line":60,"column":5}},"14":{"start":{"line":34,"column":53},"end":{"line":34,"column":61}},"15":{"start":{"line":36,"column":8},"end":{"line":38,"column":9}},"16":{"start":{"line":37,"column":12},"end":{"line":37,"column":81}},"17":{"start":{"line":40,"column":29},"end":{"line":40,"column":61}},"18":{"start":{"line":41,"column":8},"end":{"line":43,"column":9}},"19":{"start":{"line":42,"column":12},"end":{"line":42,"column":75}},"20":{"start":{"line":45,"column":8},"end":{"line":47,"column":9}},"21":{"start":{"line":46,"column":12},"end":{"line":46,"column":74}},"22":{"start":{"line":49,"column":28},"end":{"line":54,"column":10}},"23":{"start":{"line":56,"column":8},"end":{"line":56,"column":68}},"24":{"start":{"line":58,"column":8},"end":{"line":58,"column":27}},"25":{"start":{"line":59,"column":8},"end":{"line":59,"column":58}}},"fnMap":{"0":{"name":"(anonymous_0)","decl":{"start":{"line":8,"column":28},"end":{"line":8,"column":29}},"loc":{"start":{"line":8,"column":54},"end":{"line":25,"column":1}},"line":8},"1":{"name":"(anonymous_1)","decl":{"start":{"line":32,"column":29},"end":{"line":32,"column":30}},"loc":{"start":{"line":32,"column":55},"end":{"line":61,"column":1}},"line":32}},"branchMap":{"0":{"loc":{"start":{"line":12,"column":8},"end":{"line":14,"column":9}},"type":"if","locations":[{"start":{"line":12,"column":8},"end":{"line":14,"column":9}},{"start":{},"end":{}}],"line":12},"1":{"loc":{"start":{"line":17,"column":8},"end":{"line":19,"column":9}},"type":"if","locations":[{"start":{"line":17,"column":8},"end":{"line":19,"column":9}},{"start":{},"end":{}}],"line":17},"2":{"loc":{"start":{"line":36,"column":8},"end":{"line":38,"column":9}},"type":"if","locations":[{"start":{"line":36,"column":8},"end":{"line":38,"column":9}},{"start":{},"end":{}}],"line":36},"3":{"loc":{"start":{"line":36,"column":12},"end":{"line":36,"column":85}},"type":"binary-expr","locations":[{"start":{"line":36,"column":12},"end":{"line":36,"column":34}},{"start":{"line":36,"column":38},"end":{"line":36,"column":63}},{"start":{"line":36,"column":67},"end":{"line":36,"column":85}}],"line":36},"4":{"loc":{"start":{"line":41,"column":8},"end":{"line":43,"column":9}},"type":"if","locations":[{"start":{"line":41,"column":8},"end":{"line":43,"column":9}},{"start":{},"end":{}}],"line":41},"5":{"loc":{"start":{"line":45,"column":8},"end":{"line":47,"column":9}},"type":"if","locations":[{"start":{"line":45,"column":8},"end":{"line":47,"column":9}},{"start":{},"end":{}}],"line":45},"6":{"loc":{"start":{"line":45,"column":12},"end":{"line":45,"column":74}},"type":"binary-expr","locations":[{"start":{"line":45,"column":12},"end":{"line":45,"column":30}},{"start":{"line":45,"column":34},"end":{"line":45,"column":54}},{"start":{"line":45,"column":58},"end":{"line":45,"column":74}}],"line":45}},"s":{"0":8,"1":8,"2":8,"3":0,"4":0,"5":0,"6":0,"7":0,"8":0,"9":0,"10":0,"11":0,"12":8,"13":0,"14":0,"15":0,"16":0,"17":0,"18":0,"19":0,"20":0,"21":0,"22":0,"23":0,"24":0,"25":0},"f":{"0":0,"1":0},"b":{"0":[0,0],"1":[0,0],"2":[0,0],"3":[0,0,0],"4":[0,0],"5":[0,0],"6":[0,0,0]},"_coverageSchema":"1a1c01bbd47fc00a2c39e90264f33305004495a9","hash":"18f7845e766dfbb7fba5769e84608ae49c102e64"}
,"C:\\Users\\mendo\\OneDrive - University of Manitoba\\Desktop\\comp 4350\\Full-Stack-Flush\\server\\Controllers\\LeaderboardController.js": {"path":"C:\\Users\\mendo\\OneDrive - University of Manitoba\\Desktop\\comp 4350\\Full-Stack-Flush\\server\\Controllers\\LeaderboardController.js","statementMap":{"0":{"start":{"line":1,"column":13},"end":{"line":1,"column":43}},"1":{"start":{"line":7,"column":0},"end":{"line":30,"column":2}},"2":{"start":{"line":8,"column":4},"end":{"line":29,"column":5}},"3":{"start":{"line":9,"column":63},"end":{"line":9,"column":72}},"4":{"start":{"line":11,"column":27},"end":{"line":11,"column":100}},"5":{"start":{"line":13,"column":8},"end":{"line":15,"column":9}},"6":{"start":{"line":14,"column":12},"end":{"line":14,"column":75}},"7":{"start":{"line":17,"column":29},"end":{"line":17,"column":64}},"8":{"start":{"line":19,"column":22},"end":{"line":19,"column":53}},"9":{"start":{"line":21,"column":8},"end":{"line":21,"column":54}},"10":{"start":{"line":22,"column":8},"end":{"line":22,"column":64}},"11":{"start":{"line":23,"column":8},"end":{"line":23,"column":73}},"12":{"start":{"line":25,"column":8},"end":{"line":25,"column":38}},"13":{"start":{"line":28,"column":8},"end":{"line":28,"column":87}},"14":{"start":{"line":35,"column":0},"end":{"line":46,"column":2}},"15":{"start":{"line":36,"column":25},"end":{"line":36,"column":27}},"16":{"start":{"line":38,"column":4},"end":{"line":43,"column":5}},"17":{"start":{"line":39,"column":8},"end":{"line":39,"column":51}},"18":{"start":{"line":41,"column":9},"end":{"line":43,"column":5}},"19":{"start":{"line":42,"column":8},"end":{"line":42,"column":54}},"20":{"start":{"line":45,"column":4},"end":{"line":45,"column":26}},"21":{"start":{"line":51,"column":0},"end":{"line":58,"column":2}},"22":{"start":{"line":52,"column":4},"end":{"line":57,"column":8}},"23":{"start":{"line":52,"column":30},"end":{"line":57,"column":5}},"24":{"start":{"line":63,"column":0},"end":{"line":75,"column":2}},"25":{"start":{"line":64,"column":4},"end":{"line":74,"column":7}},"26":{"start":{"line":65,"column":8},"end":{"line":69,"column":9}},"27":{"start":{"line":66,"column":12},"end":{"line":68,"column":87}},"28":{"start":{"line":71,"column":8},"end":{"line":73,"column":40}}},"fnMap":{"0":{"name":"(anonymous_0)","decl":{"start":{"line":7,"column":32},"end":{"line":7,"column":33}},"loc":{"start":{"line":7,"column":51},"end":{"line":30,"column":1}},"line":7},"1":{"name":"(anonymous_1)","decl":{"start":{"line":35,"column":30},"end":{"line":35,"column":31}},"loc":{"start":{"line":35,"column":42},"end":{"line":46,"column":1}},"line":35},"2":{"name":"(anonymous_2)","decl":{"start":{"line":51,"column":39},"end":{"line":51,"column":40}},"loc":{"start":{"line":51,"column":50},"end":{"line":58,"column":1}},"line":51},"3":{"name":"(anonymous_3)","decl":{"start":{"line":52,"column":21},"end":{"line":52,"column":22}},"loc":{"start":{"line":52,"column":30},"end":{"line":57,"column":5}},"line":52},"4":{"name":"(anonymous_4)","decl":{"start":{"line":63,"column":33},"end":{"line":63,"column":34}},"loc":{"start":{"line":63,"column":59},"end":{"line":75,"column":1}},"line":63},"5":{"name":"(anonymous_5)","decl":{"start":{"line":64,"column":22},"end":{"line":64,"column":23}},"loc":{"start":{"line":64,"column":40},"end":{"line":74,"column":5}},"line":64}},"branchMap":{"0":{"loc":{"start":{"line":9,"column":15},"end":{"line":9,"column":30}},"type":"default-arg","locations":[{"start":{"line":9,"column":24},"end":{"line":9,"column":30}}],"line":9},"1":{"loc":{"start":{"line":9,"column":32},"end":{"line":9,"column":46}},"type":"default-arg","locations":[{"start":{"line":9,"column":40},"end":{"line":9,"column":46}}],"line":9},"2":{"loc":{"start":{"line":9,"column":48},"end":{"line":9,"column":59}},"type":"default-arg","locations":[{"start":{"line":9,"column":57},"end":{"line":9,"column":59}}],"line":9},"3":{"loc":{"start":{"line":13,"column":8},"end":{"line":15,"column":9}},"type":"if","locations":[{"start":{"line":13,"column":8},"end":{"line":15,"column":9}},{"start":{},"end":{}}],"line":13},"4":{"loc":{"start":{"line":38,"column":4},"end":{"line":43,"column":5}},"type":"if","locations":[{"start":{"line":38,"column":4},"end":{"line":43,"column":5}},{"start":{"line":41,"column":9},"end":{"line":43,"column":5}}],"line":38},"5":{"loc":{"start":{"line":41,"column":9},"end":{"line":43,"column":5}},"type":"if","locations":[{"start":{"line":41,"column":9},"end":{"line":43,"column":5}},{"start":{},"end":{}}],"line":41},"6":{"loc":{"start":{"line":54,"column":22},"end":{"line":56,"column":19}},"type":"cond-expr","locations":[{"start":{"line":55,"column":10},"end":{"line":55,"column":44}},{"start":{"line":56,"column":10},"end":{"line":56,"column":19}}],"line":54},"7":{"loc":{"start":{"line":65,"column":8},"end":{"line":69,"column":9}},"type":"if","locations":[{"start":{"line":65,"column":8},"end":{"line":69,"column":9}},{"start":{},"end":{}}],"line":65},"8":{"loc":{"start":{"line":66,"column":19},"end":{"line":68,"column":86}},"type":"cond-expr","locations":[{"start":{"line":67,"column":14},"end":{"line":67,"column":86}},{"start":{"line":68,"column":14},"end":{"line":68,"column":86}}],"line":66},"9":{"loc":{"start":{"line":71,"column":15},"end":{"line":73,"column":39}},"type":"cond-expr","locations":[{"start":{"line":72,"column":10},"end":{"line":72,"column":39}},{"start":{"line":73,"column":10},"end":{"line":73,"column":39}}],"line":71}},"s":{"0":9,"1":9,"2":9,"3":9,"4":9,"5":9,"6":2,"7":7,"8":7,"9":5,"10":5,"11":5,"12":5,"13":2,"14":9,"15":10,"16":10,"17":2,"18":8,"19":1,"20":10,"21":9,"22":7,"23":17,"24":9,"25":13,"26":36,"27":4,"28":32},"f":{"0":9,"1":10,"2":7,"3":17,"4":13,"5":36},"b":{"0":[2],"1":[2],"2":[8],"3":[2,7],"4":[2,8],"5":[1,7],"6":[15,2],"7":[4,32],"8":[2,2],"9":[12,20]},"_coverageSchema":"1a1c01bbd47fc00a2c39e90264f33305004495a9","hash":"4804272aa4aca1456506ec71082b416b9c1a644f"}
,"C:\\Users\\mendo\\OneDrive - University of Manitoba\\Desktop\\comp 4350\\Full-Stack-Flush\\server\\Controllers\\PokerController.js": {"path":"C:\\Users\\mendo\\OneDrive - University of Manitoba\\Desktop\\comp 4350\\Full-Stack-Flush\\server\\Controllers\\PokerController.js","statementMap":{"0":{"start":{"line":1,"column":18},"end":{"line":1,"column":48}},"1":{"start":{"line":3,"column":18},"end":{"line":3,"column":20}},"2":{"start":{"line":8,"column":0},"end":{"line":26,"column":2}},"3":{"start":{"line":9,"column":27},"end":{"line":9,"column":35}},"4":{"start":{"line":10,"column":19},"end":{"line":10,"column":29}},"5":{"start":{"line":11,"column":20},"end":{"line":11,"column":53}},"6":{"start":{"line":12,"column":4},"end":{"line":12,"column":24}},"7":{"start":{"line":14,"column":4},"end":{"line":14,"column":24}},"8":{"start":{"line":15,"column":4},"end":{"line":15,"column":34}},"9":{"start":{"line":17,"column":4},"end":{"line":25,"column":7}},"10":{"start":{"line":31,"column":0},"end":{"line":42,"column":2}},"11":{"start":{"line":32,"column":30},"end":{"line":32,"column":39}},"12":{"start":{"line":34,"column":4},"end":{"line":36,"column":5}},"13":{"start":{"line":35,"column":8},"end":{"line":35,"column":67}},"14":{"start":{"line":38,"column":17},"end":{"line":38,"column":36}},"15":{"start":{"line":39,"column":21},"end":{"line":39,"column":46}},"16":{"start":{"line":41,"column":4},"end":{"line":41,"column":27}},"17":{"start":{"line":47,"column":0},"end":{"line":58,"column":2}},"18":{"start":{"line":48,"column":38},"end":{"line":48,"column":46}},"19":{"start":{"line":50,"column":4},"end":{"line":52,"column":5}},"20":{"start":{"line":51,"column":8},"end":{"line":51,"column":67}},"21":{"start":{"line":54,"column":17},"end":{"line":54,"column":36}},"22":{"start":{"line":55,"column":18},"end":{"line":55,"column":47}},"23":{"start":{"line":57,"column":4},"end":{"line":57,"column":162}},"24":{"start":{"line":64,"column":0},"end":{"line":100,"column":2}},"25":{"start":{"line":65,"column":31},"end":{"line":65,"column":39}},"26":{"start":{"line":67,"column":4},"end":{"line":69,"column":5}},"27":{"start":{"line":68,"column":8},"end":{"line":68,"column":101}},"28":{"start":{"line":71,"column":22},"end":{"line":85,"column":5}},"29":{"start":{"line":88,"column":23},"end":{"line":97,"column":6}},"30":{"start":{"line":89,"column":8},"end":{"line":95,"column":9}},"31":{"start":{"line":90,"column":12},"end":{"line":90,"column":57}},"32":{"start":{"line":91,"column":15},"end":{"line":95,"column":9}},"33":{"start":{"line":92,"column":12},"end":{"line":92,"column":42}},"34":{"start":{"line":92,"column":33},"end":{"line":92,"column":42}},"35":{"start":{"line":93,"column":12},"end":{"line":93,"column":43}},"36":{"start":{"line":93,"column":33},"end":{"line":93,"column":43}},"37":{"start":{"line":94,"column":12},"end":{"line":94,"column":21}},"38":{"start":{"line":96,"column":8},"end":{"line":96,"column":17}},"39":{"start":{"line":99,"column":4},"end":{"line":99,"column":41}}},"fnMap":{"0":{"name":"(anonymous_0)","decl":{"start":{"line":8,"column":28},"end":{"line":8,"column":29}},"loc":{"start":{"line":8,"column":42},"end":{"line":26,"column":1}},"line":8},"1":{"name":"(anonymous_1)","decl":{"start":{"line":31,"column":27},"end":{"line":31,"column":28}},"loc":{"start":{"line":31,"column":41},"end":{"line":42,"column":1}},"line":31},"2":{"name":"(anonymous_2)","decl":{"start":{"line":47,"column":27},"end":{"line":47,"column":28}},"loc":{"start":{"line":47,"column":41},"end":{"line":58,"column":1}},"line":47},"3":{"name":"(anonymous_3)","decl":{"start":{"line":64,"column":26},"end":{"line":64,"column":27}},"loc":{"start":{"line":64,"column":40},"end":{"line":100,"column":1}},"line":64},"4":{"name":"(anonymous_4)","decl":{"start":{"line":88,"column":38},"end":{"line":88,"column":39}},"loc":{"start":{"line":88,"column":48},"end":{"line":97,"column":5}},"line":88}},"branchMap":{"0":{"loc":{"start":{"line":34,"column":4},"end":{"line":36,"column":5}},"type":"if","locations":[{"start":{"line":34,"column":4},"end":{"line":36,"column":5}},{"start":{},"end":{}}],"line":34},"1":{"loc":{"start":{"line":50,"column":4},"end":{"line":52,"column":5}},"type":"if","locations":[{"start":{"line":50,"column":4},"end":{"line":52,"column":5}},{"start":{},"end":{}}],"line":50},"2":{"loc":{"start":{"line":67,"column":4},"end":{"line":69,"column":5}},"type":"if","locations":[{"start":{"line":67,"column":4},"end":{"line":69,"column":5}},{"start":{},"end":{}}],"line":67},"3":{"loc":{"start":{"line":67,"column":8},"end":{"line":67,"column":26}},"type":"binary-expr","locations":[{"start":{"line":67,"column":8},"end":{"line":67,"column":13}},{"start":{"line":67,"column":17},"end":{"line":67,"column":26}}],"line":67},"4":{"loc":{"start":{"line":89,"column":8},"end":{"line":95,"column":9}},"type":"if","locations":[{"start":{"line":89,"column":8},"end":{"line":95,"column":9}},{"start":{"line":91,"column":15},"end":{"line":95,"column":9}}],"line":89},"5":{"loc":{"start":{"line":91,"column":15},"end":{"line":95,"column":9}},"type":"if","locations":[{"start":{"line":91,"column":15},"end":{"line":95,"column":9}},{"start":{},"end":{}}],"line":91},"6":{"loc":{"start":{"line":92,"column":12},"end":{"line":92,"column":42}},"type":"if","locations":[{"start":{"line":92,"column":12},"end":{"line":92,"column":42}},{"start":{},"end":{}}],"line":92},"7":{"loc":{"start":{"line":93,"column":12},"end":{"line":93,"column":43}},"type":"if","locations":[{"start":{"line":93,"column":12},"end":{"line":93,"column":43}},{"start":{},"end":{}}],"line":93}},"s":{"0":8,"1":8,"2":8,"3":1,"4":1,"5":1,"6":1,"7":1,"8":1,"9":1,"10":8,"11":1,"12":1,"13":0,"14":1,"15":1,"16":1,"17":8,"18":1,"19":1,"20":0,"21":1,"22":1,"23":1,"24":8,"25":1,"26":1,"27":0,"28":1,"29":1,"30":2,"31":2,"32":0,"33":0,"34":0,"35":0,"36":0,"37":0,"38":0,"39":1},"f":{"0":1,"1":1,"2":1,"3":1,"4":2},"b":{"0":[0,1],"1":[0,1],"2":[0,1],"3":[1,1],"4":[2,0],"5":[0,0],"6":[0,0],"7":[0,0]},"_coverageSchema":"1a1c01bbd47fc00a2c39e90264f33305004495a9","hash":"c57e323ab6616b19a8c3c0848ae83a6b44d05d60"}
,"C:\\Users\\mendo\\OneDrive - University of Manitoba\\Desktop\\comp 4350\\Full-Stack-Flush\\server\\Controllers\\ProfileController.js": {"path":"C:\\Users\\mendo\\OneDrive - University of Manitoba\\Desktop\\comp 4350\\Full-Stack-Flush\\server\\Controllers\\ProfileController.js","statementMap":{"0":{"start":{"line":1,"column":13},"end":{"line":1,"column":43}},"1":{"start":{"line":7,"column":27},"end":{"line":17,"column":1}},"2":{"start":{"line":8,"column":2},"end":{"line":16,"column":3}},"3":{"start":{"line":9,"column":17},"end":{"line":9,"column":49}},"4":{"start":{"line":10,"column":4},"end":{"line":12,"column":5}},"5":{"start":{"line":11,"column":6},"end":{"line":11,"column":54}},"6":{"start":{"line":13,"column":4},"end":{"line":13,"column":20}},"7":{"start":{"line":15,"column":4},"end":{"line":15,"column":50}},"8":{"start":{"line":22,"column":0},"end":{"line":29,"column":2}},"9":{"start":{"line":23,"column":23},"end":{"line":23,"column":32}},"10":{"start":{"line":24,"column":34},"end":{"line":24,"column":68}},"11":{"start":{"line":25,"column":2},"end":{"line":27,"column":3}},"12":{"start":{"line":26,"column":4},"end":{"line":26,"column":55}},"13":{"start":{"line":28,"column":2},"end":{"line":28,"column":134}},"14":{"start":{"line":34,"column":0},"end":{"line":41,"column":1}},"15":{"start":{"line":35,"column":23},"end":{"line":35,"column":32}},"16":{"start":{"line":36,"column":34},"end":{"line":36,"column":68}},"17":{"start":{"line":37,"column":2},"end":{"line":39,"column":3}},"18":{"start":{"line":38,"column":4},"end":{"line":38,"column":55}},"19":{"start":{"line":40,"column":2},"end":{"line":40,"column":50}},"20":{"start":{"line":46,"column":0},"end":{"line":60,"column":2}},"21":{"start":{"line":47,"column":34},"end":{"line":47,"column":42}},"22":{"start":{"line":48,"column":2},"end":{"line":59,"column":3}},"23":{"start":{"line":49,"column":36},"end":{"line":49,"column":70}},"24":{"start":{"line":50,"column":4},"end":{"line":52,"column":5}},"25":{"start":{"line":51,"column":6},"end":{"line":51,"column":73}},"26":{"start":{"line":53,"column":4},"end":{"line":53,"column":42}},"27":{"start":{"line":54,"column":4},"end":{"line":54,"column":71}},"28":{"start":{"line":55,"column":9},"end":{"line":59,"column":3}},"29":{"start":{"line":56,"column":4},"end":{"line":56,"column":75}},"30":{"start":{"line":58,"column":4},"end":{"line":58,"column":83}},"31":{"start":{"line":66,"column":0},"end":{"line":73,"column":2}},"32":{"start":{"line":67,"column":23},"end":{"line":67,"column":32}},"33":{"start":{"line":68,"column":34},"end":{"line":68,"column":68}},"34":{"start":{"line":69,"column":2},"end":{"line":71,"column":3}},"35":{"start":{"line":70,"column":4},"end":{"line":70,"column":55}},"36":{"start":{"line":72,"column":2},"end":{"line":72,"column":54}},"37":{"start":{"line":80,"column":0},"end":{"line":92,"column":2}},"38":{"start":{"line":81,"column":23},"end":{"line":81,"column":31}},"39":{"start":{"line":82,"column":34},"end":{"line":82,"column":68}},"40":{"start":{"line":83,"column":2},"end":{"line":85,"column":3}},"41":{"start":{"line":84,"column":4},"end":{"line":84,"column":71}},"42":{"start":{"line":86,"column":2},"end":{"line":86,"column":19}},"43":{"start":{"line":87,"column":2},"end":{"line":87,"column":26}},"44":{"start":{"line":88,"column":2},"end":{"line":88,"column":30}},"45":{"start":{"line":89,"column":2},"end":{"line":89,"column":27}},"46":{"start":{"line":90,"column":2},"end":{"line":90,"column":20}},"47":{"start":{"line":91,"column":2},"end":{"line":91,"column":73}},"48":{"start":{"line":98,"column":1},"end":{"line":105,"column":2}},"49":{"start":{"line":99,"column":23},"end":{"line":99,"column":32}},"50":{"start":{"line":100,"column":34},"end":{"line":100,"column":68}},"51":{"start":{"line":101,"column":2},"end":{"line":103,"column":3}},"52":{"start":{"line":102,"column":4},"end":{"line":102,"column":71}},"53":{"start":{"line":104,"column":2},"end":{"line":104,"column":71}},"54":{"start":{"line":110,"column":0},"end":{"line":117,"column":2}},"55":{"start":{"line":111,"column":23},"end":{"line":111,"column":32}},"56":{"start":{"line":112,"column":34},"end":{"line":112,"column":68}},"57":{"start":{"line":113,"column":2},"end":{"line":115,"column":3}},"58":{"start":{"line":114,"column":4},"end":{"line":114,"column":71}},"59":{"start":{"line":116,"column":2},"end":{"line":116,"column":188}},"60":{"start":{"line":122,"column":0},"end":{"line":129,"column":2}},"61":{"start":{"line":123,"column":23},"end":{"line":123,"column":32}},"62":{"start":{"line":124,"column":34},"end":{"line":124,"column":68}},"63":{"start":{"line":125,"column":2},"end":{"line":127,"column":3}},"64":{"start":{"line":126,"column":4},"end":{"line":126,"column":71}},"65":{"start":{"line":128,"column":2},"end":{"line":128,"column":136}},"66":{"start":{"line":135,"column":0},"end":{"line":149,"column":2}},"67":{"start":{"line":136,"column":34},"end":{"line":136,"column":42}},"68":{"start":{"line":137,"column":2},"end":{"line":148,"column":3}},"69":{"start":{"line":138,"column":36},"end":{"line":138,"column":70}},"70":{"start":{"line":139,"column":4},"end":{"line":141,"column":5}},"71":{"start":{"line":140,"column":6},"end":{"line":140,"column":73}},"72":{"start":{"line":142,"column":4},"end":{"line":142,"column":31}},"73":{"start":{"line":143,"column":4},"end":{"line":143,"column":35}},"74":{"start":{"line":144,"column":4},"end":{"line":144,"column":22}},"75":{"start":{"line":145,"column":4},"end":{"line":145,"column":75}},"76":{"start":{"line":147,"column":4},"end":{"line":147,"column":83}},"77":{"start":{"line":155,"column":0},"end":{"line":169,"column":2}},"78":{"start":{"line":156,"column":35},"end":{"line":156,"column":43}},"79":{"start":{"line":157,"column":2},"end":{"line":168,"column":3}},"80":{"start":{"line":158,"column":36},"end":{"line":158,"column":70}},"81":{"start":{"line":159,"column":4},"end":{"line":161,"column":5}},"82":{"start":{"line":160,"column":6},"end":{"line":160,"column":73}},"83":{"start":{"line":162,"column":4},"end":{"line":162,"column":33}},"84":{"start":{"line":163,"column":4},"end":{"line":163,"column":36}},"85":{"start":{"line":164,"column":4},"end":{"line":164,"column":22}},"86":{"start":{"line":165,"column":4},"end":{"line":165,"column":76}},"87":{"start":{"line":167,"column":4},"end":{"line":167,"column":84}}},"fnMap":{"0":{"name":"(anonymous_0)","decl":{"start":{"line":7,"column":27},"end":{"line":7,"column":28}},"loc":{"start":{"line":7,"column":47},"end":{"line":17,"column":1}},"line":7},"1":{"name":"(anonymous_1)","decl":{"start":{"line":22,"column":29},"end":{"line":22,"column":30}},"loc":{"start":{"line":22,"column":49},"end":{"line":29,"column":1}},"line":22},"2":{"name":"(anonymous_2)","decl":{"start":{"line":34,"column":28},"end":{"line":34,"column":29}},"loc":{"start":{"line":34,"column":48},"end":{"line":41,"column":1}},"line":34},"3":{"name":"(anonymous_3)","decl":{"start":{"line":46,"column":30},"end":{"line":46,"column":31}},"loc":{"start":{"line":46,"column":50},"end":{"line":60,"column":1}},"line":46},"4":{"name":"(anonymous_4)","decl":{"start":{"line":66,"column":30},"end":{"line":66,"column":31}},"loc":{"start":{"line":66,"column":50},"end":{"line":73,"column":1}},"line":66},"5":{"name":"(anonymous_5)","decl":{"start":{"line":80,"column":34},"end":{"line":80,"column":35}},"loc":{"start":{"line":80,"column":54},"end":{"line":92,"column":1}},"line":80},"6":{"name":"(anonymous_6)","decl":{"start":{"line":98,"column":32},"end":{"line":98,"column":33}},"loc":{"start":{"line":98,"column":52},"end":{"line":105,"column":1}},"line":98},"7":{"name":"(anonymous_7)","decl":{"start":{"line":110,"column":27},"end":{"line":110,"column":28}},"loc":{"start":{"line":110,"column":47},"end":{"line":117,"column":1}},"line":110},"8":{"name":"(anonymous_8)","decl":{"start":{"line":122,"column":26},"end":{"line":122,"column":27}},"loc":{"start":{"line":122,"column":46},"end":{"line":129,"column":1}},"line":122},"9":{"name":"(anonymous_9)","decl":{"start":{"line":135,"column":30},"end":{"line":135,"column":31}},"loc":{"start":{"line":135,"column":50},"end":{"line":149,"column":1}},"line":135},"10":{"name":"(anonymous_10)","decl":{"start":{"line":155,"column":31},"end":{"line":155,"column":32}},"loc":{"start":{"line":155,"column":51},"end":{"line":169,"column":1}},"line":155}},"branchMap":{"0":{"loc":{"start":{"line":10,"column":4},"end":{"line":12,"column":5}},"type":"if","locations":[{"start":{"line":10,"column":4},"end":{"line":12,"column":5}},{"start":{},"end":{}}],"line":10},"1":{"loc":{"start":{"line":25,"column":2},"end":{"line":27,"column":3}},"type":"if","locations":[{"start":{"line":25,"column":2},"end":{"line":27,"column":3}},{"start":{},"end":{}}],"line":25},"2":{"loc":{"start":{"line":37,"column":2},"end":{"line":39,"column":3}},"type":"if","locations":[{"start":{"line":37,"column":2},"end":{"line":39,"column":3}},{"start":{},"end":{}}],"line":37},"3":{"loc":{"start":{"line":48,"column":2},"end":{"line":59,"column":3}},"type":"if","locations":[{"start":{"line":48,"column":2},"end":{"line":59,"column":3}},{"start":{"line":55,"column":9},"end":{"line":59,"column":3}}],"line":48},"4":{"loc":{"start":{"line":48,"column":6},"end":{"line":48,"column":45}},"type":"binary-expr","locations":[{"start":{"line":48,"column":6},"end":{"line":48,"column":28}},{"start":{"line":48,"column":32},"end":{"line":48,"column":45}}],"line":48},"5":{"loc":{"start":{"line":50,"column":4},"end":{"line":52,"column":5}},"type":"if","locations":[{"start":{"line":50,"column":4},"end":{"line":52,"column":5}},{"start":{},"end":{}}],"line":50},"6":{"loc":{"start":{"line":55,"column":9},"end":{"line":59,"column":3}},"type":"if","locations":[{"start":{"line":55,"column":9},"end":{"line":59,"column":3}},{"start":{"line":57,"column":9},"end":{"line":59,"column":3}}],"line":55},"7":{"loc":{"start":{"line":69,"column":2},"end":{"line":71,"column":3}},"type":"if","locations":[{"start":{"line":69,"column":2},"end":{"line":71,"column":3}},{"start":{},"end":{}}],"line":69},"8":{"loc":{"start":{"line":83,"column":2},"end":{"line":85,"column":3}},"type":"if","locations":[{"start":{"line":83,"column":2},"end":{"line":85,"column":3}},{"start":{},"end":{}}],"line":83},"9":{"loc":{"start":{"line":101,"column":2},"end":{"line":103,"column":3}},"type":"if","locations":[{"start":{"line":101,"column":2},"end":{"line":103,"column":3}},{"start":{},"end":{}}],"line":101},"10":{"loc":{"start":{"line":113,"column":2},"end":{"line":115,"column":3}},"type":"if","locations":[{"start":{"line":113,"column":2},"end":{"line":115,"column":3}},{"start":{},"end":{}}],"line":113},"11":{"loc":{"start":{"line":125,"column":2},"end":{"line":127,"column":3}},"type":"if","locations":[{"start":{"line":125,"column":2},"end":{"line":127,"column":3}},{"start":{},"end":{}}],"line":125},"12":{"loc":{"start":{"line":137,"column":2},"end":{"line":148,"column":3}},"type":"if","locations":[{"start":{"line":137,"column":2},"end":{"line":148,"column":3}},{"start":{"line":146,"column":9},"end":{"line":148,"column":3}}],"line":137},"13":{"loc":{"start":{"line":137,"column":6},"end":{"line":137,"column":45}},"type":"binary-expr","locations":[{"start":{"line":137,"column":6},"end":{"line":137,"column":28}},{"start":{"line":137,"column":32},"end":{"line":137,"column":45}}],"line":137},"14":{"loc":{"start":{"line":139,"column":4},"end":{"line":141,"column":5}},"type":"if","locations":[{"start":{"line":139,"column":4},"end":{"line":141,"column":5}},{"start":{},"end":{}}],"line":139},"15":{"loc":{"start":{"line":157,"column":2},"end":{"line":168,"column":3}},"type":"if","locations":[{"start":{"line":157,"column":2},"end":{"line":168,"column":3}},{"start":{"line":166,"column":9},"end":{"line":168,"column":3}}],"line":157},"16":{"loc":{"start":{"line":157,"column":6},"end":{"line":157,"column":47}},"type":"binary-expr","locations":[{"start":{"line":157,"column":6},"end":{"line":157,"column":29}},{"start":{"line":157,"column":33},"end":{"line":157,"column":47}}],"line":157},"17":{"loc":{"start":{"line":159,"column":4},"end":{"line":161,"column":5}},"type":"if","locations":[{"start":{"line":159,"column":4},"end":{"line":161,"column":5}},{"start":{},"end":{}}],"line":159}},"s":{"0":9,"1":9,"2":12,"3":12,"4":11,"5":2,"6":9,"7":1,"8":9,"9":5,"10":5,"11":5,"12":3,"13":2,"14":9,"15":1,"16":1,"17":1,"18":0,"19":1,"20":9,"21":2,"22":2,"23":1,"24":1,"25":0,"26":1,"27":1,"28":1,"29":0,"30":1,"31":9,"32":1,"33":1,"34":1,"35":0,"36":1,"37":9,"38":1,"39":1,"40":1,"41":0,"42":1,"43":1,"44":1,"45":1,"46":1,"47":1,"48":9,"49":0,"50":0,"51":0,"52":0,"53":0,"54":9,"55":1,"56":1,"57":1,"58":0,"59":1,"60":9,"61":1,"62":1,"63":1,"64":0,"65":1,"66":9,"67":0,"68":0,"69":0,"70":0,"71":0,"72":0,"73":0,"74":0,"75":0,"76":0,"77":9,"78":2,"79":2,"80":1,"81":1,"82":0,"83":1,"84":1,"85":1,"86":1,"87":1},"f":{"0":12,"1":5,"2":1,"3":2,"4":1,"5":1,"6":0,"7":1,"8":1,"9":0,"10":2},"b":{"0":[2,9],"1":[3,2],"2":[0,1],"3":[1,1],"4":[2,2],"5":[0,1],"6":[0,1],"7":[0,1],"8":[0,1],"9":[0,0],"10":[0,1],"11":[0,1],"12":[0,0],"13":[0,0],"14":[0,0],"15":[1,1],"16":[2,2],"17":[0,1]},"_coverageSchema":"1a1c01bbd47fc00a2c39e90264f33305004495a9","hash":"770059bed8cdbb586a0452a6f74f2dbc8cc85b6c"}
,"C:\\Users\\mendo\\OneDrive - University of Manitoba\\Desktop\\comp 4350\\Full-Stack-Flush\\server\\Controllers\\TutorialController.js": {"path":"C:\\Users\\mendo\\OneDrive - University of Manitoba\\Desktop\\comp 4350\\Full-Stack-Flush\\server\\Controllers\\TutorialController.js","statementMap":{"0":{"start":{"line":1,"column":18},"end":{"line":1,"column":52}},"1":{"start":{"line":7,"column":0},"end":{"line":28,"column":2}},"2":{"start":{"line":8,"column":16},"end":{"line":8,"column":28}},"3":{"start":{"line":9,"column":4},"end":{"line":27,"column":5}},"4":{"start":{"line":10,"column":8},"end":{"line":18,"column":9}},"5":{"start":{"line":11,"column":30},"end":{"line":11,"column":62}},"6":{"start":{"line":13,"column":12},"end":{"line":13,"column":107}},"7":{"start":{"line":13,"column":28},"end":{"line":13,"column":107}},"8":{"start":{"line":15,"column":12},"end":{"line":15,"column":63}},"9":{"start":{"line":17,"column":12},"end":{"line":17,"column":78}},"10":{"start":{"line":21,"column":8},"end":{"line":26,"column":9}},"11":{"start":{"line":22,"column":30},"end":{"line":22,"column":52}},"12":{"start":{"line":23,"column":12},"end":{"line":23,"column":63}},"13":{"start":{"line":25,"column":12},"end":{"line":25,"column":78}}},"fnMap":{"0":{"name":"(anonymous_0)","decl":{"start":{"line":7,"column":30},"end":{"line":7,"column":31}},"loc":{"start":{"line":7,"column":50},"end":{"line":28,"column":1}},"line":7}},"branchMap":{"0":{"loc":{"start":{"line":9,"column":4},"end":{"line":27,"column":5}},"type":"if","locations":[{"start":{"line":9,"column":4},"end":{"line":27,"column":5}},{"start":{"line":20,"column":9},"end":{"line":27,"column":5}}],"line":9},"1":{"loc":{"start":{"line":13,"column":12},"end":{"line":13,"column":107}},"type":"if","locations":[{"start":{"line":13,"column":12},"end":{"line":13,"column":107}},{"start":{},"end":{}}],"line":13}},"s":{"0":9,"1":9,"2":10,"3":10,"4":6,"5":6,"6":4,"7":2,"8":2,"9":2,"10":4,"11":4,"12":2,"13":2},"f":{"0":10},"b":{"0":[6,4],"1":[2,2]},"_coverageSchema":"1a1c01bbd47fc00a2c39e90264f33305004495a9","hash":"beefb0780906d1f62a57a2f180590e975bef9451"}
,"C:\\Users\\mendo\\OneDrive - University of Manitoba\\Desktop\\comp 4350\\Full-Stack-Flush\\server\\Controllers\\UserTutorialController.js": {"path":"C:\\Users\\mendo\\OneDrive - University of Manitoba\\Desktop\\comp 4350\\Full-Stack-Flush\\server\\Controllers\\UserTutorialController.js","statementMap":{"0":{"start":{"line":1,"column":21},"end":{"line":1,"column":59}},"1":{"start":{"line":6,"column":0},"end":{"line":13,"column":2}},"2":{"start":{"line":7,"column":2},"end":{"line":12,"column":3}},"3":{"start":{"line":8,"column":26},"end":{"line":8,"column":115}},"4":{"start":{"line":9,"column":4},"end":{"line":9,"column":28}},"5":{"start":{"line":11,"column":4},"end":{"line":11,"column":69}},"6":{"start":{"line":18,"column":0},"end":{"line":36,"column":2}},"7":{"start":{"line":19,"column":2},"end":{"line":35,"column":3}},"8":{"start":{"line":20,"column":27},"end":{"line":20,"column":35}},"9":{"start":{"line":21,"column":24},"end":{"line":21,"column":85}},"10":{"start":{"line":23,"column":4},"end":{"line":29,"column":5}},"11":{"start":{"line":24,"column":6},"end":{"line":24,"column":105}},"12":{"start":{"line":26,"column":6},"end":{"line":28,"column":7}},"13":{"start":{"line":27,"column":8},"end":{"line":27,"column":55}},"14":{"start":{"line":31,"column":4},"end":{"line":31,"column":31}},"15":{"start":{"line":32,"column":4},"end":{"line":32,"column":28}},"16":{"start":{"line":34,"column":4},"end":{"line":34,"column":69}}},"fnMap":{"0":{"name":"(anonymous_0)","decl":{"start":{"line":6,"column":34},"end":{"line":6,"column":35}},"loc":{"start":{"line":6,"column":54},"end":{"line":13,"column":1}},"line":6},"1":{"name":"(anonymous_1)","decl":{"start":{"line":18,"column":38},"end":{"line":18,"column":39}},"loc":{"start":{"line":18,"column":58},"end":{"line":36,"column":1}},"line":18}},"branchMap":{"0":{"loc":{"start":{"line":23,"column":4},"end":{"line":29,"column":5}},"type":"if","locations":[{"start":{"line":23,"column":4},"end":{"line":29,"column":5}},{"start":{"line":25,"column":11},"end":{"line":29,"column":5}}],"line":23},"1":{"loc":{"start":{"line":26,"column":6},"end":{"line":28,"column":7}},"type":"if","locations":[{"start":{"line":26,"column":6},"end":{"line":28,"column":7}},{"start":{},"end":{}}],"line":26}},"s":{"0":8,"1":8,"2":0,"3":0,"4":0,"5":0,"6":8,"7":0,"8":0,"9":0,"10":0,"11":0,"12":0,"13":0,"14":0,"15":0,"16":0},"f":{"0":0,"1":0},"b":{"0":[0,0],"1":[0,0]},"_coverageSchema":"1a1c01bbd47fc00a2c39e90264f33305004495a9","hash":"9ec26592ce2db715d9be4c5daf668e22b40b7781"}
,"C:\\Users\\mendo\\OneDrive - University of Manitoba\\Desktop\\comp 4350\\Full-Stack-Flush\\server\\Controllers\\WinLoseController.js": {"path":"C:\\Users\\mendo\\OneDrive - University of Manitoba\\Desktop\\comp 4350\\Full-Stack-Flush\\server\\Controllers\\WinLoseController.js","statementMap":{"0":{"start":{"line":3,"column":22},"end":{"line":3,"column":47}},"1":{"start":{"line":4,"column":13},"end":{"line":4,"column":43}},"2":{"start":{"line":5,"column":16},"end":{"line":5,"column":44}},"3":{"start":{"line":10,"column":0},"end":{"line":21,"column":4}},"4":{"start":{"line":11,"column":25},"end":{"line":11,"column":34}},"5":{"start":{"line":12,"column":4},"end":{"line":20,"column":5}},"6":{"start":{"line":13,"column":19},"end":{"line":13,"column":51}},"7":{"start":{"line":14,"column":6},"end":{"line":16,"column":7}},"8":{"start":{"line":15,"column":8},"end":{"line":15,"column":67}},"9":{"start":{"line":17,"column":6},"end":{"line":17,"column":48}},"10":{"start":{"line":19,"column":6},"end":{"line":19,"column":56}},"11":{"start":{"line":27,"column":0},"end":{"line":38,"column":4}},"12":{"start":{"line":28,"column":25},"end":{"line":28,"column":34}},"13":{"start":{"line":29,"column":4},"end":{"line":37,"column":5}},"14":{"start":{"line":30,"column":19},"end":{"line":30,"column":51}},"15":{"start":{"line":31,"column":6},"end":{"line":33,"column":7}},"16":{"start":{"line":32,"column":8},"end":{"line":32,"column":67}},"17":{"start":{"line":34,"column":6},"end":{"line":34,"column":52}},"18":{"start":{"line":36,"column":6},"end":{"line":36,"column":56}},"19":{"start":{"line":45,"column":0},"end":{"line":102,"column":2}},"20":{"start":{"line":46,"column":2},"end":{"line":101,"column":3}},"21":{"start":{"line":47,"column":59},"end":{"line":47,"column":67}},"22":{"start":{"line":49,"column":6},"end":{"line":51,"column":7}},"23":{"start":{"line":50,"column":8},"end":{"line":50,"column":89}},"24":{"start":{"line":53,"column":6},"end":{"line":55,"column":7}},"25":{"start":{"line":54,"column":10},"end":{"line":54,"column":85}},"26":{"start":{"line":57,"column":6},"end":{"line":59,"column":7}},"27":{"start":{"line":58,"column":8},"end":{"line":58,"column":83}},"28":{"start":{"line":61,"column":19},"end":{"line":61,"column":51}},"29":{"start":{"line":62,"column":6},"end":{"line":62,"column":92}},"30":{"start":{"line":62,"column":17},"end":{"line":62,"column":92}},"31":{"start":{"line":66,"column":6},"end":{"line":77,"column":7}},"32":{"start":{"line":67,"column":26},"end":{"line":67,"column":31}},"33":{"start":{"line":68,"column":8},"end":{"line":70,"column":9}},"34":{"start":{"line":69,"column":10},"end":{"line":69,"column":35}},"35":{"start":{"line":71,"column":8},"end":{"line":76,"column":11}},"36":{"start":{"line":79,"column":6},"end":{"line":84,"column":7}},"37":{"start":{"line":80,"column":8},"end":{"line":80,"column":26}},"38":{"start":{"line":81,"column":8},"end":{"line":83,"column":9}},"39":{"start":{"line":82,"column":10},"end":{"line":82,"column":43}},"40":{"start":{"line":86,"column":6},"end":{"line":91,"column":7}},"41":{"start":{"line":87,"column":8},"end":{"line":87,"column":30}},"42":{"start":{"line":88,"column":8},"end":{"line":90,"column":9}},"43":{"start":{"line":89,"column":10},"end":{"line":89,"column":45}},"44":{"start":{"line":94,"column":6},"end":{"line":94,"column":32}},"45":{"start":{"line":95,"column":6},"end":{"line":95,"column":34}},"46":{"start":{"line":97,"column":6},"end":{"line":97,"column":24}},"47":{"start":{"line":98,"column":6},"end":{"line":98,"column":84}},"48":{"start":{"line":100,"column":6},"end":{"line":100,"column":72}},"49":{"start":{"line":104,"column":0},"end":{"line":122,"column":2}},"50":{"start":{"line":105,"column":2},"end":{"line":121,"column":3}},"51":{"start":{"line":106,"column":49},"end":{"line":106,"column":57}},"52":{"start":{"line":108,"column":4},"end":{"line":110,"column":5}},"53":{"start":{"line":109,"column":6},"end":{"line":109,"column":87}},"54":{"start":{"line":112,"column":4},"end":{"line":117,"column":7}}},"fnMap":{"0":{"name":"(anonymous_0)","decl":{"start":{"line":10,"column":25},"end":{"line":10,"column":26}},"loc":{"start":{"line":10,"column":45},"end":{"line":21,"column":3}},"line":10},"1":{"name":"(anonymous_1)","decl":{"start":{"line":27,"column":27},"end":{"line":27,"column":28}},"loc":{"start":{"line":27,"column":47},"end":{"line":38,"column":3}},"line":27},"2":{"name":"(anonymous_2)","decl":{"start":{"line":45,"column":29},"end":{"line":45,"column":30}},"loc":{"start":{"line":45,"column":49},"end":{"line":102,"column":1}},"line":45},"3":{"name":"(anonymous_3)","decl":{"start":{"line":104,"column":35},"end":{"line":104,"column":36}},"loc":{"start":{"line":104,"column":55},"end":{"line":122,"column":1}},"line":104}},"branchMap":{"0":{"loc":{"start":{"line":14,"column":6},"end":{"line":16,"column":7}},"type":"if","locations":[{"start":{"line":14,"column":6},"end":{"line":16,"column":7}},{"start":{},"end":{}}],"line":14},"1":{"loc":{"start":{"line":31,"column":6},"end":{"line":33,"column":7}},"type":"if","locations":[{"start":{"line":31,"column":6},"end":{"line":33,"column":7}},{"start":{},"end":{}}],"line":31},"2":{"loc":{"start":{"line":49,"column":6},"end":{"line":51,"column":7}},"type":"if","locations":[{"start":{"line":49,"column":6},"end":{"line":51,"column":7}},{"start":{},"end":{}}],"line":49},"3":{"loc":{"start":{"line":53,"column":6},"end":{"line":55,"column":7}},"type":"if","locations":[{"start":{"line":53,"column":6},"end":{"line":55,"column":7}},{"start":{},"end":{}}],"line":53},"4":{"loc":{"start":{"line":53,"column":10},"end":{"line":53,"column":32}},"type":"binary-expr","locations":[{"start":{"line":53,"column":10},"end":{"line":53,"column":18}},{"start":{"line":53,"column":22},"end":{"line":53,"column":32}}],"line":53},"5":{"loc":{"start":{"line":57,"column":6},"end":{"line":59,"column":7}},"type":"if","locations":[{"start":{"line":57,"column":6},"end":{"line":59,"column":7}},{"start":{},"end":{}}],"line":57},"6":{"loc":{"start":{"line":57,"column":10},"end":{"line":57,"column":50}},"type":"binary-expr","locations":[{"start":{"line":57,"column":10},"end":{"line":57,"column":30}},{"start":{"line":57,"column":34},"end":{"line":57,"column":50}}],"line":57},"7":{"loc":{"start":{"line":62,"column":6},"end":{"line":62,"column":92}},"type":"if","locations":[{"start":{"line":62,"column":6},"end":{"line":62,"column":92}},{"start":{},"end":{}}],"line":62},"8":{"loc":{"start":{"line":66,"column":6},"end":{"line":77,"column":7}},"type":"if","locations":[{"start":{"line":66,"column":6},"end":{"line":77,"column":7}},{"start":{},"end":{}}],"line":66},"9":{"loc":{"start":{"line":68,"column":8},"end":{"line":70,"column":9}},"type":"if","locations":[{"start":{"line":68,"column":8},"end":{"line":70,"column":9}},{"start":{},"end":{}}],"line":68},"10":{"loc":{"start":{"line":68,"column":12},"end":{"line":68,"column":46}},"type":"binary-expr","locations":[{"start":{"line":68,"column":12},"end":{"line":68,"column":32}},{"start":{"line":68,"column":36},"end":{"line":68,"column":46}}],"line":68},"11":{"loc":{"start":{"line":79,"column":6},"end":{"line":84,"column":7}},"type":"if","locations":[{"start":{"line":79,"column":6},"end":{"line":84,"column":7}},{"start":{},"end":{}}],"line":79},"12":{"loc":{"start":{"line":79,"column":10},"end":{"line":79,"column":40}},"type":"binary-expr","locations":[{"start":{"line":79,"column":10},"end":{"line":79,"column":28}},{"start":{"line":79,"column":32},"end":{"line":79,"column":40}}],"line":79},"13":{"loc":{"start":{"line":81,"column":8},"end":{"line":83,"column":9}},"type":"if","locations":[{"start":{"line":81,"column":8},"end":{"line":83,"column":9}},{"start":{},"end":{}}],"line":81},"14":{"loc":{"start":{"line":86,"column":6},"end":{"line":91,"column":7}},"type":"if","locations":[{"start":{"line":86,"column":6},"end":{"line":91,"column":7}},{"start":{},"end":{}}],"line":86},"15":{"loc":{"start":{"line":86,"column":10},"end":{"line":86,"column":44}},"type":"binary-expr","locations":[{"start":{"line":86,"column":10},"end":{"line":86,"column":30}},{"start":{"line":86,"column":34},"end":{"line":86,"column":44}}],"line":86},"16":{"loc":{"start":{"line":88,"column":8},"end":{"line":90,"column":9}},"type":"if","locations":[{"start":{"line":88,"column":8},"end":{"line":90,"column":9}},{"start":{},"end":{}}],"line":88},"17":{"loc":{"start":{"line":108,"column":4},"end":{"line":110,"column":5}},"type":"if","locations":[{"start":{"line":108,"column":4},"end":{"line":110,"column":5}},{"start":{},"end":{}}],"line":108},"18":{"loc":{"start":{"line":108,"column":8},"end":{"line":108,"column":53}},"type":"binary-expr","locations":[{"start":{"line":108,"column":8},"end":{"line":108,"column":17}},{"start":{"line":108,"column":21},"end":{"line":108,"column":33}},{"start":{"line":108,"column":37},"end":{"line":108,"column":53}}],"line":108}},"s":{"0":9,"1":9,"2":9,"3":9,"4":6,"5":6,"6":6,"7":4,"8":2,"9":2,"10":2,"11":9,"12":6,"13":6,"14":6,"15":4,"16":2,"17":2,"18":2,"19":9,"20":15,"21":15,"22":15,"23":2,"24":13,"25":3,"26":10,"27":0,"28":10,"29":8,"30":2,"31":6,"32":2,"33":2,"34":2,"35":2,"36":6,"37":5,"38":5,"39":2,"40":6,"41":5,"42":5,"43":2,"44":6,"45":6,"46":6,"47":4,"48":4,"49":9,"50":0,"51":0,"52":0,"53":0,"54":0},"f":{"0":6,"1":6,"2":15,"3":0},"b":{"0":[2,2],"1":[2,2],"2":[2,13],"3":[3,10],"4":[13,11],"5":[0,10],"6":[10,6],"7":[2,6],"8":[2,4],"9":[2,0],"10":[2,2],"11":[5,1],"12":[6,5],"13":[2,3],"14":[5,1],"15":[6,5],"16":[2,3],"17":[0,0],"18":[0,0,0]},"_coverageSchema":"1a1c01bbd47fc00a2c39e90264f33305004495a9","hash":"5ec01c29e7782d7234ffb21a1426f18cb1ef03b3"}
,"C:\\Users\\mendo\\OneDrive - University of Manitoba\\Desktop\\comp 4350\\Full-Stack-Flush\\server\\Middleware\\AuthMiddleware.js": {"path":"C:\\Users\\mendo\\OneDrive - University of Manitoba\\Desktop\\comp 4350\\Full-Stack-Flush\\server\\Middleware\\AuthMiddleware.js","statementMap":{"0":{"start":{"line":2,"column":13},"end":{"line":2,"column":43}},"1":{"start":{"line":3,"column":0},"end":{"line":3,"column":27}},"2":{"start":{"line":4,"column":12},"end":{"line":4,"column":35}},"3":{"start":{"line":6,"column":0},"end":{"line":20,"column":1}},"4":{"start":{"line":7,"column":16},"end":{"line":7,"column":33}},"5":{"start":{"line":8,"column":2},"end":{"line":10,"column":3}},"6":{"start":{"line":9,"column":4},"end":{"line":9,"column":68}},"7":{"start":{"line":11,"column":2},"end":{"line":19,"column":4}},"8":{"start":{"line":12,"column":4},"end":{"line":18,"column":5}},"9":{"start":{"line":13,"column":5},"end":{"line":13,"column":39}},"10":{"start":{"line":15,"column":19},"end":{"line":15,"column":47}},"11":{"start":{"line":16,"column":6},"end":{"line":17,"column":45}},"12":{"start":{"line":16,"column":16},"end":{"line":16,"column":70}},"13":{"start":{"line":17,"column":11},"end":{"line":17,"column":45}}},"fnMap":{"0":{"name":"(anonymous_0)","decl":{"start":{"line":6,"column":34},"end":{"line":6,"column":35}},"loc":{"start":{"line":6,"column":48},"end":{"line":20,"column":1}},"line":6},"1":{"name":"(anonymous_1)","decl":{"start":{"line":11,"column":40},"end":{"line":11,"column":41}},"loc":{"start":{"line":11,"column":61},"end":{"line":19,"column":3}},"line":11}},"branchMap":{"0":{"loc":{"start":{"line":8,"column":2},"end":{"line":10,"column":3}},"type":"if","locations":[{"start":{"line":8,"column":2},"end":{"line":10,"column":3}},{"start":{},"end":{}}],"line":8},"1":{"loc":{"start":{"line":12,"column":4},"end":{"line":18,"column":5}},"type":"if","locations":[{"start":{"line":12,"column":4},"end":{"line":18,"column":5}},{"start":{"line":14,"column":11},"end":{"line":18,"column":5}}],"line":12},"2":{"loc":{"start":{"line":16,"column":6},"end":{"line":17,"column":45}},"type":"if","locations":[{"start":{"line":16,"column":6},"end":{"line":17,"column":45}},{"start":{"line":17,"column":11},"end":{"line":17,"column":45}}],"line":16}},"s":{"0":8,"1":8,"2":8,"3":8,"4":0,"5":0,"6":0,"7":0,"8":0,"9":0,"10":0,"11":0,"12":0,"13":0},"f":{"0":0,"1":0},"b":{"0":[0,0],"1":[0,0],"2":[0,0]},"_coverageSchema":"1a1c01bbd47fc00a2c39e90264f33305004495a9","hash":"20fe1dd62dcab6185e95da76db7c4f3d059362ef"}
,"C:\\Users\\mendo\\OneDrive - University of Manitoba\\Desktop\\comp 4350\\Full-Stack-Flush\\server\\Models\\Card.js": {"path":"C:\\Users\\mendo\\OneDrive - University of Manitoba\\Desktop\\comp 4350\\Full-Stack-Flush\\server\\Models\\Card.js","statementMap":{"0":{"start":{"line":3,"column":8},"end":{"line":3,"column":25}},"1":{"start":{"line":4,"column":8},"end":{"line":4,"column":25}},"2":{"start":{"line":8,"column":0},"end":{"line":8,"column":22}}},"fnMap":{"0":{"name":"(anonymous_0)","decl":{"start":{"line":2,"column":4},"end":{"line":2,"column":5}},"loc":{"start":{"line":2,"column":27},"end":{"line":5,"column":5}},"line":2}},"branchMap":{},"s":{"0":1181,"1":1181,"2":9},"f":{"0":1181},"b":{},"_coverageSchema":"1a1c01bbd47fc00a2c39e90264f33305004495a9","hash":"049d4a9925bb15a59897295dcf4f6ae70c8a4d75"}
,"C:\\Users\\mendo\\OneDrive - University of Manitoba\\Desktop\\comp 4350\\Full-Stack-Flush\\server\\Models\\Deck.js": {"path":"C:\\Users\\mendo\\OneDrive - University of Manitoba\\Desktop\\comp 4350\\Full-Stack-Flush\\server\\Models\\Deck.js","statementMap":{"0":{"start":{"line":1,"column":13},"end":{"line":1,"column":33}},"1":{"start":{"line":5,"column":8},"end":{"line":5,"column":24}},"2":{"start":{"line":6,"column":8},"end":{"line":6,"column":31}},"3":{"start":{"line":7,"column":8},"end":{"line":7,"column":23}},"4":{"start":{"line":14,"column":22},"end":{"line":14,"column":63}},"5":{"start":{"line":16,"column":8},"end":{"line":20,"column":9}},"6":{"start":{"line":17,"column":12},"end":{"line":19,"column":13}},"7":{"start":{"line":17,"column":25},"end":{"line":17,"column":26}},"8":{"start":{"line":18,"column":16},"end":{"line":18,"column":51}},"9":{"start":{"line":28,"column":8},"end":{"line":31,"column":9}},"10":{"start":{"line":28,"column":19},"end":{"line":28,"column":20}},"11":{"start":{"line":29,"column":20},"end":{"line":29,"column":67}},"12":{"start":{"line":30,"column":12},"end":{"line":30,"column":76}},"13":{"start":{"line":39,"column":8},"end":{"line":39,"column":46}},"14":{"start":{"line":46,"column":8},"end":{"line":54,"column":9}},"15":{"start":{"line":47,"column":12},"end":{"line":47,"column":30}},"16":{"start":{"line":48,"column":15},"end":{"line":54,"column":9}},"17":{"start":{"line":49,"column":12},"end":{"line":49,"column":31}},"18":{"start":{"line":50,"column":15},"end":{"line":54,"column":9}},"19":{"start":{"line":51,"column":12},"end":{"line":51,"column":32}},"20":{"start":{"line":52,"column":15},"end":{"line":54,"column":9}},"21":{"start":{"line":53,"column":12},"end":{"line":53,"column":31}},"22":{"start":{"line":55,"column":8},"end":{"line":55,"column":20}},"23":{"start":{"line":62,"column":8},"end":{"line":62,"column":67}},"24":{"start":{"line":66,"column":0},"end":{"line":66,"column":22}}},"fnMap":{"0":{"name":"(anonymous_0)","decl":{"start":{"line":4,"column":4},"end":{"line":4,"column":5}},"loc":{"start":{"line":4,"column":17},"end":{"line":8,"column":5}},"line":4},"1":{"name":"(anonymous_1)","decl":{"start":{"line":13,"column":4},"end":{"line":13,"column":5}},"loc":{"start":{"line":13,"column":21},"end":{"line":21,"column":5}},"line":13},"2":{"name":"(anonymous_2)","decl":{"start":{"line":27,"column":4},"end":{"line":27,"column":5}},"loc":{"start":{"line":27,"column":13},"end":{"line":32,"column":5}},"line":27},"3":{"name":"(anonymous_3)","decl":{"start":{"line":38,"column":4},"end":{"line":38,"column":5}},"loc":{"start":{"line":38,"column":23},"end":{"line":40,"column":5}},"line":38},"4":{"name":"(anonymous_4)","decl":{"start":{"line":45,"column":4},"end":{"line":45,"column":5}},"loc":{"start":{"line":45,"column":21},"end":{"line":56,"column":5}},"line":45},"5":{"name":"(anonymous_5)","decl":{"start":{"line":61,"column":4},"end":{"line":61,"column":5}},"loc":{"start":{"line":61,"column":23},"end":{"line":63,"column":5}},"line":61}},"branchMap":{"0":{"loc":{"start":{"line":46,"column":8},"end":{"line":54,"column":9}},"type":"if","locations":[{"start":{"line":46,"column":8},"end":{"line":54,"column":9}},{"start":{"line":48,"column":15},"end":{"line":54,"column":9}}],"line":46},"1":{"loc":{"start":{"line":48,"column":15},"end":{"line":54,"column":9}},"type":"if","locations":[{"start":{"line":48,"column":15},"end":{"line":54,"column":9}},{"start":{"line":50,"column":15},"end":{"line":54,"column":9}}],"line":48},"2":{"loc":{"start":{"line":50,"column":15},"end":{"line":54,"column":9}},"type":"if","locations":[{"start":{"line":50,"column":15},"end":{"line":54,"column":9}},{"start":{"line":52,"column":15},"end":{"line":54,"column":9}}],"line":50},"3":{"loc":{"start":{"line":52,"column":15},"end":{"line":54,"column":9}},"type":"if","locations":[{"start":{"line":52,"column":15},"end":{"line":54,"column":9}},{"start":{},"end":{}}],"line":52}},"s":{"0":9,"1":22,"2":22,"3":22,"4":22,"5":22,"6":88,"7":88,"8":1144,"9":22,"10":22,"11":1144,"12":1144,"13":0,"14":10,"15":0,"16":10,"17":0,"18":10,"19":1,"20":9,"21":1,"22":10,"23":2,"24":9},"f":{"0":22,"1":22,"2":22,"3":0,"4":10,"5":2},"b":{"0":[0,10],"1":[0,10],"2":[1,9],"3":[1,8]},"_coverageSchema":"1a1c01bbd47fc00a2c39e90264f33305004495a9","hash":"aa948dc5732af8e5470dad5405f227b3d6d95bac"}
,"C:\\Users\\mendo\\OneDrive - University of Manitoba\\Desktop\\comp 4350\\Full-Stack-Flush\\server\\Models\\Game.js": {"path":"C:\\Users\\mendo\\OneDrive - University of Manitoba\\Desktop\\comp 4350\\Full-Stack-Flush\\server\\Models\\Game.js","statementMap":{"0":{"start":{"line":1,"column":15},"end":{"line":1,"column":38}},"1":{"start":{"line":2,"column":13},"end":{"line":2,"column":33}},"2":{"start":{"line":3,"column":34},"end":{"line":3,"column":69}},"3":{"start":{"line":4,"column":22},"end":{"line":4,"column":53}},"4":{"start":{"line":8,"column":8},"end":{"line":8,"column":26}},"5":{"start":{"line":9,"column":8},"end":{"line":9,"column":30}},"6":{"start":{"line":10,"column":8},"end":{"line":10,"column":18}},"7":{"start":{"line":11,"column":8},"end":{"line":11,"column":45}},"8":{"start":{"line":12,"column":8},"end":{"line":12,"column":28}},"9":{"start":{"line":13,"column":8},"end":{"line":13,"column":21}},"10":{"start":{"line":14,"column":8},"end":{"line":14,"column":29}},"11":{"start":{"line":15,"column":8},"end":{"line":15,"column":31}},"12":{"start":{"line":16,"column":8},"end":{"line":16,"column":33}},"13":{"start":{"line":17,"column":8},"end":{"line":17,"column":37}},"14":{"start":{"line":18,"column":8},"end":{"line":18,"column":30}},"15":{"start":{"line":27,"column":8},"end":{"line":36,"column":9}},"16":{"start":{"line":28,"column":12},"end":{"line":28,"column":100}},"17":{"start":{"line":29,"column":12},"end":{"line":29,"column":35}},"18":{"start":{"line":30,"column":12},"end":{"line":30,"column":43}},"19":{"start":{"line":31,"column":12},"end":{"line":31,"column":30}},"20":{"start":{"line":34,"column":12},"end":{"line":34,"column":104}},"21":{"start":{"line":35,"column":12},"end":{"line":35,"column":35}},"22":{"start":{"line":45,"column":8},"end":{"line":45,"column":31}},"23":{"start":{"line":46,"column":8},"end":{"line":46,"column":37}},"24":{"start":{"line":47,"column":8},"end":{"line":47,"column":31}},"25":{"start":{"line":48,"column":8},"end":{"line":48,"column":30}},"26":{"start":{"line":49,"column":8},"end":{"line":51,"column":9}},"27":{"start":{"line":50,"column":12},"end":{"line":50,"column":29}},"28":{"start":{"line":52,"column":8},"end":{"line":52,"column":30}},"29":{"start":{"line":55,"column":8},"end":{"line":57,"column":9}},"30":{"start":{"line":56,"column":12},"end":{"line":56,"column":54}},"31":{"start":{"line":60,"column":8},"end":{"line":62,"column":9}},"32":{"start":{"line":61,"column":12},"end":{"line":61,"column":62}},"33":{"start":{"line":64,"column":8},"end":{"line":64,"column":28}},"34":{"start":{"line":65,"column":8},"end":{"line":65,"column":20}},"35":{"start":{"line":72,"column":8},"end":{"line":79,"column":9}},"36":{"start":{"line":72,"column":21},"end":{"line":72,"column":22}},"37":{"start":{"line":74,"column":12},"end":{"line":77,"column":13}},"38":{"start":{"line":75,"column":29},"end":{"line":75,"column":50}},"39":{"start":{"line":76,"column":16},"end":{"line":76,"column":39}},"40":{"start":{"line":78,"column":12},"end":{"line":78,"column":57}},"41":{"start":{"line":80,"column":8},"end":{"line":89,"column":9}},"42":{"start":{"line":81,"column":28},"end":{"line":87,"column":13}},"43":{"start":{"line":88,"column":12},"end":{"line":88,"column":52}},"44":{"start":{"line":92,"column":8},"end":{"line":92,"column":36}},"45":{"start":{"line":95,"column":8},"end":{"line":110,"column":9}},"46":{"start":{"line":96,"column":12},"end":{"line":109,"column":13}},"47":{"start":{"line":97,"column":16},"end":{"line":107,"column":17}},"48":{"start":{"line":98,"column":36},"end":{"line":105,"column":21}},"49":{"start":{"line":106,"column":20},"end":{"line":106,"column":60}},"50":{"start":{"line":113,"column":8},"end":{"line":123,"column":9}},"51":{"start":{"line":114,"column":12},"end":{"line":114,"column":45}},"52":{"start":{"line":116,"column":12},"end":{"line":116,"column":40}},"53":{"start":{"line":118,"column":12},"end":{"line":118,"column":28}},"54":{"start":{"line":122,"column":12},"end":{"line":122,"column":29}},"55":{"start":{"line":132,"column":8},"end":{"line":134,"column":9}},"56":{"start":{"line":133,"column":12},"end":{"line":133,"column":33}},"57":{"start":{"line":136,"column":8},"end":{"line":143,"column":9}},"58":{"start":{"line":137,"column":12},"end":{"line":137,"column":94}},"59":{"start":{"line":141,"column":12},"end":{"line":141,"column":41}},"60":{"start":{"line":142,"column":12},"end":{"line":142,"column":31}},"61":{"start":{"line":151,"column":8},"end":{"line":151,"column":36}},"62":{"start":{"line":154,"column":8},"end":{"line":158,"column":9}},"63":{"start":{"line":155,"column":12},"end":{"line":155,"column":57}},"64":{"start":{"line":157,"column":12},"end":{"line":157,"column":66}},"65":{"start":{"line":160,"column":8},"end":{"line":160,"column":24}},"66":{"sta
[...]
umn":12},"end":{"line":100,"column":83}},"51":{"start":{"line":101,"column":12},"end":{"line":101,"column":45}},"52":{"start":{"line":110,"column":4},"end":{"line":138,"column":5}},"53":{"start":{"line":111,"column":8},"end":{"line":130,"column":13}},"54":{"start":{"line":112,"column":29},"end":{"line":112,"column":101}},"55":{"start":{"line":113,"column":80},"end":{"line":113,"column":93}},"56":{"start":{"line":114,"column":16},"end":{"line":129,"column":17}},"57":{"start":{"line":115,"column":20},"end":{"line":115,"column":84}},"58":{"start":{"line":116,"column":20},"end":{"line":116,"column":63}},"59":{"start":{"line":117,"column":20},"end":{"line":117,"column":31}},"60":{"start":{"line":118,"column":20},"end":{"line":118,"column":27}},"61":{"start":{"line":119,"column":22},"end":{"line":129,"column":17}},"62":{"start":{"line":120,"column":20},"end":{"line":120,"column":80}},"63":{"start":{"line":121,"column":20},"end":{"line":121,"column":53}},"64":{"start":{"line":122,"column":20},"end":{"line":122,"column":73}},"65":{"start":{"line":123,"column":20},"end":{"line":123,"column":31}},"66":{"start":{"line":124,"column":20},"end":{"line":124,"column":27}},"67":{"start":{"line":125,"column":22},"end":{"line":129,"column":17}},"68":{"start":{"line":126,"column":20},"end":{"line":126,"column":72}},"69":{"start":{"line":127,"column":20},"end":{"line":127,"column":31}},"70":{"start":{"line":128,"column":20},"end":{"line":128,"column":27}},"71":{"start":{"line":131,"column":8},"end":{"line":133,"column":9}},"72":{"start":{"line":132,"column":12},"end":{"line":132,"column":53}},"73":{"start":{"line":136,"column":8},"end":{"line":136,"column":39}},"74":{"start":{"line":137,"column":8},"end":{"line":137,"column":19}},"75":{"start":{"line":143,"column":0},"end":{"line":150,"column":2}}},"fnMap":{"0":{"name":"handle_web_socket","decl":{"start":{"line":12,"column":15},"end":{"line":12,"column":32}},"loc":{"start":{"line":12,"column":46},"end":{"line":69,"column":1}},"line":12},"1":{"name":"(anonymous_1)","decl":{"start":{"line":16,"column":21},"end":{"line":16,"column":22}},"loc":{"start":{"line":16,"column":36},"end":{"line":58,"column":5}},"line":16},"2":{"name":"(anonymous_2)","decl":{"start":{"line":60,"column":19},"end":{"line":60,"column":20}},"loc":{"start":{"line":60,"column":25},"end":{"line":62,"column":5}},"line":60},"3":{"name":"(anonymous_3)","decl":{"start":{"line":64,"column":19},"end":{"line":64,"column":20}},"loc":{"start":{"line":64,"column":30},"end":{"line":67,"column":5}},"line":64},"4":{"name":"assign_player","decl":{"start":{"line":74,"column":9},"end":{"line":74,"column":22}},"loc":{"start":{"line":74,"column":52},"end":{"line":92,"column":1}},"line":74},"5":{"name":"remove_player","decl":{"start":{"line":97,"column":9},"end":{"line":97,"column":22}},"loc":{"start":{"line":97,"column":26},"end":{"line":104,"column":1}},"line":97},"6":{"name":"handle_message","decl":{"start":{"line":109,"column":15},"end":{"line":109,"column":29}},"loc":{"start":{"line":109,"column":57},"end":{"line":139,"column":1}},"line":109}},"branchMap":{"0":{"loc":{"start":{"line":20,"column":12},"end":{"line":51,"column":13}},"type":"if","locations":[{"start":{"line":20,"column":12},"end":{"line":51,"column":13}},{"start":{"line":44,"column":16},"end":{"line":51,"column":13}}],"line":20},"1":{"loc":{"start":{"line":23,"column":16},"end":{"line":42,"column":17}},"type":"if","locations":[{"start":{"line":23,"column":16},"end":{"line":42,"column":17}},{"start":{"line":28,"column":22},"end":{"line":42,"column":17}}],"line":23},"2":{"loc":{"start":{"line":23,"column":19},"end":{"line":23,"column":90}},"type":"binary-expr","locations":[{"start":{"line":23,"column":20},"end":{"line":23,"column":42}},{"start":{"line":23,"column":46},"end":{"line":23,"column":70}},{"start":{"line":23,"column":75},"end":{"line":23,"column":90}}],"line":23},"3":{"loc":{"start":{"line":28,"column":22},"end":{"line":42,"column":17}},"type":"if","locations":[{"start":{"line":28,"column":22},"end":{"line":42,"column":17}},{"start":{"line":37,"column":22},"end":{"line":42,"column":17}}],"line":28},"4":{"loc":{"start":{"line":28,"column":25},"end":{"line":28,"column":97}},"type":"binary-expr","locations":[{"start":{"line":28,"column":25},"end":{"line":28,"column":79}},{"start":{"line":28,"column":83},"end":{"line":28,"column":97}}],"line":28},"5":{"loc":{"start":{"line":30,"column":20},"end":{"line":35,"column":21}},"type":"if","locations":[{"start":{"line":30,"column":20},"end":{"line":35,"column":21}},{"start":{"line":32,"column":25},"end":{"line":35,"column":21}}],"line":30},"6":{"loc":{"start":{"line":37,"column":22},"end":{"line":42,"column":17}},"type":"if","locations":[{"start":{"line":37,"column":22},"end":{"line":42,"column":17}},{"start":{"line":39,"column":21},"end":{"line":42,"column":17}}],"line":37},"7":{"loc":{"start":{"line":45,"column":16},"end":{"line":50,"column":17}},"type":"if","locations":[{"start":{"line":45,"column":16},"end":{"line":50,"column":17}},{"start":{"line":47,"column":21},"end":{"line":50,"column":17}}],"line":45},"8":{"loc":{"start":{"line":78,"column":8},"end":{"line":80,"column":9}},"type":"if","locations":[{"start":{"line":78,"column":8},"end":{"line":80,"column":9}},{"start":{},"end":{}}],"line":78},"9":{"loc":{"start":{"line":83,"column":4},"end":{"line":87,"column":5}},"type":"if","locations":[{"start":{"line":83,"column":4},"end":{"line":87,"column":5}},{"start":{},"end":{}}],"line":83},"10":{"loc":{"start":{"line":99,"column":8},"end":{"line":102,"column":9}},"type":"if","locations":[{"start":{"line":99,"column":8},"end":{"line":102,"column":9}},{"start":{},"end":{}}],"line":99},"11":{"loc":{"start":{"line":99,"column":12},"end":{"line":99,"column":100}},"type":"binary-expr","locations":[{"start":{"line":99,"column":12},"end":{"line":99,"column":53}},{"start":{"line":99,"column":57},"end":{"line":99,"column":100}}],"line":99},"12":{"loc":{"start":{"line":110,"column":4},"end":{"line":138,"column":5}},"type":"if","locations":[{"start":{"line":110,"column":4},"end":{"line":138,"column":5}},{"start":{"line":135,"column":8},"end":{"line":138,"column":5}}],"line":110},"13":{"loc":{"start":{"line":111,"column":8},"end":{"line":130,"column":13}},"type":"if","locations":[{"start":{"line":111,"column":8},"end":{"line":130,"column":13}},{"start":{},"end":{}}],"line":111},"14":{"loc":{"start":{"line":114,"column":16},"end":{"line":129,"column":17}},"type":"if","locations":[{"start":{"line":114,"column":16},"end":{"line":129,"column":17}},{"start":{"line":119,"column":22},"end":{"line":129,"column":17}}],"line":114},"15":{"loc":{"start":{"line":114,"column":19},"end":{"line":114,"column":69}},"type":"binary-expr","locations":[{"start":{"line":114,"column":19},"end":{"line":114,"column":41}},{"start":{"line":114,"column":45},"end":{"line":114,"column":69}}],"line":114},"16":{"loc":{"start":{"line":119,"column":22},"end":{"line":129,"column":17}},"type":"if","locations":[{"start":{"line":119,"column":22},"end":{"line":129,"column":17}},{"start":{"line":125,"column":22},"end":{"line":129,"column":17}}],"line":119},"17":{"loc":{"start":{"line":125,"column":22},"end":{"line":129,"column":17}},"type":"if","locations":[{"start":{"line":125,"column":22},"end":{"line":129,"column":17}},{"start":{},"end":{}}],"line":125}},"s":{"0":9,"1":9,"2":9,"3":0,"4":0,"5":0,"6":0,"7":0,"8":0,"9":0,"10":0,"11":0,"12":0,"13":0,"14":0,"15":0,"16":0,"17":0,"18":0,"19":0,"20":0,"21":0,"22":0,"23":0,"24":0,"25":0,"26":0,"27":0,"28":0,"29":0,"30":0,"31":0,"32":0,"33":0,"34":0,"35":0,"36":0,"37":0,"38":9,"39":4,"40":3,"41":9,"42":6,"43":6,"44":6,"45":9,"46":9,"47":1,"48":1,"49":1,"50":1,"51":1,"52":2,"53":1,"54":0,"55":0,"56":0,"57":0,"58":0,"59":0,"60":0,"61":0,"62":0,"63":0,"64":0,"65":0,"66":0,"67":0,"68":0,"69":0,"70":0,"71":1,"72":1,"73":1,"74":1,"75":9},"f":{"0":0,"1":0,"2":0,"3":0,"4":9,"5":1,"6":2},"b":{"0":[0,0],"1":[0,0],"2":[0,0,0],"3":[0,0],"4":[0,0],"5":[0,0],"6":[0,0],"7":[0,0],"8":[3,1],"9":[6,3],"10":[1,0],"11":[1,1],"12":[1,1],"13":[0,1],"14":[0,0],"15":[0,0],"16":[0,0],"17":[0,0]},"_coverageSchema":"1a1c01bbd47fc00a2c39e90264f33305004495a9","hash":"de815dce5a5f825eda4f7c65b18851655d899eb8"}
,"C:\\Users\\mendo\\OneDrive - University of Manitoba\\Desktop\\comp 4350\\Full-Stack-Flush\\server\\routes\\HistoryRoute.js": {"path":"C:\\Users\\mendo\\OneDrive - University of Manitoba\\Desktop\\comp 4350\\Full-Stack-Flush\\server\\routes\\HistoryRoute.js","statementMap":{"0":{"start":{"line":1,"column":16},"end":{"line":1,"column":34}},"1":{"start":{"line":2,"column":15},"end":{"line":2,"column":31}},"2":{"start":{"line":3,"column":36},"end":{"line":3,"column":79}},"3":{"start":{"line":5,"column":0},"end":{"line":5,"column":38}},"4":{"start":{"line":6,"column":0},"end":{"line":6,"column":41}},"5":{"start":{"line":8,"column":0},"end":{"line":8,"column":24}}},"fnMap":{},"branchMap":{},"s":{"0":8,"1":8,"2":8,"3":8,"4":8,"5":8},"f":{},"b":{},"_coverageSchema":"1a1c01bbd47fc00a2c39e90264f33305004495a9","hash":"df93a99115bedf005566f2ff79bb8a43aa0b833c"}
,"C:\\Users\\mendo\\OneDrive - University of Manitoba\\Desktop\\comp 4350\\Full-Stack-Flush\\server\\routes\\LeaderboardRoute.js": {"path":"C:\\Users\\mendo\\OneDrive - University of Manitoba\\Desktop\\comp 4350\\Full-Stack-Flush\\server\\routes\\LeaderboardRoute.js","statementMap":{"0":{"start":{"line":1,"column":16},"end":{"line":1,"column":34}},"1":{"start":{"line":2,"column":15},"end":{"line":2,"column":31}},"2":{"start":{"line":3,"column":27},"end":{"line":3,"column":74}},"3":{"start":{"line":5,"column":0},"end":{"line":5,"column":43}},"4":{"start":{"line":7,"column":0},"end":{"line":7,"column":24}}},"fnMap":{},"branchMap":{},"s":{"0":8,"1":8,"2":8,"3":8,"4":8},"f":{},"b":{},"_coverageSchema":"1a1c01bbd47fc00a2c39e90264f33305004495a9","hash":"d46fc0b4cc771bfffb21e21eac81c65dbec1d08e"}
,"C:\\Users\\mendo\\OneDrive - University of Manitoba\\Desktop\\comp 4350\\Full-Stack-Flush\\server\\routes\\PokerRoute.js": {"path":"C:\\Users\\mendo\\OneDrive - University of Manitoba\\Desktop\\comp 4350\\Full-Stack-Flush\\server\\routes\\PokerRoute.js","statementMap":{"0":{"start":{"line":1,"column":16},"end":{"line":1,"column":34}},"1":{"start":{"line":2,"column":15},"end":{"line":2,"column":31}},"2":{"start":{"line":3,"column":53},"end":{"line":3,"column":94}},"3":{"start":{"line":5,"column":0},"end":{"line":5,"column":40}},"4":{"start":{"line":6,"column":0},"end":{"line":6,"column":37}},"5":{"start":{"line":7,"column":0},"end":{"line":7,"column":40}},"6":{"start":{"line":8,"column":0},"end":{"line":8,"column":42}},"7":{"start":{"line":10,"column":0},"end":{"line":10,"column":24}}},"fnMap":{},"branchMap":{},"s":{"0":8,"1":8,"2":8,"3":8,"4":8,"5":8,"6":8,"7":8},"f":{},"b":{},"_coverageSchema":"1a1c01bbd47fc00a2c39e90264f33305004495a9","hash":"cdbb26d2d0b6657fb055851323019663c8c8f78f"}
,"C:\\Users\\mendo\\OneDrive - University of Manitoba\\Desktop\\comp 4350\\Full-Stack-Flush\\server\\routes\\ProfileRoute.js": {"path":"C:\\Users\\mendo\\OneDrive - University of Manitoba\\Desktop\\comp 4350\\Full-Stack-Flush\\server\\routes\\ProfileRoute.js","statementMap":{"0":{"start":{"line":1,"column":16},"end":{"line":1,"column":34}},"1":{"start":{"line":2,"column":15},"end":{"line":2,"column":31}},"2":{"start":{"line":3,"column":146},"end":{"line":3,"column":189}},"3":{"start":{"line":5,"column":0},"end":{"line":5,"column":37}},"4":{"start":{"line":6,"column":0},"end":{"line":6,"column":38}},"5":{"start":{"line":7,"column":0},"end":{"line":7,"column":44}},"6":{"start":{"line":8,"column":0},"end":{"line":8,"column":42}},"7":{"start":{"line":9,"column":0},"end":{"line":9,"column":36}},"8":{"start":{"line":10,"column":0},"end":{"line":10,"column":34}},"9":{"start":{"line":11,"column":0},"end":{"line":11,"column":43}},"10":{"start":{"line":12,"column":0},"end":{"line":12,"column":51}},"11":{"start":{"line":13,"column":0},"end":{"line":13,"column":45}},"12":{"start":{"line":14,"column":0},"end":{"line":14,"column":43}},"13":{"start":{"line":17,"column":0},"end":{"line":17,"column":24}}},"fnMap":{},"branchMap":{},"s":{"0":8,"1":8,"2":8,"3":8,"4":8,"5":8,"6":8,"7":8,"8":8,"9":8,"10":8,"11":8,"12":8,"13":8},"f":{},"b":{},"_coverageSchema":"1a1c01bbd47fc00a2c39e90264f33305004495a9","hash":"fc0aac52295e31121dba88ef4d8d5a0d96f03605"}
,"C:\\Users\\mendo\\OneDrive - University of Manitoba\\Desktop\\comp 4350\\Full-Stack-Flush\\server\\routes\\TutorialRoute.js": {"path":"C:\\Users\\mendo\\OneDrive - University of Manitoba\\Desktop\\comp 4350\\Full-Stack-Flush\\server\\routes\\TutorialRoute.js","statementMap":{"0":{"start":{"line":1,"column":16},"end":{"line":1,"column":34}},"1":{"start":{"line":2,"column":40},"end":{"line":2,"column":87}},"2":{"start":{"line":4,"column":15},"end":{"line":4,"column":31}},"3":{"start":{"line":6,"column":0},"end":{"line":6,"column":43}},"4":{"start":{"line":9,"column":0},"end":{"line":9,"column":24}}},"fnMap":{},"branchMap":{},"s":{"0":8,"1":8,"2":8,"3":8,"4":8},"f":{},"b":{},"_coverageSchema":"1a1c01bbd47fc00a2c39e90264f33305004495a9","hash":"3652d6a7fb18be5667be6ec5e39befa6be62ec70"}
,"C:\\Users\\mendo\\OneDrive - University of Manitoba\\Desktop\\comp 4350\\Full-Stack-Flush\\server\\routes\\UserTutorialRoute.js": {"path":"C:\\Users\\mendo\\OneDrive - University of Manitoba\\Desktop\\comp 4350\\Full-Stack-Flush\\server\\routes\\UserTutorialRoute.js","statementMap":{"0":{"start":{"line":1,"column":16},"end":{"line":1,"column":34}},"1":{"start":{"line":2,"column":51},"end":{"line":2,"column":102}},"2":{"start":{"line":4,"column":15},"end":{"line":4,"column":31}},"3":{"start":{"line":6,"column":0},"end":{"line":6,"column":62}},"4":{"start":{"line":7,"column":0},"end":{"line":7,"column":67}},"5":{"start":{"line":10,"column":0},"end":{"line":10,"column":24}}},"fnMap":{},"branchMap":{},"s":{"0":8,"1":8,"2":8,"3":8,"4":8,"5":8},"f":{},"b":{},"_coverageSchema":"1a1c01bbd47fc00a2c39e90264f33305004495a9","hash":"6c1e26e4c400338fe5e0aa03b4c356e6ae306fdd"}
,"C:\\Users\\mendo\\OneDrive - University of Manitoba\\Desktop\\comp 4350\\Full-Stack-Flush\\server\\routes\\WinLoseRoute.js": {"path":"C:\\Users\\mendo\\OneDrive - University of Manitoba\\Desktop\\comp 4350\\Full-Stack-Flush\\server\\routes\\WinLoseRoute.js","statementMap":{"0":{"start":{"line":1,"column":16},"end":{"line":1,"column":34}},"1":{"start":{"line":2,"column":15},"end":{"line":2,"column":31}},"2":{"start":{"line":3,"column":63},"end":{"line":3,"column":106}},"3":{"start":{"line":5,"column":0},"end":{"line":5,"column":32}},"4":{"start":{"line":6,"column":0},"end":{"line":6,"column":36}},"5":{"start":{"line":7,"column":0},"end":{"line":7,"column":41}},"6":{"start":{"line":8,"column":0},"end":{"line":8,"column":53}},"7":{"start":{"line":10,"column":0},"end":{"line":10,"column":24}}},"fnMap":{},"branchMap":{},"s":{"0":8,"1":8,"2":8,"3":8,"4":8,"5":8,"6":8,"7":8},"f":{},"b":{},"_coverageSchema":"1a1c01bbd47fc00a2c39e90264f33305004495a9","hash":"5f70c92acb36188a642ef87f26dd0d99023e598a"}
,"C:\\Users\\mendo\\OneDrive - University of Manitoba\\Desktop\\comp 4350\\Full-Stack-Flush\\server\\util\\HandleBet.js": {"path":"C:\\Users\\mendo\\OneDrive - University of Manitoba\\Desktop\\comp 4350\\Full-Stack-Flush\\server\\util\\HandleBet.js","statementMap":{"0":{"start":{"line":1,"column":14},"end":{"line":1,"column":30}},"1":{"start":{"line":9,"column":18},"end":{"line":22,"column":1}},"2":{"start":{"line":10,"column":4},"end":{"line":10,"column":26}},"3":{"start":{"line":10,"column":19},"end":{"line":10,"column":26}},"4":{"start":{"line":11,"column":4},"end":{"line":21,"column":5}},"5":{"start":{"line":12,"column":25},"end":{"line":16,"column":9}},"6":{"start":{"line":17,"column":8},"end":{"line":17,"column":43}},"7":{"start":{"line":18,"column":8},"end":{"line":18,"column":28}},"8":{"start":{"line":20,"column":8},"end":{"line":20,"column":56}},"9":{"start":{"line":24,"column":0},"end":{"line":24,"column":31}}},"fnMap":{"0":{"name":"(anonymous_0)","decl":{"start":{"line":9,"column":18},"end":{"line":9,"column":19}},"loc":{"start":{"line":9,"column":43},"end":{"line":22,"column":1}},"line":9}},"branchMap":{"0":{"loc":{"start":{"line":10,"column":4},"end":{"line":10,"column":26}},"type":"if","locations":[{"start":{"line":10,"column":4},"end":{"line":10,"column":26}},{"start":{},"end":{}}],"line":10}},"s":{"0":8,"1":8,"2":0,"3":0,"4":0,"5":0,"6":0,"7":0,"8":0,"9":8},"f":{"0":0},"b":{"0":[0,0]},"_coverageSchema":"1a1c01bbd47fc00a2c39e90264f33305004495a9","hash":"f760d7fffba91669c68c97a6fecf7f1ee6d01c21"}
,"C:\\Users\\mendo\\OneDrive - University of Manitoba\\Desktop\\comp 4350\\Full-Stack-Flush\\server\\util\\HandleWinLoss.js": {"path":"C:\\Users\\mendo\\OneDrive - University of Manitoba\\Desktop\\comp 4350\\Full-Stack-Flush\\server\\util\\HandleWinLoss.js","statementMap":{"0":{"start":{"line":1,"column":14},"end":{"line":1,"column":30}},"1":{"start":{"line":8,"column":18},"end":{"line":20,"column":3}},"2":{"start":{"line":9,"column":4},"end":{"line":9,"column":26}},"3":{"start":{"line":9,"column":19},"end":{"line":9,"column":26}},"4":{"start":{"line":10,"column":4},"end":{"line":19,"column":5}},"5":{"start":{"line":11,"column":23},"end":{"line":15,"column":7}},"6":{"start":{"line":18,"column":6},"end":{"line":18,"column":52}},"7":{"start":{"line":26,"column":19},"end":{"line":38,"column":1}},"8":{"start":{"line":27,"column":2},"end":{"line":27,"column":24}},"9":{"start":{"line":27,"column":17},"end":{"line":27,"column":24}},"10":{"start":{"line":28,"column":4},"end":{"line":37,"column":3}},"11":{"start":{"line":29,"column":23},"end":{"line":33,"column":7}},"12":{"start":{"line":36,"column":4},"end":{"line":36,"column":52}},"13":{"start":{"line":41,"column":2},"end":{"line":41,"column":45}}},"fnMap":{"0":{"name":"(anonymous_0)","decl":{"start":{"line":8,"column":18},"end":{"line":8,"column":19}},"loc":{"start":{"line":8,"column":49},"end":{"line":20,"column":3}},"line":8},"1":{"name":"(anonymous_1)","decl":{"start":{"line":26,"column":19},"end":{"line":26,"column":20}},"loc":{"start":{"line":26,"column":50},"end":{"line":38,"column":1}},"line":26}},"branchMap":{"0":{"loc":{"start":{"line":9,"column":4},"end":{"line":9,"column":26}},"type":"if","locations":[{"start":{"line":9,"column":4},"end":{"line":9,"column":26}},{"start":{},"end":{}}],"line":9},"1":{"loc":{"start":{"line":27,"column":2},"end":{"line":27,"column":24}},"type":"if","locations":[{"start":{"line":27,"column":2},"end":{"line":27,"column":24}},{"start":{},"end":{}}],"line":27}},"s":{"0":8,"1":8,"2":0,"3":0,"4":0,"5":0,"6":0,"7":8,"8":0,"9":0,"10":0,"11":0,"12":0,"13":8},"f":{"0":0,"1":0},"b":{"0":[0,0],"1":[0,0]},"_coverageSchema":"1a1c01bbd47fc00a2c39e90264f33305004495a9","hash":"f125a1d04954e2eb1cb65f5bd9390fe147b049b8"}
,"C:\\Users\\mendo\\OneDrive - University of Manitoba\\Desktop\\comp 4350\\Full-Stack-Flush\\server\\util\\SecretToken.js": {"path":"C:\\Users\\mendo\\OneDrive - University of Manitoba\\Desktop\\comp 4350\\Full-Stack-Flush\\server\\util\\SecretToken.js","statementMap":{"0":{"start":{"line":2,"column":0},"end":{"line":2,"column":27}},"1":{"start":{"line":3,"column":12},"end":{"line":3,"column":35}},"2":{"start":{"line":5,"column":0},"end":{"line":8,"column":2}},"3":{"start":{"line":6,"column":17},"end":{"line":6,"column":55}},"4":{"start":{"line":7,"column":2},"end":{"line":7,"column":67}}},"fnMap":{"0":{"name":"(anonymous_0)","decl":{"start":{"line":5,"column":35},"end":{"line":5,"column":36}},"loc":{"start":{"line":5,"column":43},"end":{"line":8,"column":1}},"line":5}},"branchMap":{"0":{"loc":{"start":{"line":6,"column":17},"end":{"line":6,"column":55}},"type":"binary-expr","locations":[{"start":{"line":6,"column":17},"end":{"line":6,"column":35}},{"start":{"line":6,"column":39},"end":{"line":6,"column":55}}],"line":6}},"s":{"0":8,"1":8,"2":8,"3":3,"4":3},"f":{"0":3},"b":{"0":[3,3]},"_coverageSchema":"1a1c01bbd47fc00a2c39e90264f33305004495a9","hash":"d94efaba42d2f231c2c406c51e8e8ec5c6f3fabe"}
}
