{"/Users/darianhamel/University/Year4/COMP4350/Project/Full-Stack-Flush/server/server.js": {"path":"/Users/darianhamel/University/Year4/COMP4350/Project/Full-Stack-Flush/server/server.js","statementMap":{"0":{"start":{"line":1,"column":16},"end":{"line":1,"column":34}},"1":{"start":{"line":2,"column":17},"end":{"line":2,"column":36}},"2":{"start":{"line":3,"column":13},"end":{"line":3,"column":28}},"3":{"start":{"line":4,"column":30},"end":{"line":4,"column":62}},"4":{"start":{"line":5,"column":18},"end":{"line":5,"column":39}},"5":{"start":{"line":6,"column":21},"end":{"line":6,"column":45}},"6":{"start":{"line":7,"column":0},"end":{"line":7,"column":27}},"7":{"start":{"line":9,"column":18},"end":{"line":9,"column":47}},"8":{"start":{"line":10,"column":21},"end":{"line":10,"column":53}},"9":{"start":{"line":11,"column":21},"end":{"line":11,"column":53}},"10":{"start":{"line":12,"column":25},"end":{"line":12,"column":61}},"11":{"start":{"line":13,"column":22},"end":{"line":13,"column":54}},"12":{"start":{"line":14,"column":23},"end":{"line":14,"column":59}},"13":{"start":{"line":15,"column":19},"end":{"line":15,"column":52}},"14":{"start":{"line":16,"column":18},"end":{"line":16,"column":49}},"15":{"start":{"line":17,"column":22},"end":{"line":17,"column":54}},"16":{"start":{"line":18,"column":26},"end":{"line":18,"column":63}},"17":{"start":{"line":20,"column":28},"end":{"line":20,"column":39}},"18":{"start":{"line":21,"column":12},"end":{"line":21,"column":21}},"19":{"start":{"line":22,"column":0},"end":{"line":22,"column":15}},"20":{"start":{"line":24,"column":0},"end":{"line":36,"column":1}},"21":{"start":{"line":25,"column":2},"end":{"line":28,"column":40}},"22":{"start":{"line":27,"column":16},"end":{"line":27,"column":65}},"23":{"start":{"line":28,"column":20},"end":{"line":28,"column":38}},"24":{"start":{"line":30,"column":0},"end":{"line":35,"column":2}},"25":{"start":{"line":39,"column":0},"end":{"line":47,"column":3}},"26":{"start":{"line":40,"column":2},"end":{"line":40,"column":34}},"27":{"start":{"line":41,"column":15},"end":{"line":41,"column":33}},"28":{"start":{"line":42,"column":14},"end":{"line":42,"column":52}},"29":{"start":{"line":43,"column":2},"end":{"line":43,"column":24}},"30":{"start":{"line":46,"column":2},"end":{"line":46,"column":34}},"31":{"start":{"line":50,"column":0},"end":{"line":52,"column":3}},"32":{"start":{"line":51,"column":2},"end":{"line":51,"column":53}},"33":{"start":{"line":54,"column":0},"end":{"line":54,"column":24}},"34":{"start":{"line":55,"column":0},"end":{"line":55,"column":24}},"35":{"start":{"line":56,"column":0},"end":{"line":56,"column":24}},"36":{"start":{"line":57,"column":0},"end":{"line":57,"column":27}},"37":{"start":{"line":58,"column":0},"end":{"line":58,"column":27}},"38":{"start":{"line":59,"column":0},"end":{"line":59,"column":31}},"39":{"start":{"line":60,"column":0},"end":{"line":60,"column":28}},"40":{"start":{"line":61,"column":0},"end":{"line":61,"column":29}},"41":{"start":{"line":62,"column":0},"end":{"line":62,"column":24}},"42":{"start":{"line":63,"column":0},"end":{"line":63,"column":25}},"43":{"start":{"line":64,"column":0},"end":{"line":64,"column":27}},"44":{"start":{"line":65,"column":0},"end":{"line":65,"column":32}},"45":{"start":{"line":68,"column":0},"end":{"line":68,"column":21}}},"fnMap":{"0":{"name":"(anonymous_0)","decl":{"start":{"line":27,"column":10},"end":{"line":27,"column":11}},"loc":{"start":{"line":27,"column":16},"end":{"line":27,"column":65}},"line":27},"1":{"name":"(anonymous_1)","decl":{"start":{"line":28,"column":11},"end":{"line":28,"column":12}},"loc":{"start":{"line":28,"column":20},"end":{"line":28,"column":38}},"line":28},"2":{"name":"(anonymous_2)","decl":{"start":{"line":39,"column":12},"end":{"line":39,"column":13}},"loc":{"start":{"line":39,"column":25},"end":{"line":47,"column":1}},"line":39},"3":{"name":"(anonymous_3)","decl":{"start":{"line":50,"column":28},"end":{"line":50,"column":29}},"loc":{"start":{"line":50,"column":34},"end":{"line":52,"column":1}},"line":50}},"branchMap":{"0":{"loc":{"start":{"line":24,"column":0},"end":{"line":36,"column":1}},"type":"if","locations":[{"start":{"line":24,"column":0},"end":{"line":36,"column":1}},{"start":{},"end":{}}],"line":24}},"s":{"0":8,"1":8,"2":8,"3":8,"4":8,"5":8,"6":8,"7":8,"8":8,"9":8,"10":8,"11":8,"12":8,"13":8,"14":8,"15":8,"16":8,"17":8,"18":8,"19":8,"20":8,"21":0,"22":0,"23":0,"24":0,"25":8,"26":0,"27":0,"28":0,"29":0,"30":0,"31":8,"32":8,"33":8,"34":8,"35":8,"36":8,"37":8,"38":8,"39":8,"40":8,"41":8,"42":8,"43":8,"44":8,"45":8},"f":{"0":0,"1":0,"2":0,"3":8},"b":{"0":[0,8]},"_coverageSchema":"1a1c01bbd47fc00a2c39e90264f33305004495a9","hash":"d397162262b1708fc30159c2b858e984b6d01031"}
,"/Users/darianhamel/University/Year4/COMP4350/Project/Full-Stack-Flush/server/Controllers/AuthController.js": {"path":"/Users/darianhamel/University/Year4/COMP4350/Project/Full-Stack-Flush/server/Controllers/AuthController.js","statementMap":{"0":{"start":{"line":1,"column":13},"end":{"line":1,"column":43}},"1":{"start":{"line":2,"column":30},"end":{"line":2,"column":60}},"2":{"start":{"line":3,"column":15},"end":{"line":3,"column":34}},"3":{"start":{"line":9,"column":0},"end":{"line":54,"column":2}},"4":{"start":{"line":10,"column":2},"end":{"line":53,"column":3}},"5":{"start":{"line":11,"column":21},"end":{"line":11,"column":50}},"6":{"start":{"line":12,"column":21},"end":{"line":12,"column":50}},"7":{"start":{"line":14,"column":4},"end":{"line":16,"column":5}},"8":{"start":{"line":15,"column":6},"end":{"line":15,"column":75}},"9":{"start":{"line":18,"column":25},"end":{"line":18,"column":57}},"10":{"start":{"line":19,"column":4},"end":{"line":21,"column":5}},"11":{"start":{"line":20,"column":6},"end":{"line":20,"column":70}},"12":{"start":{"line":23,"column":20},"end":{"line":23,"column":23}},"13":{"start":{"line":24,"column":17},"end":{"line":24,"column":18}},"14":{"start":{"line":25,"column":19},"end":{"line":25,"column":20}},"15":{"start":{"line":26,"column":22},"end":{"line":26,"column":23}},"16":{"start":{"line":27,"column":23},"end":{"line":27,"column":24}},"17":{"start":{"line":28,"column":17},"end":{"line":36,"column":6}},"18":{"start":{"line":38,"column":18},"end":{"line":38,"column":45}},"19":{"start":{"line":40,"column":4},"end":{"line":43,"column":7}},"20":{"start":{"line":45,"column":4},"end":{"line":48,"column":7}},"21":{"start":{"line":50,"column":4},"end":{"line":50,"column":11}},"22":{"start":{"line":52,"column":4},"end":{"line":52,"column":54}},"23":{"start":{"line":59,"column":0},"end":{"line":88,"column":3}},"24":{"start":{"line":60,"column":4},"end":{"line":87,"column":5}},"25":{"start":{"line":61,"column":23},"end":{"line":61,"column":52}},"26":{"start":{"line":62,"column":23},"end":{"line":62,"column":52}},"27":{"start":{"line":64,"column":6},"end":{"line":66,"column":7}},"28":{"start":{"line":65,"column":8},"end":{"line":65,"column":72}},"29":{"start":{"line":67,"column":6},"end":{"line":69,"column":7}},"30":{"start":{"line":68,"column":8},"end":{"line":68,"column":72}},"31":{"start":{"line":70,"column":19},"end":{"line":70,"column":51}},"32":{"start":{"line":71,"column":6},"end":{"line":73,"column":7}},"33":{"start":{"line":72,"column":8},"end":{"line":72,"column":80}},"34":{"start":{"line":74,"column":19},"end":{"line":74,"column":64}},"35":{"start":{"line":75,"column":6},"end":{"line":77,"column":7}},"36":{"start":{"line":76,"column":8},"end":{"line":76,"column":79}},"37":{"start":{"line":78,"column":21},"end":{"line":78,"column":48}},"38":{"start":{"line":79,"column":7},"end":{"line":82,"column":10}},"39":{"start":{"line":83,"column":7},"end":{"line":83,"column":95}},"40":{"start":{"line":84,"column":7},"end":{"line":84,"column":14}},"41":{"start":{"line":86,"column":6},"end":{"line":86,"column":56}}},"fnMap":{"0":{"name":"(anonymous_0)","decl":{"start":{"line":9,"column":24},"end":{"line":9,"column":25}},"loc":{"start":{"line":9,"column":50},"end":{"line":54,"column":1}},"line":9},"1":{"name":"(anonymous_1)","decl":{"start":{"line":59,"column":23},"end":{"line":59,"column":24}},"loc":{"start":{"line":59,"column":49},"end":{"line":88,"column":3}},"line":59}},"branchMap":{"0":{"loc":{"start":{"line":14,"column":4},"end":{"line":16,"column":5}},"type":"if","locations":[{"start":{"line":14,"column":4},"end":{"line":16,"column":5}},{"start":{},"end":{}}],"line":14},"1":{"loc":{"start":{"line":14,"column":8},"end":{"line":14,"column":54}},"type":"binary-expr","locations":[{"start":{"line":14,"column":8},"end":{"line":14,"column":29}},{"start":{"line":14,"column":33},"end":{"line":14,"column":54}}],"line":14},"2":{"loc":{"start":{"line":19,"column":4},"end":{"line":21,"column":5}},"type":"if","locations":[{"start":{"line":19,"column":4},"end":{"line":21,"column":5}},{"start":{},"end":{}}],"line":19},"3":{"loc":{"start":{"line":31,"column":15},"end":{"line":31,"column":29}},"type":"binary-expr","locations":[{"start":{"line":31,"column":15},"end":{"line":31,"column":22}},{"start":{"line":31,"column":26},"end":{"line":31,"column":29}}],"line":31},"4":{"loc":{"start":{"line":32,"column":12},"end":{"line":32,"column":21}},"type":"binary-expr","locations":[{"start":{"line":32,"column":12},"end":{"line":32,"column":16}},{"start":{"line":32,"column":20},"end":{"line":32,"column":21}}],"line":32},"5":{"loc":{"start":{"line":33,"column":14},"end":{"line":33,"column":25}},"type":"binary-expr","locations":[{"start":{"line":33,"column":14},"end":{"line":33,"column":20}},{"start":{"line":33,"column":24},"end":{"line":33,"column":25}}],"line":33},"6":{"loc":{"start":{"line":34,"column":17},"end":{"line":34,"column":31}},"type":"binary-expr","locations":[{"start":{"line":34,"column":17},"end":{"line":34,"column":26}},{"start":{"line":34,"column":30},"end":{"line":34,"column":31}}],"line":34},"7":{"loc":{"start":{"line":35,"column":18},"end":{"line":35,"column":33}},"type":"binary-expr","locations":[{"start":{"line":35,"column":18},"end":{"line":35,"column":28}},{"start":{"line":35,"column":32},"end":{"line":35,"column":33}}],"line":35},"8":{"loc":{"start":{"line":64,"column":6},"end":{"line":66,"column":7}},"type":"if","locations":[{"start":{"line":64,"column":6},"end":{"line":66,"column":7}},{"start":{},"end":{}}],"line":64},"9":{"loc":{"start":{"line":67,"column":6},"end":{"line":69,"column":7}},"type":"if","locations":[{"start":{"line":67,"column":6},"end":{"line":69,"column":7}},{"start":{},"end":{}}],"line":67},"10":{"loc":{"start":{"line":71,"column":6},"end":{"line":73,"column":7}},"type":"if","locations":[{"start":{"line":71,"column":6},"end":{"line":73,"column":7}},{"start":{},"end":{}}],"line":71},"11":{"loc":{"start":{"line":75,"column":6},"end":{"line":77,"column":7}},"type":"if","locations":[{"start":{"line":75,"column":6},"end":{"line":77,"column":7}},{"start":{},"end":{}}],"line":75}},"s":{"0":10,"1":10,"2":10,"3":10,"4":11,"5":11,"6":11,"7":11,"8":2,"9":9,"10":7,"11":2,"12":5,"13":5,"14":5,"15":5,"16":5,"17":5,"18":5,"19":5,"20":5,"21":5,"22":2,"23":10,"24":12,"25":12,"26":12,"27":12,"28":1,"29":11,"30":2,"31":9,"32":7,"33":2,"34":5,"35":5,"36":2,"37":3,"38":3,"39":3,"40":3,"41":2},"f":{"0":11,"1":12},"b":{"0":[2,9],"1":[11,10],"2":[2,5],"3":[5,0],"4":[5,0],"5":[5,0],"6":[5,0],"7":[5,0],"8":[1,11],"9":[2,9],"10":[2,5],"11":[2,3]},"_coverageSchema":"1a1c01bbd47fc00a2c39e90264f33305004495a9","hash":"14bac0aaec51f2f018c476dd247f28659805e3a8"}
,"/Users/darianhamel/University/Year4/COMP4350/Project/Full-Stack-Flush/server/Controllers/BalanceController.js": {"path":"/Users/darianhamel/University/Year4/COMP4350/Project/Full-Stack-Flush/server/Controllers/BalanceController.js","statementMap":{"0":{"start":{"line":1,"column":13},"end":{"line":1,"column":43}},"1":{"start":{"line":2,"column":16},"end":{"line":2,"column":44}},"2":{"start":{"line":3,"column":15},"end":{"line":3,"column":34}},"3":{"start":{"line":8,"column":0},"end":{"line":19,"column":4}},"4":{"start":{"line":9,"column":22},"end":{"line":9,"column":52}},"5":{"start":{"line":10,"column":4},"end":{"line":18,"column":5}},"6":{"start":{"line":11,"column":19},"end":{"line":11,"column":61}},"7":{"start":{"line":12,"column":6},"end":{"line":14,"column":7}},"8":{"start":{"line":13,"column":8},"end":{"line":13,"column":67}},"9":{"start":{"line":15,"column":6},"end":{"line":15,"column":54}},"10":{"start":{"line":17,"column":6},"end":{"line":17,"column":56}},"11":{"start":{"line":24,"column":0},"end":{"line":68,"column":2}},"12":{"start":{"line":25,"column":16},"end":{"line":30,"column":3}},"13":{"start":{"line":31,"column":2},"end":{"line":33,"column":3}},"14":{"start":{"line":32,"column":4},"end":{"line":32,"column":122}},"15":{"start":{"line":35,"column":2},"end":{"line":67,"column":3}},"16":{"start":{"line":36,"column":17},"end":{"line":36,"column":65}},"17":{"start":{"line":37,"column":4},"end":{"line":39,"column":5}},"18":{"start":{"line":38,"column":6},"end":{"line":38,"column":81}},"19":{"start":{"line":41,"column":17},"end":{"line":41,"column":68}},"20":{"start":{"line":42,"column":4},"end":{"line":44,"column":5}},"21":{"start":{"line":43,"column":6},"end":{"line":43,"column":84}},"22":{"start":{"line":46,"column":23},"end":{"line":46,"column":50}},"23":{"start":{"line":47,"column":4},"end":{"line":49,"column":5}},"24":{"start":{"line":48,"column":6},"end":{"line":48,"column":87}},"25":{"start":{"line":51,"column":4},"end":{"line":51,"column":30}},"26":{"start":{"line":52,"column":4},"end":{"line":52,"column":22}},"27":{"start":{"line":53,"column":24},"end":{"line":53,"column":36}},"28":{"start":{"line":54,"column":17},"end":{"line":54,"column":26}},"29":{"start":{"line":55,"column":4},"end":{"line":60,"column":7}},"30":{"start":{"line":62,"column":4},"end":{"line":62,"column":67}},"31":{"start":{"line":65,"column":4},"end":{"line":65,"column":70}},"32":{"start":{"line":66,"column":4},"end":{"line":66,"column":23}},"33":{"start":{"line":74,"column":0},"end":{"line":113,"column":2}},"34":{"start":{"line":75,"column":16},"end":{"line":75,"column":121}},"35":{"start":{"line":77,"column":2},"end":{"line":82,"column":3}},"36":{"start":{"line":78,"column":4},"end":{"line":81,"column":7}},"37":{"start":{"line":84,"column":2},"end":{"line":112,"column":3}},"38":{"start":{"line":85,"column":17},"end":{"line":85,"column":49}},"39":{"start":{"line":86,"column":4},"end":{"line":88,"column":5}},"40":{"start":{"line":87,"column":6},"end":{"line":87,"column":81}},"41":{"start":{"line":90,"column":23},"end":{"line":90,"column":58}},"42":{"start":{"line":91,"column":4},"end":{"line":93,"column":5}},"43":{"start":{"line":92,"column":6},"end":{"line":92,"column":87}},"44":{"start":{"line":95,"column":4},"end":{"line":95,"column":30}},"45":{"start":{"line":96,"column":4},"end":{"line":96,"column":22}},"46":{"start":{"line":97,"column":4},"end":{"line":97,"column":28}},"47":{"start":{"line":98,"column":4},"end":{"line":98,"column":30}},"48":{"start":{"line":99,"column":24},"end":{"line":99,"column":36}},"49":{"start":{"line":100,"column":17},"end":{"line":100,"column":24}},"50":{"start":{"line":101,"column":4},"end":{"line":106,"column":6}},"51":{"start":{"line":108,"column":4},"end":{"line":108,"column":67}},"52":{"start":{"line":110,"column":4},"end":{"line":110,"column":52}},"53":{"start":{"line":111,"column":4},"end":{"line":111,"column":70}},"54":{"start":{"line":115,"column":0},"end":{"line":138,"column":2}},"55":{"start":{"line":116,"column":16},"end":{"line":116,"column":98}},"56":{"start":{"line":118,"column":2},"end":{"line":120,"column":3}},"57":{"start":{"line":119,"column":4},"end":{"line":119,"column":85}},"58":{"start":{"line":122,"column":2},"end":{"line":137,"column":3}},"59":{"start":{"line":123,"column":17},"end":{"line":123,"column":53}},"60":{"start":{"line":124,"column":4},"end":{"line":126,"column":5}},"61":{"start":{"line":125,"column":6},"end":{"line":125,"column":81}},"62":{"start":{"line":128,"column":4},"end":{"line":128,"column":50}},"63":{"start":{"line":129,"column":4},"end":{"line":129,"column":22}},"64":{"start":{"line":131,"column":4},"end":{"line":131,"column":33}},"65":{"start":{"line":133,"column":4},"end":{"line":133,"column":130}},"66":{"start":{"line":135,"column":4},"end":{"line":135,"column":56}},"67":{"start":{"line":136,"column":4},"end":{"line":136,"column":70}}},"fnMap":{"0":{"name":"(anonymous_0)","decl":{"start":{"line":8,"column":28},"end":{"line":8,"column":29}},"loc":{"start":{"line":8,"column":48},"end":{"line":19,"column":3}},"line":8},"1":{"name":"(anonymous_1)","decl":{"start":{"line":24,"column":31},"end":{"line":24,"column":32}},"loc":{"start":{"line":24,"column":51},"end":{"line":68,"column":1}},"line":24},"2":{"name":"(anonymous_2)","decl":{"start":{"line":74,"column":46},"end":{"line":74,"column":47}},"loc":{"start":{"line":74,"column":66},"end":{"line":113,"column":1}},"line":74},"3":{"name":"(anonymous_3)","decl":{"start":{"line":115,"column":34},"end":{"line":115,"column":35}},"loc":{"start":{"line":115,"column":54},"end":{"line":138,"column":1}},"line":115}},"branchMap":{"0":{"loc":{"start":{"line":12,"column":6},"end":{"line":14,"column":7}},"type":"if","locations":[{"start":{"line":12,"column":6},"end":{"line":14,"column":7}},{"start":{},"end":{}}],"line":12},"1":{"loc":{"start":{"line":27,"column":12},"end":{"line":27,"column":40}},"type":"binary-expr","locations":[{"start":{"line":27,"column":12},"end":{"line":27,"column":35}},{"start":{"line":27,"column":39},"end":{"line":27,"column":40}}],"line":27},"2":{"loc":{"start":{"line":31,"column":2},"end":{"line":33,"column":3}},"type":"if","locations":[{"start":{"line":31,"column":2},"end":{"line":33,"column":3}},{"start":{},"end":{}}],"line":31},"3":{"loc":{"start":{"line":31,"column":6},"end":{"line":31,"column":43}},"type":"binary-expr","locations":[{"start":{"line":31,"column":6},"end":{"line":31,"column":21}},{"start":{"line":31,"column":25},"end":{"line":31,"column":43}}],"line":31},"4":{"loc":{"start":{"line":37,"column":4},"end":{"line":39,"column":5}},"type":"if","locations":[{"start":{"line":37,"column":4},"end":{"line":39,"column":5}},{"start":{},"end":{}}],"line":37},"5":{"loc":{"start":{"line":42,"column":4},"end":{"line":44,"column":5}},"type":"if","locations":[{"start":{"line":42,"column":4},"end":{"line":44,"column":5}},{"start":{},"end":{}}],"line":42},"6":{"loc":{"start":{"line":47,"column":4},"end":{"line":49,"column":5}},"type":"if","locations":[{"start":{"line":47,"column":4},"end":{"line":49,"column":5}},{"start":{},"end":{}}],"line":47},"7":{"loc":{"start":{"line":77,"column":2},"end":{"line":82,"column":3}},"type":"if","locations":[{"start":{"line":77,"column":2},"end":{"line":82,"column":3}},{"start":{},"end":{}}],"line":77},"8":{"loc":{"start":{"line":77,"column":6},"end":{"line":77,"column":57}},"type":"binary-expr","locations":[{"start":{"line":77,"column":6},"end":{"line":77,"column":21}},{"start":{"line":77,"column":25},"end":{"line":77,"column":57}}],"line":77},"9":{"loc":{"start":{"line":86,"column":4},"end":{"line":88,"column":5}},"type":"if","locations":[{"start":{"line":86,"column":4},"end":{"line":88,"column":5}},{"start":{},"end":{}}],"line":86},"10":{"loc":{"start":{"line":91,"column":4},"end":{"line":93,"column":5}},"type":"if","locations":[{"start":{"line":91,"column":4},"end":{"line":93,"column":5}},{"start":{},"end":{}}],"line":91},"11":{"loc":{"start":{"line":118,"column":2},"end":{"line":120,"column":3}},"type":"if","locations":[{"start":{"line":118,"column":2},"end":{"line":120,"column":3}},{"start":{},"end":{}}],"line":118},"12":{"loc":{"start":{"line":118,"column":6},"end":{"line":118,"column":48}},"type":"binary-expr","locations":[{"start":{"line":118,"column":6},"end":{"line":118,"column":21}},{"start":{"line":118,"column":25},"end":{"line":118,"column":48}}],"line":118},"13":{"loc":{"start":{"line":124,"column":4},"end":{"line":126,"column":5}},"type":"if","locations":[{"start":{"line":124,"column":4},"end":{"line":126,"column":5}},{"start":{},"end":{}}],"line":124}},"s":{"0":9,"1":9,"2":9,"3":9,"4":5,"5":5,"6":5,"7":4,"8":2,"9":2,"10":1,"11":9,"12":11,"13":11,"14":1,"15":10,"16":10,"17":9,"18":1,"19":8,"20":8,"21":2,"22":6,"23":6,"24":2,"25":4,"26":4,"27":3,"28":3,"29":3,"30":3,"31":2,"32":2,"33":9,"34":0,"35":0,"36":0,"37":0,"38":0,"39":0,"40":0,"41":0,"42":0,"43":0,"44":0,"45":0,"46":0,"47":0,"48":0,"49":0,"50":0,"51":0,"52":0,"53":0,"54":9,"55":0,"56":0,"57":0,"58":0,"59":0,"60":0,"61":0,"62":0,"63":0,"64":0,"65":0,"66":0,"67":0},"f":{"0":5,"1":11,"2":0,"3":0},"b":{"0":[2,2],"1":[11,0],"2":[1,10],"3":[11,10],"4":[1,8],"5":[2,6],"6":[2,4],"7":[0,0],"8":[0,0],"9":[0,0],"10":[0,0],"11":[0,0],"12":[0,0],"13":[0,0]},"_coverageSchema":"1a1c01bbd47fc00a2c39e90264f33305004495a9","hash":"cad06b4665eb08c44d33d161d0ab00f4472b4ba6"}
,"/Users/darianhamel/University/Year4/COMP4350/Project/Full-Stack-Flush/server/Controllers/BetController.js": {"path":"/Users/darianhamel/University/Year4/COMP4350/Project/Full-Stack-Flush/server/Controllers/BetController.js","statementMap":{"0":{"start":{"line":1,"column":13},"end":{"line":1,"column":43}},"1":{"start":{"line":9,"column":0},"end":{"line":44,"column":2}},"2":{"start":{"line":10,"column":21},"end":{"line":10,"column":49}},"3":{"start":{"line":11,"column":18},"end":{"line":11,"column":43}},"4":{"start":{"line":12,"column":15},"end":{"line":12,"column":17}},"5":{"start":{"line":14,"column":4},"end":{"line":43,"column":5}},"6":{"start":{"line":15,"column":21},"end":{"line":15,"column":53}},"7":{"start":{"line":16,"column":8},"end":{"line":18,"column":9}},"8":{"start":{"line":17,"column":12},"end":{"line":17,"column":71}},"9":{"start":{"line":19,"column":8},"end":{"line":21,"column":9}},"10":{"start":{"line":20,"column":12},"end":{"line":20,"column":77}},"11":{"start":{"line":25,"column":8},"end":{"line":25,"column":38}},"12":{"start":{"line":26,"column":8},"end":{"line":26,"column":37}},"13":{"start":{"line":27,"column":8},"end":{"line":27,"column":26}},"14":{"start":{"line":29,"column":8},"end":{"line":37,"column":9}},"15":{"start":{"line":30,"column":34},"end":{"line":30,"column":54}},"16":{"start":{"line":31,"column":41},"end":{"line":31,"column":96}},"17":{"start":{"line":32,"column":12},"end":{"line":32,"column":60}},"18":{"start":{"line":33,"column":12},"end":{"line":33,"column":73}},"19":{"start":{"line":34,"column":12},"end":{"line":36,"column":13}},"20":{"start":{"line":35,"column":16},"end":{"line":35,"column":77}},"21":{"start":{"line":38,"column":8},"end":{"line":38,"column":69}},"22":{"start":{"line":41,"column":8},"end":{"line":41,"column":58}},"23":{"start":{"line":42,"column":8},"end":{"line":42,"column":27}}},"fnMap":{"0":{"name":"(anonymous_0)","decl":{"start":{"line":9,"column":21},"end":{"line":9,"column":22}},"loc":{"start":{"line":9,"column":41},"end":{"line":44,"column":1}},"line":9}},"branchMap":{"0":{"loc":{"start":{"line":16,"column":8},"end":{"line":18,"column":9}},"type":"if","locations":[{"start":{"line":16,"column":8},"end":{"line":18,"column":9}},{"start":{},"end":{}}],"line":16},"1":{"loc":{"start":{"line":19,"column":8},"end":{"line":21,"column":9}},"type":"if","locations":[{"start":{"line":19,"column":8},"end":{"line":21,"column":9}},{"start":{},"end":{}}],"line":19},"2":{"loc":{"start":{"line":29,"column":8},"end":{"line":37,"column":9}},"type":"if","locations":[{"start":{"line":29,"column":8},"end":{"line":37,"column":9}},{"start":{},"end":{}}],"line":29},"3":{"loc":{"start":{"line":31,"column":41},"end":{"line":31,"column":96}},"type":"binary-expr","locations":[{"start":{"line":31,"column":42},"end":{"line":31,"column":90}},{"start":{"line":31,"column":95},"end":{"line":31,"column":96}}],"line":31},"4":{"loc":{"start":{"line":34,"column":12},"end":{"line":36,"column":13}},"type":"if","locations":[{"start":{"line":34,"column":12},"end":{"line":36,"column":13}},{"start":{},"end":{}}],"line":34}},"s":{"0":8,"1":8,"2":0,"3":0,"4":0,"5":0,"6":0,"7":0,"8":0,"9":0,"10":0,"11":0,"12":0,"13":0,"14":0,"15":0,"16":0,"17":0,"18":0,"19":0,"20":0,"21":0,"22":0,"23":0},"f":{"0":0},"b":{"0":[0,0],"1":[0,0],"2":[0,0],"3":[0,0],"4":[0,0]},"_coverageSchema":"1a1c01bbd47fc00a2c39e90264f33305004495a9","hash":"a373bf57c4d805eead389c2e2f1058bf1a812b32"}
,"/Users/darianhamel/University/Year4/COMP4350/Project/Full-Stack-Flush/server/Controllers/HistoryController.js": {"path":"/Users/darianhamel/University/Year4/COMP4350/Project/Full-Stack-Flush/server/Controllers/HistoryController.js","statementMap":{"0":{"start":{"line":1,"column":13},"end":{"line":1,"column":43}},"1":{"start":{"line":2,"column":16},"end":{"line":2,"column":44}},"2":{"start":{"line":8,"column":0},"end":{"line":25,"column":2}},"3":{"start":{"line":9,"column":4},"end":{"line":24,"column":5}},"4":{"start":{"line":10,"column":26},"end":{"line":10,"column":55}},"5":{"start":{"line":12,"column":8},"end":{"line":14,"column":9}},"6":{"start":{"line":13,"column":12},"end":{"line":13,"column":77}},"7":{"start":{"line":16,"column":28},"end":{"line":16,"column":60}},"8":{"start":{"line":17,"column":8},"end":{"line":19,"column":9}},"9":{"start":{"line":18,"column":12},"end":{"line":18,"column":86}},"10":{"start":{"line":21,"column":8},"end":{"line":21,"column":42}},"11":{"start":{"line":23,"column":8},"end":{"line":23,"column":58}},"12":{"start":{"line":32,"column":0},"end":{"line":61,"column":2}},"13":{"start":{"line":33,"column":4},"end":{"line":60,"column":5}},"14":{"start":{"line":34,"column":22},"end":{"line":34,"column":170}},"15":{"start":{"line":36,"column":8},"end":{"line":38,"column":9}},"16":{"start":{"line":37,"column":12},"end":{"line":37,"column":81}},"17":{"start":{"line":40,"column":29},"end":{"line":40,"column":65}},"18":{"start":{"line":41,"column":8},"end":{"line":43,"column":9}},"19":{"start":{"line":42,"column":12},"end":{"line":42,"column":75}},"20":{"start":{"line":45,"column":8},"end":{"line":47,"column":9}},"21":{"start":{"line":46,"column":12},"end":{"line":46,"column":74}},"22":{"start":{"line":49,"column":28},"end":{"line":54,"column":9}},"23":{"start":{"line":56,"column":8},"end":{"line":56,"column":68}},"24":{"start":{"line":58,"column":8},"end":{"line":58,"column":27}},"25":{"start":{"line":59,"column":8},"end":{"line":59,"column":58}}},"fnMap":{"0":{"name":"(anonymous_0)","decl":{"start":{"line":8,"column":28},"end":{"line":8,"column":29}},"loc":{"start":{"line":8,"column":54},"end":{"line":25,"column":1}},"line":8},"1":{"name":"(anonymous_1)","decl":{"start":{"line":32,"column":29},"end":{"line":32,"column":30}},"loc":{"start":{"line":32,"column":55},"end":{"line":61,"column":1}},"line":32}},"branchMap":{"0":{"loc":{"start":{"line":12,"column":8},"end":{"line":14,"column":9}},"type":"if","locations":[{"start":{"line":12,"column":8},"end":{"line":14,"column":9}},{"start":{},"end":{}}],"line":12},"1":{"loc":{"start":{"line":17,"column":8},"end":{"line":19,"column":9}},"type":"if","locations":[{"start":{"line":17,"column":8},"end":{"line":19,"column":9}},{"start":{},"end":{}}],"line":17},"2":{"loc":{"start":{"line":36,"column":8},"end":{"line":38,"column":9}},"type":"if","locations":[{"start":{"line":36,"column":8},"end":{"line":38,"column":9}},{"start":{},"end":{}}],"line":36},"3":{"loc":{"start":{"line":36,"column":12},"end":{"line":36,"column":103}},"type":"binary-expr","locations":[{"start":{"line":36,"column":12},"end":{"line":36,"column":40}},{"start":{"line":36,"column":44},"end":{"line":36,"column":75}},{"start":{"line":36,"column":79},"end":{"line":36,"column":103}}],"line":36},"4":{"loc":{"start":{"line":41,"column":8},"end":{"line":43,"column":9}},"type":"if","locations":[{"start":{"line":41,"column":8},"end":{"line":43,"column":9}},{"start":{},"end":{}}],"line":41},"5":{"loc":{"start":{"line":45,"column":8},"end":{"line":47,"column":9}},"type":"if","locations":[{"start":{"line":45,"column":8},"end":{"line":47,"column":9}},{"start":{},"end":{}}],"line":45},"6":{"loc":{"start":{"line":45,"column":12},"end":{"line":45,"column":74}},"type":"binary-expr","locations":[{"start":{"line":45,"column":12},"end":{"line":45,"column":30}},{"start":{"line":45,"column":34},"end":{"line":45,"column":54}},{"start":{"line":45,"column":58},"end":{"line":45,"column":74}}],"line":45}},"s":{"0":8,"1":8,"2":8,"3":0,"4":0,"5":0,"6":0,"7":0,"8":0,"9":0,"10":0,"11":0,"12":8,"13":0,"14":0,"15":0,"16":0,"17":0,"18":0,"19":0,"20":0,"21":0,"22":0,"23":0,"24":0,"25":0},"f":{"0":0,"1":0},"b":{"0":[0,0],"1":[0,0],"2":[0,0],"3":[0,0,0],"4":[0,0],"5":[0,0],"6":[0,0,0]},"_coverageSchema":"1a1c01bbd47fc00a2c39e90264f33305004495a9","hash":"145d89d498ea7826f229c84bfa07fd6b67ec7c5c"}
,"/Users/darianhamel/University/Year4/COMP4350/Project/Full-Stack-Flush/server/Controllers/LeaderboardController.js": {"path":"/Users/darianhamel/University/Year4/COMP4350/Project/Full-Stack-Flush/server/Controllers/LeaderboardController.js","statementMap":{"0":{"start":{"line":1,"column":13},"end":{"line":1,"column":43}},"1":{"start":{"line":7,"column":0},"end":{"line":32,"column":2}},"2":{"start":{"line":8,"column":4},"end":{"line":31,"column":5}},"3":{"start":{"line":9,"column":23},"end":{"line":9,"column":61}},"4":{"start":{"line":10,"column":22},"end":{"line":10,"column":59}},"5":{"start":{"line":11,"column":23},"end":{"line":11,"column":57}},"6":{"start":{"line":13,"column":27},"end":{"line":13,"column":100}},"7":{"start":{"line":15,"column":8},"end":{"line":17,"column":9}},"8":{"start":{"line":16,"column":12},"end":{"line":16,"column":75}},"9":{"start":{"line":19,"column":29},"end":{"line":19,"column":64}},"10":{"start":{"line":21,"column":22},"end":{"line":21,"column":53}},"11":{"start":{"line":23,"column":8},"end":{"line":23,"column":54}},"12":{"start":{"line":24,"column":8},"end":{"line":24,"column":64}},"13":{"start":{"line":25,"column":8},"end":{"line":25,"column":73}},"14":{"start":{"line":27,"column":8},"end":{"line":27,"column":38}},"15":{"start":{"line":30,"column":8},"end":{"line":30,"column":87}},"16":{"start":{"line":37,"column":0},"end":{"line":48,"column":2}},"17":{"start":{"line":38,"column":25},"end":{"line":38,"column":27}},"18":{"start":{"line":40,"column":4},"end":{"line":45,"column":5}},"19":{"start":{"line":41,"column":8},"end":{"line":41,"column":51}},"20":{"start":{"line":43,"column":9},"end":{"line":45,"column":5}},"21":{"start":{"line":44,"column":8},"end":{"line":44,"column":54}},"22":{"start":{"line":47,"column":4},"end":{"line":47,"column":26}},"23":{"start":{"line":53,"column":0},"end":{"line":60,"column":2}},"24":{"start":{"line":54,"column":4},"end":{"line":59,"column":8}},"25":{"start":{"line":54,"column":30},"end":{"line":59,"column":5}},"26":{"start":{"line":65,"column":0},"end":{"line":77,"column":2}},"27":{"start":{"line":66,"column":4},"end":{"line":76,"column":7}},"28":{"start":{"line":67,"column":8},"end":{"line":71,"column":9}},"29":{"start":{"line":68,"column":12},"end":{"line":70,"column":87}},"30":{"start":{"line":73,"column":8},"end":{"line":75,"column":40}}},"fnMap":{"0":{"name":"(anonymous_0)","decl":{"start":{"line":7,"column":32},"end":{"line":7,"column":33}},"loc":{"start":{"line":7,"column":51},"end":{"line":32,"column":1}},"line":7},"1":{"name":"(anonymous_1)","decl":{"start":{"line":37,"column":30},"end":{"line":37,"column":31}},"loc":{"start":{"line":37,"column":42},"end":{"line":48,"column":1}},"line":37},"2":{"name":"(anonymous_2)","decl":{"start":{"line":53,"column":39},"end":{"line":53,"column":40}},"loc":{"start":{"line":53,"column":50},"end":{"line":60,"column":1}},"line":53},"3":{"name":"(anonymous_3)","decl":{"start":{"line":54,"column":21},"end":{"line":54,"column":22}},"loc":{"start":{"line":54,"column":30},"end":{"line":59,"column":5}},"line":54},"4":{"name":"(anonymous_4)","decl":{"start":{"line":65,"column":33},"end":{"line":65,"column":34}},"loc":{"start":{"line":65,"column":59},"end":{"line":77,"column":1}},"line":65},"5":{"name":"(anonymous_5)","decl":{"start":{"line":66,"column":22},"end":{"line":66,"column":23}},"loc":{"start":{"line":66,"column":40},"end":{"line":76,"column":5}},"line":66}},"branchMap":{"0":{"loc":{"start":{"line":9,"column":23},"end":{"line":9,"column":61}},"type":"binary-expr","locations":[{"start":{"line":9,"column":23},"end":{"line":9,"column":51}},{"start":{"line":9,"column":55},"end":{"line":9,"column":61}}],"line":9},"1":{"loc":{"start":{"line":10,"column":22},"end":{"line":10,"column":59}},"type":"binary-expr","locations":[{"start":{"line":10,"column":22},"end":{"line":10,"column":49}},{"start":{"line":10,"column":53},"end":{"line":10,"column":59}}],"line":10},"2":{"loc":{"start":{"line":11,"column":23},"end":{"line":11,"column":57}},"type":"binary-expr","locations":[{"start":{"line":11,"column":23},"end":{"line":11,"column":51}},{"start":{"line":11,"column":55},"end":{"line":11,"column":57}}],"line":11},"3":{"loc":{"start":{"line":15,"column":8},"end":{"line":17,"column":9}},"type":"if","locations":[{"start":{"line":15,"column":8},"end":{"line":17,"column":9}},{"start":{},"end":{}}],"line":15},"4":{"loc":{"start":{"line":40,"column":4},"end":{"line":45,"column":5}},"type":"if","locations":[{"start":{"line":40,"column":4},"end":{"line":45,"column":5}},{"start":{"line":43,"column":9},"end":{"line":45,"column":5}}],"line":40},"5":{"loc":{"start":{"line":43,"column":9},"end":{"line":45,"column":5}},"type":"if","locations":[{"start":{"line":43,"column":9},"end":{"line":45,"column":5}},{"start":{},"end":{}}],"line":43},"6":{"loc":{"start":{"line":56,"column":22},"end":{"line":58,"column":19}},"type":"cond-expr","locations":[{"start":{"line":57,"column":10},"end":{"line":57,"column":44}},{"start":{"line":58,"column":10},"end":{"line":58,"column":19}}],"line":56},"7":{"loc":{"start":{"line":67,"column":8},"end":{"line":71,"column":9}},"type":"if","locations":[{"start":{"line":67,"column":8},"end":{"line":71,"column":9}},{"start":{},"end":{}}],"line":67},"8":{"loc":{"start":{"line":68,"column":19},"end":{"line":70,"column":86}},"type":"cond-expr","locations":[{"start":{"line":69,"column":14},"end":{"line":69,"column":86}},{"start":{"line":70,"column":14},"end":{"line":70,"column":86}}],"line":68},"9":{"loc":{"start":{"line":73,"column":15},"end":{"line":75,"column":39}},"type":"cond-expr","locations":[{"start":{"line":74,"column":10},"end":{"line":74,"column":39}},{"start":{"line":75,"column":10},"end":{"line":75,"column":39}}],"line":73}},"s":{"0":9,"1":9,"2":9,"3":9,"4":9,"5":9,"6":9,"7":9,"8":2,"9":7,"10":7,"11":5,"12":5,"13":5,"14":5,"15":2,"16":9,"17":10,"18":10,"19":2,"20":8,"21":1,"22":10,"23":9,"24":7,"25":17,"26":9,"27":13,"28":38,"29":4,"30":34},"f":{"0":9,"1":10,"2":7,"3":17,"4":13,"5":38},"b":{"0":[9,2],"1":[9,2],"2":[9,8],"3":[2,7],"4":[2,8],"5":[1,7],"6":[15,2],"7":[4,34],"8":[2,2],"9":[12,22]},"_coverageSchema":"1a1c01bbd47fc00a2c39e90264f33305004495a9","hash":"28006ae03498130eef26b9b475acf818e5f7ff75"}
,"/Users/darianhamel/University/Year4/COMP4350/Project/Full-Stack-Flush/server/Controllers/PokerController.js": {"path":"/Users/darianhamel/University/Year4/COMP4350/Project/Full-Stack-Flush/server/Controllers/PokerController.js","statementMap":{"0":{"start":{"line":1,"column":18},"end":{"line":1,"column":48}},"1":{"start":{"line":3,"column":18},"end":{"line":3,"column":20}},"2":{"start":{"line":8,"column":0},"end":{"line":26,"column":2}},"3":{"start":{"line":9,"column":27},"end":{"line":9,"column":35}},"4":{"start":{"line":10,"column":19},"end":{"line":10,"column":29}},"5":{"start":{"line":11,"column":20},"end":{"line":11,"column":53}},"6":{"start":{"line":12,"column":4},"end":{"line":12,"column":24}},"7":{"start":{"line":14,"column":4},"end":{"line":14,"column":24}},"8":{"start":{"line":15,"column":4},"end":{"line":15,"column":34}},"9":{"start":{"line":17,"column":4},"end":{"line":25,"column":7}},"10":{"start":{"line":31,"column":0},"end":{"line":43,"column":2}},"11":{"start":{"line":32,"column":19},"end":{"line":32,"column":47}},"12":{"start":{"line":33,"column":18},"end":{"line":33,"column":41}},"13":{"start":{"line":35,"column":4},"end":{"line":37,"column":5}},"14":{"start":{"line":36,"column":8},"end":{"line":36,"column":67}},"15":{"start":{"line":39,"column":17},"end":{"line":39,"column":36}},"16":{"start":{"line":40,"column":21},"end":{"line":40,"column":46}},"17":{"start":{"line":42,"column":4},"end":{"line":42,"column":27}},"18":{"start":{"line":48,"column":0},"end":{"line":59,"column":2}},"19":{"start":{"line":49,"column":38},"end":{"line":49,"column":46}},"20":{"start":{"line":51,"column":4},"end":{"line":53,"column":5}},"21":{"start":{"line":52,"column":8},"end":{"line":52,"column":67}},"22":{"start":{"line":55,"column":17},"end":{"line":55,"column":36}},"23":{"start":{"line":56,"column":18},"end":{"line":56,"column":47}},"24":{"start":{"line":58,"column":4},"end":{"line":58,"column":162}},"25":{"start":{"line":65,"column":0},"end":{"line":101,"column":2}},"26":{"start":{"line":66,"column":31},"end":{"line":66,"column":39}},"27":{"start":{"line":68,"column":4},"end":{"line":70,"column":5}},"28":{"start":{"line":69,"column":8},"end":{"line":69,"column":101}},"29":{"start":{"line":72,"column":22},"end":{"line":86,"column":5}},"30":{"start":{"line":89,"column":23},"end":{"line":98,"column":6}},"31":{"start":{"line":90,"column":8},"end":{"line":96,"column":9}},"32":{"start":{"line":91,"column":12},"end":{"line":91,"column":57}},"33":{"start":{"line":92,"column":15},"end":{"line":96,"column":9}},"34":{"start":{"line":93,"column":12},"end":{"line":93,"column":42}},"35":{"start":{"line":93,"column":33},"end":{"line":93,"column":42}},"36":{"start":{"line":94,"column":12},"end":{"line":94,"column":43}},"37":{"start":{"line":94,"column":33},"end":{"line":94,"column":43}},"38":{"start":{"line":95,"column":12},"end":{"line":95,"column":21}},"39":{"start":{"line":97,"column":8},"end":{"line":97,"column":17}},"40":{"start":{"line":100,"column":4},"end":{"line":100,"column":41}}},"fnMap":{"0":{"name":"(anonymous_0)","decl":{"start":{"line":8,"column":28},"end":{"line":8,"column":29}},"loc":{"start":{"line":8,"column":42},"end":{"line":26,"column":1}},"line":8},"1":{"name":"(anonymous_1)","decl":{"start":{"line":31,"column":27},"end":{"line":31,"column":28}},"loc":{"start":{"line":31,"column":41},"end":{"line":43,"column":1}},"line":31},"2":{"name":"(anonymous_2)","decl":{"start":{"line":48,"column":27},"end":{"line":48,"column":28}},"loc":{"start":{"line":48,"column":41},"end":{"line":59,"column":1}},"line":48},"3":{"name":"(anonymous_3)","decl":{"start":{"line":65,"column":26},"end":{"line":65,"column":27}},"loc":{"start":{"line":65,"column":40},"end":{"line":101,"column":1}},"line":65},"4":{"name":"(anonymous_4)","decl":{"start":{"line":89,"column":38},"end":{"line":89,"column":39}},"loc":{"start":{"line":89,"column":48},"end":{"line":98,"column":5}},"line":89}},"branchMap":{"0":{"loc":{"start":{"line":35,"column":4},"end":{"line":37,"column":5}},"type":"if","locations":[{"start":{"line":35,"column":4},"end":{"line":37,"column":5}},{"start":{},"end":{}}],"line":35},"1":{"loc":{"start":{"line":51,"column":4},"end":{"line":53,"column":5}},"type":"if","locations":[{"start":{"line":51,"column":4},"end":{"line":53,"column":5}},{"start":{},"end":{}}],"line":51},"2":{"loc":{"start":{"line":68,"column":4},"end":{"line":70,"column":5}},"type":"if","locations":[{"start":{"line":68,"column":4},"end":{"line":70,"column":5}},{"start":{},"end":{}}],"line":68},"3":{"loc":{"start":{"line":68,"column":8},"end":{"line":68,"column":26}},"type":"binary-expr","locations":[{"start":{"line":68,"column":8},"end":{"line":68,"column":13}},{"start":{"line":68,"column":17},"end":{"line":68,"column":26}}],"line":68},"4":{"loc":{"start":{"line":90,"column":8},"end":{"line":96,"column":9}},"type":"if","locations":[{"start":{"line":90,"column":8},"end":{"line":96,"column":9}},{"start":{"line":92,"column":15},"end":{"line":96,"column":9}}],"line":90},"5":{"loc":{"start":{"line":92,"column":15},"end":{"line":96,"column":9}},"type":"if","locations":[{"start":{"line":92,"column":15},"end":{"line":96,"column":9}},{"start":{},"end":{}}],"line":92},"6":{"loc":{"start":{"line":93,"column":12},"end":{"line":93,"column":42}},"type":"if","locations":[{"start":{"line":93,"column":12},"end":{"line":93,"column":42}},{"start":{},"end":{}}],"line":93},"7":{"loc":{"start":{"line":94,"column":12},"end":{"line":94,"column":43}},"type":"if","locations":[{"start":{"line":94,"column":12},"end":{"line":94,"column":43}},{"start":{},"end":{}}],"line":94}},"s":{"0":8,"1":8,"2":8,"3":1,"4":1,"5":1,"6":1,"7":1,"8":1,"9":1,"10":8,"11":1,"12":1,"13":1,"14":0,"15":1,"16":1,"17":1,"18":8,"19":1,"20":1,"21":0,"22":1,"23":1,"24":1,"25":8,"26":1,"27":1,"28":0,"29":1,"30":1,"31":2,"32":2,"33":0,"34":0,"35":0,"36":0,"37":0,"38":0,"39":0,"40":1},"f":{"0":1,"1":1,"2":1,"3":1,"4":2},"b":{"0":[0,1],"1":[0,1],"2":[0,1],"3":[1,1],"4":[2,0],"5":[0,0],"6":[0,0],"7":[0,0]},"_coverageSchema":"1a1c01bbd47fc00a2c39e90264f33305004495a9","hash":"35398d035e33f8ca5f0f70c599f26e670cb967ca"}
,"/Users/darianhamel/University/Year4/COMP4350/Project/Full-Stack-Flush/server/Controllers/ProfileController.js": {"path":"/Users/darianhamel/University/Year4/COMP4350/Project/Full-Stack-Flush/server/Controllers/ProfileController.js","statementMap":{"0":{"start":{"line":1,"column":13},"end":{"line":1,"column":43}},"1":{"start":{"line":7,"column":27},"end":{"line":18,"column":1}},"2":{"start":{"line":8,"column":2},"end":{"line":8,"column":33}},"3":{"start":{"line":9,"column":2},"end":{"line":17,"column":3}},"4":{"start":{"line":10,"column":17},"end":{"line":10,"column":49}},"5":{"start":{"line":11,"column":4},"end":{"line":13,"column":5}},"6":{"start":{"line":12,"column":6},"end":{"line":12,"column":54}},"7":{"start":{"line":14,"column":4},"end":{"line":14,"column":20}},"8":{"start":{"line":16,"column":4},"end":{"line":16,"column":50}},"9":{"start":{"line":23,"column":0},"end":{"line":30,"column":2}},"10":{"start":{"line":24,"column":23},"end":{"line":24,"column":32}},"11":{"start":{"line":25,"column":34},"end":{"line":25,"column":68}},"12":{"start":{"line":26,"column":2},"end":{"line":28,"column":3}},"13":{"start":{"line":27,"column":4},"end":{"line":27,"column":55}},"14":{"start":{"line":29,"column":2},"end":{"line":29,"column":134}},"15":{"start":{"line":35,"column":0},"end":{"line":42,"column":1}},"16":{"start":{"line":36,"column":23},"end":{"line":36,"column":32}},"17":{"start":{"line":37,"column":34},"end":{"line":37,"column":68}},"18":{"start":{"line":38,"column":2},"end":{"line":40,"column":3}},"19":{"start":{"line":39,"column":4},"end":{"line":39,"column":55}},"20":{"start":{"line":41,"column":2},"end":{"line":41,"column":50}},"21":{"start":{"line":47,"column":0},"end":{"line":61,"column":2}},"22":{"start":{"line":48,"column":34},"end":{"line":48,"column":42}},"23":{"start":{"line":49,"column":2},"end":{"line":60,"column":3}},"24":{"start":{"line":50,"column":36},"end":{"line":50,"column":70}},"25":{"start":{"line":51,"column":4},"end":{"line":53,"column":5}},"26":{"start":{"line":52,"column":6},"end":{"line":52,"column":73}},"27":{"start":{"line":54,"column":4},"end":{"line":54,"column":42}},"28":{"start":{"line":55,"column":4},"end":{"line":55,"column":71}},"29":{"start":{"line":56,"column":9},"end":{"line":60,"column":3}},"30":{"start":{"line":57,"column":4},"end":{"line":57,"column":75}},"31":{"start":{"line":59,"column":4},"end":{"line":59,"column":83}},"32":{"start":{"line":67,"column":0},"end":{"line":74,"column":2}},"33":{"start":{"line":68,"column":23},"end":{"line":68,"column":32}},"34":{"start":{"line":69,"column":34},"end":{"line":69,"column":68}},"35":{"start":{"line":70,"column":2},"end":{"line":72,"column":3}},"36":{"start":{"line":71,"column":4},"end":{"line":71,"column":55}},"37":{"start":{"line":73,"column":2},"end":{"line":73,"column":54}},"38":{"start":{"line":81,"column":0},"end":{"line":93,"column":2}},"39":{"start":{"line":82,"column":23},"end":{"line":82,"column":31}},"40":{"start":{"line":83,"column":34},"end":{"line":83,"column":68}},"41":{"start":{"line":84,"column":2},"end":{"line":86,"column":3}},"42":{"start":{"line":85,"column":4},"end":{"line":85,"column":71}},"43":{"start":{"line":87,"column":2},"end":{"line":87,"column":19}},"44":{"start":{"line":88,"column":2},"end":{"line":88,"column":26}},"45":{"start":{"line":89,"column":2},"end":{"line":89,"column":30}},"46":{"start":{"line":90,"column":2},"end":{"line":90,"column":27}},"47":{"start":{"line":91,"column":2},"end":{"line":91,"column":20}},"48":{"start":{"line":92,"column":2},"end":{"line":92,"column":73}},"49":{"start":{"line":99,"column":1},"end":{"line":106,"column":2}},"50":{"start":{"line":100,"column":23},"end":{"line":100,"column":32}},"51":{"start":{"line":101,"column":34},"end":{"line":101,"column":68}},"52":{"start":{"line":102,"column":2},"end":{"line":104,"column":3}},"53":{"start":{"line":103,"column":4},"end":{"line":103,"column":71}},"54":{"start":{"line":105,"column":2},"end":{"line":105,"column":71}},"55":{"start":{"line":111,"column":0},"end":{"line":118,"column":2}},"56":{"start":{"line":112,"column":23},"end":{"line":112,"column":32}},"57":{"start":{"line":113,"column":34},"end":{"line":113,"column":68}},"58":{"start":{"line":114,"column":2},"end":{"line":116,"column":3}},"59":{"start":{"line":115,"column":4},"end":{"line":115,"column":71}},"60":{"start":{"line":117,"column":2},"end":{"line":117,"column":188}},"61":{"start":{"line":123,"column":0},"end":{"line":130,"column":2}},"62":{"start":{"line":124,"column":23},"end":{"line":124,"column":32}},"63":{"start":{"line":125,"column":34},"end":{"line":125,"column":68}},"64":{"start":{"line":126,"column":2},"end":{"line":128,"column":3}},"65":{"start":{"line":127,"column":4},"end":{"line":127,"column":71}},"66":{"start":{"line":129,"column":2},"end":{"line":129,"column":136}},"67":{"start":{"line":136,"column":0},"end":{"line":150,"column":2}},"68":{"start":{"line":137,"column":34},"end":{"line":137,"column":42}},"69":{"start":{"line":138,"column":2},"end":{"line":149,"column":3}},"70":{"start":{"line":139,"column":36},"end":{"line":139,"column":70}},"71":{"start":{"line":140,"column":4},"end":{"line":142,"column":5}},"72":{"start":{"line":141,"column":6},"end":{"line":141,"column":73}},"73":{"start":{"line":143,"column":4},"end":{"line":143,"column":31}},"74":{"start":{"line":144,"column":4},"end":{"line":144,"column":35}},"75":{"start":{"line":145,"column":4},"end":{"line":145,"column":22}},"76":{"start":{"line":146,"column":4},"end":{"line":146,"column":75}},"77":{"start":{"line":148,"column":4},"end":{"line":148,"column":83}},"78":{"start":{"line":156,"column":0},"end":{"line":170,"column":2}},"79":{"start":{"line":157,"column":35},"end":{"line":157,"column":43}},"80":{"start":{"line":158,"column":2},"end":{"line":169,"column":3}},"81":{"start":{"line":159,"column":36},"end":{"line":159,"column":70}},"82":{"start":{"line":160,"column":4},"end":{"line":162,"column":5}},"83":{"start":{"line":161,"column":6},"end":{"line":161,"column":73}},"84":{"start":{"line":163,"column":4},"end":{"line":163,"column":33}},"85":{"start":{"line":164,"column":4},"end":{"line":164,"column":36}},"86":{"start":{"line":165,"column":4},"end":{"line":165,"column":22}},"87":{"start":{"line":166,"column":4},"end":{"line":166,"column":76}},"88":{"start":{"line":168,"column":4},"end":{"line":168,"column":84}}},"fnMap":{"0":{"name":"(anonymous_0)","decl":{"start":{"line":7,"column":27},"end":{"line":7,"column":28}},"loc":{"start":{"line":7,"column":47},"end":{"line":18,"column":1}},"line":7},"1":{"name":"(anonymous_1)","decl":{"start":{"line":23,"column":29},"end":{"line":23,"column":30}},"loc":{"start":{"line":23,"column":49},"end":{"line":30,"column":1}},"line":23},"2":{"name":"(anonymous_2)","decl":{"start":{"line":35,"column":28},"end":{"line":35,"column":29}},"loc":{"start":{"line":35,"column":48},"end":{"line":42,"column":1}},"line":35},"3":{"name":"(anonymous_3)","decl":{"start":{"line":47,"column":30},"end":{"line":47,"column":31}},"loc":{"start":{"line":47,"column":50},"end":{"line":61,"column":1}},"line":47},"4":{"name":"(anonymous_4)","decl":{"start":{"line":67,"column":30},"end":{"line":67,"column":31}},"loc":{"start":{"line":67,"column":50},"end":{"line":74,"column":1}},"line":67},"5":{"name":"(anonymous_5)","decl":{"start":{"line":81,"column":34},"end":{"line":81,"column":35}},"loc":{"start":{"line":81,"column":54},"end":{"line":93,"column":1}},"line":81},"6":{"name":"(anonymous_6)","decl":{"start":{"line":99,"column":32},"end":{"line":99,"column":33}},"loc":{"start":{"line":99,"column":52},"end":{"line":106,"column":1}},"line":99},"7":{"name":"(anonymous_7)","decl":{"start":{"line":111,"column":27},"end":{"line":111,"column":28}},"loc":{"start":{"line":111,"column":47},"end":{"line":118,"column":1}},"line":111},"8":{"name":"(anonymous_8)","decl":{"start":{"line":123,"column":26},"end":{"line":123,"column":27}},"loc":{"start":{"line":123,"column":46},"end":{"line":130,"column":1}},"line":123},"9":{"name":"(anonymous_9)","decl":{"start":{"line":136,"column":30},"end":{"line":136,"column":31}},"loc":{"start":{"line":136,"column":50},"end":{"line":150,"column":1}},"line":136},"10":{"name":"(anonymous_10)","decl":{"start":{"line":156,"column":31},"end":{"line":156,"column":32}},"loc":{"start":{"line":156,"column":51},"end":{"line":170,"column":1}},"line":156}},"branchMap":{"0":{"loc":{"start":{"line":11,"column":4},"end":{"line":13,"column":5}},"type":"if","locations":[{"start":{"line":11,"column":4},"end":{"line":13,"column":5}},{"start":{},"end":{}}],"line":11},"1":{"loc":{"start":{"line":26,"column":2},"end":{"line":28,"column":3}},"type":"if","locations":[{"start":{"line":26,"column":2},"end":{"line":28,"column":3}},{"start":{},"end":{}}],"line":26},"2":{"loc":{"start":{"line":38,"column":2},"end":{"line":40,"column":3}},"type":"if","locations":[{"start":{"line":38,"column":2},"end":{"line":40,"column":3}},{"start":{},"end":{}}],"line":38},"3":{"loc":{"start":{"line":49,"column":2},"end":{"line":60,"column":3}},"type":"if","locations":[{"start":{"line":49,"column":2},"end":{"line":60,"column":3}},{"start":{"line":56,"column":9},"end":{"line":60,"column":3}}],"line":49},"4":{"loc":{"start":{"line":49,"column":6},"end":{"line":49,"column":45}},"type":"binary-expr","locations":[{"start":{"line":49,"column":6},"end":{"line":49,"column":28}},{"start":{"line":49,"column":32},"end":{"line":49,"column":45}}],"line":49},"5":{"loc":{"start":{"line":51,"column":4},"end":{"line":53,"column":5}},"type":"if","locations":[{"start":{"line":51,"column":4},"end":{"line":53,"column":5}},{"start":{},"end":{}}],"line":51},"6":{"loc":{"start":{"line":56,"column":9},"end":{"line":60,"column":3}},"type":"if","locations":[{"start":{"line":56,"column":9},"end":{"line":60,"column":3}},{"start":{"line":58,"column":9},"end":{"line":60,"column":3}}],"line":56},"7":{"loc":{"start":{"line":70,"column":2},"end":{"line":72,"column":3}},"type":"if","locations":[{"start":{"line":70,"column":2},"end":{"line":72,"column":3}},{"start":{},"end":{}}],"line":70},"8":{"loc":{"start":{"line":84,"column":2},"end":{"line":86,"column":3}},"type":"if","locations":[{"start":{"line":84,"column":2},"end":{"line":86,"column":3}},{"start":{},"end":{}}],"line":84},"9":{"loc":{"start":{"line":102,"column":2},"end":{"line":104,"column":3}},"type":"if","locations":[{"start":{"line":102,"column":2},"end":{"line":104,"column":3}},{"start":{},"end":{}}],"line":102},"10":{"loc":{"start":{"line":114,"column":2},"end":{"line":116,"column":3}},"type":"if","locations":[{"start":{"line":114,"column":2},"end":{"line":116,"column":3}},{"start":{},"end":{}}],"line":114},"11":{"loc":{"start":{"line":126,"column":2},"end":{"line":128,"column":3}},"type":"if","locations":[{"start":{"line":126,"column":2},"end":{"line":128,"column":3}},{"start":{},"end":{}}],"line":126},"12":{"loc":{"start":{"line":138,"column":2},"end":{"line":149,"column":3}},"type":"if","locations":[{"start":{"line":138,"column":2},"end":{"line":149,"column":3}},{"start":{"line":147,"column":9},"end":{"line":149,"column":3}}],"line":138},"13":{"loc":{"start":{"line":138,"column":6},"end":{"line":138,"column":45}},"type":"binary-expr","locations":[{"start":{"line":138,"column":6},"end":{"line":138,"column":28}},{"start":{"line":138,"column":32},"end":{"line":138,"column":45}}],"line":138},"14":{"loc":{"start":{"line":140,"column":4},"end":{"line":142,"column":5}},"type":"if","locations":[{"start":{"line":140,"column":4},"end":{"line":142,"column":5}},{"start":{},"end":{}}],"line":140},"15":{"loc":{"start":{"line":158,"column":2},"end":{"line":169,"column":3}},"type":"if","locations":[{"start":{"line":158,"column":2},"end":{"line":169,"column":3}},{"start":{"line":167,"column":9},"end":{"line":169,"column":3}}],"line":158},"16":{"loc":{"start":{"line":158,"column":6},"end":{"line":158,"column":47}},"type":"binary-expr","locations":[{"start":{"line":158,"column":6},"end":{"line":158,"column":29}},{"start":{"line":158,"column":33},"end":{"line":158,"column":47}}],"line":158},"17":{"loc":{"start":{"line":160,"column":4},"end":{"line":162,"column":5}},"type":"if","locations":[{"start":{"line":160,"column":4},"end":{"line":162,"column":5}},{"start":{},"end":{}}],"line":160}},"s":{"0":9,"1":9,"2":12,"3":12,"4":12,"5":11,"6":2,"7":9,"8":1,"9":9,"10":5,"11":5,"12":5,"13":3,"14":2,"15":9,"16":1,"17":1,"18":1,"19":0,"20":1,"21":9,"22":2,"23":2,"24":1,"25":1,"26":0,"27":1,"28":1,"29":1,"30":0,"31":1,"32":9,"33":1,"34":1,"35":1,"36":0,"37":1,"38":9,"39":1,"40":1,"41":1,"42":0,"43":1,"44":1,"45":1,"46":1,"47":1,"48":1,"49":9,"50":0,"51":0,"52":0,"53":0,"54":0,"55":9,"56":1,"57":1,"58":1,"59":0,"60":1,"61":9,"62":1,"63":1,"64":1,"65":0,"66":1,"67":9,"68":0,"69":0,"70":0,"71":0,"72":0,"73":0,"74":0,"75":0,"76":0,"77":0,"78":9,"79":2,"80":2,"81":1,"82":1,"83":0,"84":1,"85":1,"86":1,"87":1,"88":1},"f":{"0":12,"1":5,"2":1,"3":2,"4":1,"5":1,"6":0,"7":1,"8":1,"9":0,"10":2},"b":{"0":[2,9],"1":[3,2],"2":[0,1],"3":[1,1],"4":[2,2],"5":[0,1],"6":[0,1],"7":[0,1],"8":[0,1],"9":[0,0],"10":[0,1],"11":[0,1],"12":[0,0],"13":[0,0],"14":[0,0],"15":[1,1],"16":[2,2],"17":[0,1]},"_coverageSchema":"1a1c01bbd47fc00a2c39e90264f33305004495a9","hash":"4fa2b16a171e8b34025b9d1a0f9d8e2e1dc22c65"}
,"/Users/darianhamel/University/Year4/COMP4350/Project/Full-Stack-Flush/server/Controllers/TutorialController.js": {"path":"/Users/darianhamel/University/Year4/COMP4350/Project/Full-Stack-Flush/server/Controllers/TutorialController.js","statementMap":{"0":{"start":{"line":1,"column":18},"end":{"line":1,"column":52}},"1":{"start":{"line":7,"column":0},"end":{"line":28,"column":2}},"2":{"start":{"line":8,"column":16},"end":{"line":8,"column":28}},"3":{"start":{"line":9,"column":4},"end":{"line":27,"column":5}},"4":{"start":{"line":10,"column":8},"end":{"line":18,"column":9}},"5":{"start":{"line":11,"column":30},"end":{"line":11,"column":62}},"6":{"start":{"line":13,"column":12},"end":{"line":13,"column":107}},"7":{"start":{"line":13,"column":28},"end":{"line":13,"column":107}},"8":{"start":{"line":15,"column":12},"end":{"line":15,"column":63}},"9":{"start":{"line":17,"column":12},"end":{"line":17,"column":78}},"10":{"start":{"line":21,"column":8},"end":{"line":26,"column":9}},"11":{"start":{"line":22,"column":30},"end":{"line":22,"column":52}},"12":{"start":{"line":23,"column":12},"end":{"line":23,"column":63}},"13":{"start":{"line":25,"column":12},"end":{"line":25,"column":78}}},"fnMap":{"0":{"name":"(anonymous_0)","decl":{"start":{"line":7,"column":30},"end":{"line":7,"column":31}},"loc":{"start":{"line":7,"column":50},"end":{"line":28,"column":1}},"line":7}},"branchMap":{"0":{"loc":{"start":{"line":9,"column":4},"end":{"line":27,"column":5}},"type":"if","locations":[{"start":{"line":9,"column":4},"end":{"line":27,"column":5}},{"start":{"line":20,"column":9},"end":{"line":27,"column":5}}],"line":9},"1":{"loc":{"start":{"line":13,"column":12},"end":{"line":13,"column":107}},"type":"if","locations":[{"start":{"line":13,"column":12},"end":{"line":13,"column":107}},{"start":{},"end":{}}],"line":13}},"s":{"0":9,"1":9,"2":10,"3":10,"4":6,"5":6,"6":4,"7":2,"8":2,"9":2,"10":4,"11":4,"12":2,"13":2},"f":{"0":10},"b":{"0":[6,4],"1":[2,2]},"_coverageSchema":"1a1c01bbd47fc00a2c39e90264f33305004495a9","hash":"9fb58101cb3444119ba3f599547186fc1d055a46"}
,"/Users/darianhamel/University/Year4/COMP4350/Project/Full-Stack-Flush/server/Controllers/UserTutorialController.js": {"path":"/Users/darianhamel/University/Year4/COMP4350/Project/Full-Stack-Flush/server/Controllers/UserTutorialController.js","statementMap":{"0":{"start":{"line":1,"column":21},"end":{"line":1,"column":59}},"1":{"start":{"line":6,"column":0},"end":{"line":13,"column":2}},"2":{"start":{"line":7,"column":2},"end":{"line":12,"column":3}},"3":{"start":{"line":8,"column":26},"end":{"line":8,"column":115}},"4":{"start":{"line":9,"column":4},"end":{"line":9,"column":28}},"5":{"start":{"line":11,"column":4},"end":{"line":11,"column":69}},"6":{"start":{"line":18,"column":0},"end":{"line":36,"column":2}},"7":{"start":{"line":19,"column":2},"end":{"line":35,"column":3}},"8":{"start":{"line":20,"column":27},"end":{"line":20,"column":35}},"9":{"start":{"line":21,"column":24},"end":{"line":21,"column":85}},"10":{"start":{"line":23,"column":4},"end":{"line":29,"column":5}},"11":{"start":{"line":24,"column":6},"end":{"line":24,"column":105}},"12":{"start":{"line":26,"column":6},"end":{"line":28,"column":7}},"13":{"start":{"line":27,"column":8},"end":{"line":27,"column":55}},"14":{"start":{"line":31,"column":4},"end":{"line":31,"column":31}},"15":{"start":{"line":32,"column":4},"end":{"line":32,"column":28}},"16":{"start":{"line":34,"column":4},"end":{"line":34,"column":69}}},"fnMap":{"0":{"name":"(anonymous_0)","decl":{"start":{"line":6,"column":34},"end":{"line":6,"column":35}},"loc":{"start":{"line":6,"column":54},"end":{"line":13,"column":1}},"line":6},"1":{"name":"(anonymous_1)","decl":{"start":{"line":18,"column":38},"end":{"line":18,"column":39}},"loc":{"start":{"line":18,"column":58},"end":{"line":36,"column":1}},"line":18}},"branchMap":{"0":{"loc":{"start":{"line":23,"column":4},"end":{"line":29,"column":5}},"type":"if","locations":[{"start":{"line":23,"column":4},"end":{"line":29,"column":5}},{"start":{"line":25,"column":11},"end":{"line":29,"column":5}}],"line":23},"1":{"loc":{"start":{"line":26,"column":6},"end":{"line":28,"column":7}},"type":"if","locations":[{"start":{"line":26,"column":6},"end":{"line":28,"column":7}},{"start":{},"end":{}}],"line":26}},"s":{"0":8,"1":8,"2":0,"3":0,"4":0,"5":0,"6":8,"7":0,"8":0,"9":0,"10":0,"11":0,"12":0,"13":0,"14":0,"15":0,"16":0},"f":{"0":0,"1":0},"b":{"0":[0,0],"1":[0,0]},"_coverageSchema":"1a1c01bbd47fc00a2c39e90264f33305004495a9","hash":"48b2ee4aca9fe4cf48850e4663641a34487f8640"}
,"/Users/darianhamel/University/Year4/COMP4350/Project/Full-Stack-Flush/server/Controllers/WinLoseController.js": {"path":"/Users/darianhamel/University/Year4/COMP4350/Project/Full-Stack-Flush/server/Controllers/WinLoseController.js","statementMap":{"0":{"start":{"line":3,"column":22},"end":{"line":3,"column":47}},"1":{"start":{"line":4,"column":13},"end":{"line":4,"column":43}},"2":{"start":{"line":5,"column":16},"end":{"line":5,"column":44}},"3":{"start":{"line":10,"column":0},"end":{"line":21,"column":4}},"4":{"start":{"line":11,"column":21},"end":{"line":11,"column":51}},"5":{"start":{"line":12,"column":4},"end":{"line":20,"column":5}},"6":{"start":{"line":13,"column":19},"end":{"line":13,"column":61}},"7":{"start":{"line":14,"column":6},"end":{"line":16,"column":7}},"8":{"start":{"line":15,"column":8},"end":{"line":15,"column":67}},"9":{"start":{"line":17,"column":6},"end":{"line":17,"column":48}},"10":{"start":{"line":19,"column":6},"end":{"line":19,"column":56}},"11":{"start":{"line":27,"column":0},"end":{"line":38,"column":4}},"12":{"start":{"line":28,"column":23},"end":{"line":28,"column":53}},"13":{"start":{"line":29,"column":4},"end":{"line":37,"column":5}},"14":{"start":{"line":30,"column":19},"end":{"line":30,"column":61}},"15":{"start":{"line":31,"column":6},"end":{"line":33,"column":7}},"16":{"start":{"line":32,"column":8},"end":{"line":32,"column":67}},"17":{"start":{"line":34,"column":6},"end":{"line":34,"column":52}},"18":{"start":{"line":36,"column":6},"end":{"line":36,"column":56}},"19":{"start":{"line":45,"column":0},"end":{"line":109,"column":2}},"20":{"start":{"line":46,"column":2},"end":{"line":108,"column":3}},"21":{"start":{"line":47,"column":20},"end":{"line":54,"column":7}},"22":{"start":{"line":56,"column":6},"end":{"line":58,"column":7}},"23":{"start":{"line":57,"column":8},"end":{"line":57,"column":89}},"24":{"start":{"line":60,"column":6},"end":{"line":62,"column":7}},"25":{"start":{"line":61,"column":10},"end":{"line":61,"column":85}},"26":{"start":{"line":64,"column":6},"end":{"line":66,"column":7}},"27":{"start":{"line":65,"column":8},"end":{"line":65,"column":83}},"28":{"start":{"line":68,"column":19},"end":{"line":68,"column":67}},"29":{"start":{"line":69,"column":6},"end":{"line":69,"column":92}},"30":{"start":{"line":69,"column":17},"end":{"line":69,"column":92}},"31":{"start":{"line":73,"column":6},"end":{"line":84,"column":7}},"32":{"start":{"line":74,"column":26},"end":{"line":74,"column":37}},"33":{"start":{"line":75,"column":8},"end":{"line":77,"column":9}},"34":{"start":{"line":76,"column":10},"end":{"line":76,"column":41}},"35":{"start":{"line":78,"column":8},"end":{"line":83,"column":10}},"36":{"start":{"line":86,"column":6},"end":{"line":91,"column":7}},"37":{"start":{"line":87,"column":8},"end":{"line":87,"column":32}},"38":{"start":{"line":88,"column":8},"end":{"line":90,"column":9}},"39":{"start":{"line":89,"column":10},"end":{"line":89,"column":49}},"40":{"start":{"line":93,"column":6},"end":{"line":98,"column":7}},"41":{"start":{"line":94,"column":8},"end":{"line":94,"column":36}},"42":{"start":{"line":95,"column":8},"end":{"line":97,"column":9}},"43":{"start":{"line":96,"column":10},"end":{"line":96,"column":51}},"44":{"start":{"line":101,"column":6},"end":{"line":101,"column":32}},"45":{"start":{"line":102,"column":6},"end":{"line":102,"column":34}},"46":{"start":{"line":104,"column":6},"end":{"line":104,"column":24}},"47":{"start":{"line":105,"column":6},"end":{"line":105,"column":84}},"48":{"start":{"line":107,"column":6},"end":{"line":107,"column":72}},"49":{"start":{"line":111,"column":0},"end":{"line":135,"column":2}},"50":{"start":{"line":112,"column":2},"end":{"line":134,"column":3}},"51":{"start":{"line":113,"column":18},"end":{"line":118,"column":5}},"52":{"start":{"line":119,"column":47},"end":{"line":119,"column":52}},"53":{"start":{"line":121,"column":4},"end":{"line":123,"column":5}},"54":{"start":{"line":122,"column":6},"end":{"line":122,"column":87}},"55":{"start":{"line":125,"column":4},"end":{"line":130,"column":7}}},"fnMap":{"0":{"name":"(anonymous_0)","decl":{"start":{"line":10,"column":25},"end":{"line":10,"column":26}},"loc":{"start":{"line":10,"column":45},"end":{"line":21,"column":3}},"line":10},"1":{"name":"(anonymous_1)","decl":{"start":{"line":27,"column":27},"end":{"line":27,"column":28}},"loc":{"start":{"line":27,"column":47},"end":{"line":38,"column":3}},"line":27},"2":{"name":"(anonymous_2)","decl":{"start":{"line":45,"column":29},"end":{"line":45,"column":30}},"loc":{"start":{"line":45,"column":49},"end":{"line":109,"column":1}},"line":45},"3":{"name":"(anonymous_3)","decl":{"start":{"line":111,"column":35},"end":{"line":111,"column":36}},"loc":{"start":{"line":111,"column":55},"end":{"line":135,"column":1}},"line":111}},"branchMap":{"0":{"loc":{"start":{"line":14,"column":6},"end":{"line":16,"column":7}},"type":"if","locations":[{"start":{"line":14,"column":6},"end":{"line":16,"column":7}},{"start":{},"end":{}}],"line":14},"1":{"loc":{"start":{"line":31,"column":6},"end":{"line":33,"column":7}},"type":"if","locations":[{"start":{"line":31,"column":6},"end":{"line":33,"column":7}},{"start":{},"end":{}}],"line":31},"2":{"loc":{"start":{"line":49,"column":14},"end":{"line":49,"column":40}},"type":"binary-expr","locations":[{"start":{"line":49,"column":14},"end":{"line":49,"column":35}},{"start":{"line":49,"column":39},"end":{"line":49,"column":40}}],"line":49},"3":{"loc":{"start":{"line":50,"column":16},"end":{"line":50,"column":44}},"type":"binary-expr","locations":[{"start":{"line":50,"column":16},"end":{"line":50,"column":39}},{"start":{"line":50,"column":43},"end":{"line":50,"column":44}}],"line":50},"4":{"loc":{"start":{"line":51,"column":15},"end":{"line":51,"column":42}},"type":"binary-expr","locations":[{"start":{"line":51,"column":15},"end":{"line":51,"column":37}},{"start":{"line":51,"column":41},"end":{"line":51,"column":42}}],"line":51},"5":{"loc":{"start":{"line":56,"column":6},"end":{"line":58,"column":7}},"type":"if","locations":[{"start":{"line":56,"column":6},"end":{"line":58,"column":7}},{"start":{},"end":{}}],"line":56},"6":{"loc":{"start":{"line":60,"column":6},"end":{"line":62,"column":7}},"type":"if","locations":[{"start":{"line":60,"column":6},"end":{"line":62,"column":7}},{"start":{},"end":{}}],"line":60},"7":{"loc":{"start":{"line":60,"column":10},"end":{"line":60,"column":44}},"type":"binary-expr","locations":[{"start":{"line":60,"column":10},"end":{"line":60,"column":24}},{"start":{"line":60,"column":28},"end":{"line":60,"column":44}}],"line":60},"8":{"loc":{"start":{"line":64,"column":6},"end":{"line":66,"column":7}},"type":"if","locations":[{"start":{"line":64,"column":6},"end":{"line":66,"column":7}},{"start":{},"end":{}}],"line":64},"9":{"loc":{"start":{"line":64,"column":10},"end":{"line":64,"column":62}},"type":"binary-expr","locations":[{"start":{"line":64,"column":10},"end":{"line":64,"column":36}},{"start":{"line":64,"column":40},"end":{"line":64,"column":62}}],"line":64},"10":{"loc":{"start":{"line":69,"column":6},"end":{"line":69,"column":92}},"type":"if","locations":[{"start":{"line":69,"column":6},"end":{"line":69,"column":92}},{"start":{},"end":{}}],"line":69},"11":{"loc":{"start":{"line":73,"column":6},"end":{"line":84,"column":7}},"type":"if","locations":[{"start":{"line":73,"column":6},"end":{"line":84,"column":7}},{"start":{},"end":{}}],"line":73},"12":{"loc":{"start":{"line":75,"column":8},"end":{"line":77,"column":9}},"type":"if","locations":[{"start":{"line":75,"column":8},"end":{"line":77,"column":9}},{"start":{},"end":{}}],"line":75},"13":{"loc":{"start":{"line":86,"column":6},"end":{"line":91,"column":7}},"type":"if","locations":[{"start":{"line":86,"column":6},"end":{"line":91,"column":7}},{"start":{},"end":{}}],"line":86},"14":{"loc":{"start":{"line":88,"column":8},"end":{"line":90,"column":9}},"type":"if","locations":[{"start":{"line":88,"column":8},"end":{"line":90,"column":9}},{"start":{},"end":{}}],"line":88},"15":{"loc":{"start":{"line":93,"column":6},"end":{"line":98,"column":7}},"type":"if","locations":[{"start":{"line":93,"column":6},"end":{"line":98,"column":7}},{"start":{},"end":{}}],"line":93},"16":{"loc":{"start":{"line":95,"column":8},"end":{"line":97,"column":9}},"type":"if","locations":[{"start":{"line":95,"column":8},"end":{"line":97,"column":9}},{"start":{},"end":{}}],"line":95},"17":{"loc":{"start":{"line":121,"column":4},"end":{"line":123,"column":5}},"type":"if","locations":[{"start":{"line":121,"column":4},"end":{"line":123,"column":5}},{"start":{},"end":{}}],"line":121},"18":{"loc":{"start":{"line":121,"column":8},"end":{"line":121,"column":53}},"type":"binary-expr","locations":[{"start":{"line":121,"column":8},"end":{"line":121,"column":17}},{"start":{"line":121,"column":21},"end":{"line":121,"column":33}},{"start":{"line":121,"column":37},"end":{"line":121,"column":53}}],"line":121}},"s":{"0":9,"1":9,"2":9,"3":9,"4":6,"5":6,"6":6,"7":4,"8":2,"9":2,"10":2,"11":9,"12":6,"13":6,"14":6,"15":4,"16":2,"17":2,"18":2,"19":9,"20":15,"21":15,"22":15,"23":2,"24":13,"25":3,"26":10,"27":0,"28":10,"29":8,"30":2,"31":6,"32":0,"33":0,"34":0,"35":0,"36":6,"37":5,"38":5,"39":0,"40":6,"41":5,"42":5,"43":0,"44":6,"45":6,"46":6,"47":4,"48":4,"49":9,"50":0,"51":0,"52":0,"53":0,"54":0,"55":0},"f":{"0":6,"1":6,"2":15,"3":0},"b":{"0":[2,2],"1":[2,2],"2":[15,1],"3":[15,1],"4":[15,15],"5":[2,13],"6":[3,10],"7":[13,11],"8":[0,10],"9":[10,6],"10":[2,6],"11":[0,6],"12":[0,0],"13":[5,1],"14":[0,5],"15":[5,1],"16":[0,5],"17":[0,0],"18":[0,0,0]},"_coverageSchema":"1a1c01bbd47fc00a2c39e90264f33305004495a9","hash":"95f48160829eb2d99717dafe6a37f68e8a111df6"}
,"/Users/darianhamel/University/Year4/COMP4350/Project/Full-Stack-Flush/server/Middleware/AuthMiddleware.js": {"path":"/Users/darianhamel/University/Year4/COMP4350/Project/Full-Stack-Flush/server/Middleware/AuthMiddleware.js","statementMap":{"0":{"start":{"line":2,"column":13},"end":{"line":2,"column":43}},"1":{"start":{"line":3,"column":0},"end":{"line":3,"column":27}},"2":{"start":{"line":4,"column":12},"end":{"line":4,"column":35}},"3":{"start":{"line":6,"column":0},"end":{"line":20,"column":1}},"4":{"start":{"line":7,"column":16},"end":{"line":7,"column":33}},"5":{"start":{"line":8,"column":2},"end":{"line":10,"column":3}},"6":{"start":{"line":9,"column":4},"end":{"line":9,"column":68}},"7":{"start":{"line":11,"column":2},"end":{"line":19,"column":4}},"8":{"start":{"line":12,"column":4},"end":{"line":18,"column":5}},"9":{"start":{"line":13,"column":5},"end":{"line":13,"column":39}},"10":{"start":{"line":15,"column":19},"end":{"line":15,"column":47}},"11":{"start":{"line":16,"column":6},"end":{"line":17,"column":45}},"12":{"start":{"line":16,"column":16},"end":{"line":16,"column":70}},"13":{"start":{"line":17,"column":11},"end":{"line":17,"column":45}}},"fnMap":{"0":{"name":"(anonymous_0)","decl":{"start":{"line":6,"column":34},"end":{"line":6,"column":35}},"loc":{"start":{"line":6,"column":48},"end":{"line":20,"column":1}},"line":6},"1":{"name":"(anonymous_1)","decl":{"start":{"line":11,"column":40},"end":{"line":11,"column":41}},"loc":{"start":{"line":11,"column":61},"end":{"line":19,"column":3}},"line":11}},"branchMap":{"0":{"loc":{"start":{"line":8,"column":2},"end":{"line":10,"column":3}},"type":"if","locations":[{"start":{"line":8,"column":2},"end":{"line":10,"column":3}},{"start":{},"end":{}}],"line":8},"1":{"loc":{"start":{"line":12,"column":4},"end":{"line":18,"column":5}},"type":"if","locations":[{"start":{"line":12,"column":4},"end":{"line":18,"column":5}},{"start":{"line":14,"column":11},"end":{"line":18,"column":5}}],"line":12},"2":{"loc":{"start":{"line":16,"column":6},"end":{"line":17,"column":45}},"type":"if","locations":[{"start":{"line":16,"column":6},"end":{"line":17,"column":45}},{"start":{"line":17,"column":11},"end":{"line":17,"column":45}}],"line":16}},"s":{"0":8,"1":8,"2":8,"3":8,"4":0,"5":0,"6":0,"7":0,"8":0,"9":0,"10":0,"11":0,"12":0,"13":0},"f":{"0":0,"1":0},"b":{"0":[0,0],"1":[0,0],"2":[0,0]},"_coverageSchema":"1a1c01bbd47fc00a2c39e90264f33305004495a9","hash":"392335997ccdcd2461eb4af9314cf54b15a289a0"}
,"/Users/darianhamel/University/Year4/COMP4350/Project/Full-Stack-Flush/server/Models/Card.js": {"path":"/Users/darianhamel/University/Year4/COMP4350/Project/Full-Stack-Flush/server/Models/Card.js","statementMap":{"0":{"start":{"line":3,"column":8},"end":{"line":3,"column":25}},"1":{"start":{"line":4,"column":8},"end":{"line":4,"column":25}},"2":{"start":{"line":8,"column":0},"end":{"line":8,"column":22}}},"fnMap":{"0":{"name":"(anonymous_0)","decl":{"start":{"line":2,"column":4},"end":{"line":2,"column":5}},"loc":{"start":{"line":2,"column":27},"end":{"line":5,"column":5}},"line":2}},"branchMap":{},"s":{"0":1181,"1":1181,"2":9},"f":{"0":1181},"b":{},"_coverageSchema":"1a1c01bbd47fc00a2c39e90264f33305004495a9","hash":"a7bf50ff6293b81bde37d3b760713631599ca86a"}
,"/Users/darianhamel/University/Year4/COMP4350/Project/Full-Stack-Flush/server/Models/Deck.js": {"path":"/Users/darianhamel/University/Year4/COMP4350/Project/Full-Stack-Flush/server/Models/Deck.js","statementMap":{"0":{"start":{"line":1,"column":13},"end":{"line":1,"column":33}},"1":{"start":{"line":5,"column":8},"end":{"line":5,"column":24}},"2":{"start":{"line":6,"column":8},"end":{"line":6,"column":31}},"3":{"start":{"line":7,"column":8},"end":{"line":7,"column":23}},"4":{"start":{"line":14,"column":22},"end":{"line":14,"column":63}},"5":{"start":{"line":16,"column":8},"end":{"line":20,"column":9}},"6":{"start":{"line":17,"column":12},"end":{"line":19,"column":13}},"7":{"start":{"line":17,"column":25},"end":{"line":17,"column":26}},"8":{"start":{"line":18,"column":16},"end":{"line":18,"column":51}},"9":{"start":{"line":28,"column":8},"end":{"line":31,"column":9}},"10":{"start":{"line":28,"column":19},"end":{"line":28,"column":20}},"11":{"start":{"line":29,"column":20},"end":{"line":29,"column":67}},"12":{"start":{"line":30,"column":12},"end":{"line":30,"column":76}},"13":{"start":{"line":39,"column":8},"end":{"line":39,"column":46}},"14":{"start":{"line":46,"column":8},"end":{"line":54,"column":9}},"15":{"start":{"line":47,"column":12},"end":{"line":47,"column":30}},"16":{"start":{"line":48,"column":15},"end":{"line":54,"column":9}},"17":{"start":{"line":49,"column":12},"end":{"line":49,"column":31}},"18":{"start":{"line":50,"column":15},"end":{"line":54,"column":9}},"19":{"start":{"line":51,"column":12},"end":{"line":51,"column":32}},"20":{"start":{"line":52,"column":15},"end":{"line":54,"column":9}},"21":{"start":{"line":53,"column":12},"end":{"line":53,"column":31}},"22":{"start":{"line":55,"column":8},"end":{"line":55,"column":20}},"23":{"start":{"line":62,"column":8},"end":{"line":62,"column":67}},"24":{"start":{"line":66,"column":0},"end":{"line":66,"column":22}}},"fnMap":{"0":{"name":"(anonymous_0)","decl":{"start":{"line":4,"column":4},"end":{"line":4,"column":5}},"loc":{"start":{"line":4,"column":17},"end":{"line":8,"column":5}},"line":4},"1":{"name":"(anonymous_1)","decl":{"start":{"line":13,"column":4},"end":{"line":13,"column":5}},"loc":{"start":{"line":13,"column":21},"end":{"line":21,"column":5}},"line":13},"2":{"name":"(anonymous_2)","decl":{"start":{"line":27,"column":4},"end":{"line":27,"column":5}},"loc":{"start":{"line":27,"column":13},"end":{"line":32,"column":5}},"line":27},"3":{"name":"(anonymous_3)","decl":{"start":{"line":38,"column":4},"end":{"line":38,"column":5}},"loc":{"start":{"line":38,"column":23},"end":{"line":40,"column":5}},"line":38},"4":{"name":"(anonymous_4)","decl":{"start":{"line":45,"column":4},"end":{"line":45,"column":5}},"loc":{"start":{"line":45,"column":21},"end":{"line":56,"column":5}},"line":45},"5":{"name":"(anonymous_5)","decl":{"start":{"line":61,"column":4},"end":{"line":61,"column":5}},"loc":{"start":{"line":61,"column":23},"end":{"line":63,"column":5}},"line":61}},"branchMap":{"0":{"loc":{"start":{"line":46,"column":8},"end":{"line":54,"column":9}},"type":"if","locations":[{"start":{"line":46,"column":8},"end":{"line":54,"column":9}},{"start":{"line":48,"column":15},"end":{"line":54,"column":9}}],"line":46},"1":{"loc":{"start":{"line":48,"column":15},"end":{"line":54,"column":9}},"type":"if","locations":[{"start":{"line":48,"column":15},"end":{"line":54,"column":9}},{"start":{"line":50,"column":15},"end":{"line":54,"column":9}}],"line":48},"2":{"loc":{"start":{"line":50,"column":15},"end":{"line":54,"column":9}},"type":"if","locations":[{"start":{"line":50,"column":15},"end":{"line":54,"column":9}},{"start":{"line":52,"column":15},"end":{"line":54,"column":9}}],"line":50},"3":{"loc":{"start":{"line":52,"column":15},"end":{"line":54,"column":9}},"type":"if","locations":[{"start":{"line":52,"column":15},"end":{"line":54,"column":9}},{"start":{},"end":{}}],"line":52}},"s":{"0":9,"1":22,"2":22,"3":22,"4":22,"5":22,"6":88,"7":88,"8":1144,"9":22,"10":22,"11":1144,"12":1144,"13":0,"14":10,"15":1,"16":9,"17":1,"18":8,"19":0,"20":8,"21":0,"22":10,"23":2,"24":9},"f":{"0":22,"1":22,"2":22,"3":0,"4":10,"5":2},"b":{"0":[1,9],"1":[1,8],"2":[0,8],"3":[0,8]},"_coverageSchema":"1a1c01bbd47fc00a2c39e90264f33305004495a9","hash":"69a3cd3a4949f2b50933b7121393367c2b44c7a3"}
,"/Users/darianhamel/University/Year4/COMP4350/Project/Full-Stack-Flush/server/Models/Game.js": {"path":"/Users/darianhamel/University/Year4/COMP4350/Project/Full-Stack-Flush/server/Models/Game.js","statementMap":{"0":{"start":{"line":1,"column":15},"end":{"line":1,"column":38}},"1":{"start":{"line":2,"column":13},"end":{"line":2,"column":33}},"2":{"start":{"line":3,"column":34},"end":{"line":3,"column":69}},"3":{"start":{"line":4,"column":22},"end":{"line":4,"column":53}},"4":{"start":{"line":8,"column":8},"end":{"line":8,"column":26}},"5":{"start":{"line":9,"column":8},"end":{"line":9,"column":30}},"6":{"start":{"line":10,"column":8},"end":{"line":10,"column":18}},"7":{"start":{"line":11,"column":8},"end":{"line":11,"column":45}},"8":{"start":{"line":12,"column":8},"end":{"line":12,"column":28}},"9":{"start":{"line":13,"column":8},"end":{"line":13,"column":21}},"10":{"start":{"line":14,"column":8},"end":{"line":14,"column":29}},"11":{"start":{"line":15,"column":8},"end":{"line":15,"column":31}},"12":{"start":{"line":16,"column":8},"end":{"line":16,"column":33}},"13":{"start":{"line":17,"column":8},"end":{"line":17,"column":37}},"14":{"start":{"line":18,"column":8},"end":{"line":18,"column":30}},"15":{"start":{"line":27,"column":8},"end":{"line":36,"column":9}},"16":{"start":{"line":28,"column":12},"end":{"line":28,"column":100}},"17":{"start":{"line":29,"column":12},"end":{"line":29,"column":35}},"18":{"start":{"line":30,"column":12},"end":{"line":30,"column":43}},"19":{"start":{"line":31,"column":12},"end":{"line":31,"column":30}},"20":{"start":{"line":34,"column":12},"end":{"line":34,"column":104}},"21":{"start":{"line":35,"column":12},"end":{"line":35,"column":35}},"22":{"start":{"line":45,"column":8},"end":{"line":45,"column":31}},"23":{"start":{"line":46,"column":8},"end":{"line":46,"column":37}},"24":{"start":{"line":47,"column":8},"end":{"line":47,"column":31}},"25":{"start":{"line":48,"column":8},"end":{"line":48,"column":30}},"26":{"start":{"line":49,"column":8},"end":{"line":51,"column":9}},"27":{"start":{"line":50,"column":12},"end":{"line":50,"column":29}},"28":{"start":{"line":52,"column":8},"end":{"line":52,"column":30}},"29":{"start":{"line":55,"column":8},"end":{"line":57,"column":9}},"30":{"start":{"line":56,"column":12},"end":{"line":56,"column":54}},"31":{"start":{"line":60,"column":8},"end":{"line":62,"column":9}},"32":{"start":{"line":61,"column":12},"end":{"line":61,"column":62}},"33":{"start":{"line":64,"column":8},"end":{"line":64,"column":28}},"34":{"start":{"line":65,"column":8},"end":{"line":65,"column":20}},"35":{"start":{"line":72,"column":8},"end":{"line":79,"column":9}},"36":{"start":{"line":72,"column":21},"end":{"line":72,"column":22}},"37":{"start":{"line":74,"column":12},"end":{"line":77,"column":13}},"38":{"start":{"line":75,"column":29},"end":{"line":75,"column":50}},"39":{"start":{"line":76,"column":16},"end":{"line":76,"column":39}},"40":{"start":{"line":78,"column":12},"end":{"line":78,"column":57}},"41":{"start":{"line":80,"column":8},"end":{"line":89,"column":9}},"42":{"start":{"line":81,"column":28},"end":{"line":87,"column":13}},"43":{"start":{"line":88,"column":12},"end":{"line":88,"column":52}},"44":{"start":{"line":92,"column":8},"end":{"line":92,"column":36}},"45":{"start":{"line":95,"column":8},"end":{"line":110,"column":9}},"46":{"start":{"line":96,"column":12},"end":{"line":109,"column":13}},"47":{"start":{"line":97,"column":16},"end":{"line":107,"column":17}},"48":{"start":{"line":98,"column":36},"end":{"line":105,"column":21}},"49":{"start":{"line":106,"column":20},"end":{"line":106,"column":60}},"50":{"start":{"line":113,"column":8},"end":{"line":123,"column":9}},"51":{"start":{"line":114,"column":12},"end":{"line":114,"column":45}},"52":{"start":{"line":116,"column":12},"end":{"line":116,"column":40}},"53":{"start":{"line":118,"column":12},"end":{"line":118,"column":28}},"54":{"start":{"line":122,"column":12},"end":{"line":122,"column":29}},"55":{"start":{"line":132,"column":8},"end":{"line":134,"column":9}},"56
[...]
ne":85,"column":39}},"44":{"start":{"line":86,"column":8},"end":{"line":86,"column":40}},"45":{"start":{"line":88,"column":4},"end":{"line":88,"column":50}},"46":{"start":{"line":90,"column":4},"end":{"line":90,"column":16}},"47":{"start":{"line":98,"column":4},"end":{"line":103,"column":5}},"48":{"start":{"line":98,"column":15},"end":{"line":98,"column":16}},"49":{"start":{"line":99,"column":8},"end":{"line":102,"column":9}},"50":{"start":{"line":100,"column":12},"end":{"line":100,"column":83}},"51":{"start":{"line":101,"column":12},"end":{"line":101,"column":45}},"52":{"start":{"line":110,"column":4},"end":{"line":138,"column":5}},"53":{"start":{"line":111,"column":8},"end":{"line":130,"column":13}},"54":{"start":{"line":112,"column":29},"end":{"line":112,"column":101}},"55":{"start":{"line":113,"column":80},"end":{"line":113,"column":93}},"56":{"start":{"line":114,"column":16},"end":{"line":129,"column":17}},"57":{"start":{"line":115,"column":20},"end":{"line":115,"column":84}},"58":{"start":{"line":116,"column":20},"end":{"line":116,"column":63}},"59":{"start":{"line":117,"column":20},"end":{"line":117,"column":31}},"60":{"start":{"line":118,"column":20},"end":{"line":118,"column":27}},"61":{"start":{"line":119,"column":22},"end":{"line":129,"column":17}},"62":{"start":{"line":120,"column":20},"end":{"line":120,"column":80}},"63":{"start":{"line":121,"column":20},"end":{"line":121,"column":53}},"64":{"start":{"line":122,"column":20},"end":{"line":122,"column":73}},"65":{"start":{"line":123,"column":20},"end":{"line":123,"column":31}},"66":{"start":{"line":124,"column":20},"end":{"line":124,"column":27}},"67":{"start":{"line":125,"column":22},"end":{"line":129,"column":17}},"68":{"start":{"line":126,"column":20},"end":{"line":126,"column":72}},"69":{"start":{"line":127,"column":20},"end":{"line":127,"column":31}},"70":{"start":{"line":128,"column":20},"end":{"line":128,"column":27}},"71":{"start":{"line":131,"column":8},"end":{"line":133,"column":9}},"72":{"start":{"line":132,"column":12},"end":{"line":132,"column":53}},"73":{"start":{"line":136,"column":8},"end":{"line":136,"column":39}},"74":{"start":{"line":137,"column":8},"end":{"line":137,"column":19}},"75":{"start":{"line":143,"column":0},"end":{"line":150,"column":2}}},"fnMap":{"0":{"name":"handle_web_socket","decl":{"start":{"line":12,"column":15},"end":{"line":12,"column":32}},"loc":{"start":{"line":12,"column":46},"end":{"line":69,"column":1}},"line":12},"1":{"name":"(anonymous_1)","decl":{"start":{"line":16,"column":21},"end":{"line":16,"column":22}},"loc":{"start":{"line":16,"column":36},"end":{"line":58,"column":5}},"line":16},"2":{"name":"(anonymous_2)","decl":{"start":{"line":60,"column":19},"end":{"line":60,"column":20}},"loc":{"start":{"line":60,"column":25},"end":{"line":62,"column":5}},"line":60},"3":{"name":"(anonymous_3)","decl":{"start":{"line":64,"column":19},"end":{"line":64,"column":20}},"loc":{"start":{"line":64,"column":30},"end":{"line":67,"column":5}},"line":64},"4":{"name":"assign_player","decl":{"start":{"line":74,"column":9},"end":{"line":74,"column":22}},"loc":{"start":{"line":74,"column":52},"end":{"line":92,"column":1}},"line":74},"5":{"name":"remove_player","decl":{"start":{"line":97,"column":9},"end":{"line":97,"column":22}},"loc":{"start":{"line":97,"column":26},"end":{"line":104,"column":1}},"line":97},"6":{"name":"handle_message","decl":{"start":{"line":109,"column":15},"end":{"line":109,"column":29}},"loc":{"start":{"line":109,"column":57},"end":{"line":139,"column":1}},"line":109}},"branchMap":{"0":{"loc":{"start":{"line":20,"column":12},"end":{"line":51,"column":13}},"type":"if","locations":[{"start":{"line":20,"column":12},"end":{"line":51,"column":13}},{"start":{"line":44,"column":16},"end":{"line":51,"column":13}}],"line":20},"1":{"loc":{"start":{"line":23,"column":16},"end":{"line":42,"column":17}},"type":"if","locations":[{"start":{"line":23,"column":16},"end":{"line":42,"column":17}},{"start":{"line":28,"column":22},"end":{"line":42,"column":17}}],"line":23},"2":{"loc":{"start":{"line":23,"column":19},"end":{"line":23,"column":90}},"type":"binary-expr","locations":[{"start":{"line":23,"column":20},"end":{"line":23,"column":42}},{"start":{"line":23,"column":46},"end":{"line":23,"column":70}},{"start":{"line":23,"column":75},"end":{"line":23,"column":90}}],"line":23},"3":{"loc":{"start":{"line":28,"column":22},"end":{"line":42,"column":17}},"type":"if","locations":[{"start":{"line":28,"column":22},"end":{"line":42,"column":17}},{"start":{"line":37,"column":22},"end":{"line":42,"column":17}}],"line":28},"4":{"loc":{"start":{"line":28,"column":25},"end":{"line":28,"column":97}},"type":"binary-expr","locations":[{"start":{"line":28,"column":25},"end":{"line":28,"column":79}},{"start":{"line":28,"column":83},"end":{"line":28,"column":97}}],"line":28},"5":{"loc":{"start":{"line":30,"column":20},"end":{"line":35,"column":21}},"type":"if","locations":[{"start":{"line":30,"column":20},"end":{"line":35,"column":21}},{"start":{"line":32,"column":25},"end":{"line":35,"column":21}}],"line":30},"6":{"loc":{"start":{"line":37,"column":22},"end":{"line":42,"column":17}},"type":"if","locations":[{"start":{"line":37,"column":22},"end":{"line":42,"column":17}},{"start":{"line":39,"column":21},"end":{"line":42,"column":17}}],"line":37},"7":{"loc":{"start":{"line":45,"column":16},"end":{"line":50,"column":17}},"type":"if","locations":[{"start":{"line":45,"column":16},"end":{"line":50,"column":17}},{"start":{"line":47,"column":21},"end":{"line":50,"column":17}}],"line":45},"8":{"loc":{"start":{"line":78,"column":8},"end":{"line":80,"column":9}},"type":"if","locations":[{"start":{"line":78,"column":8},"end":{"line":80,"column":9}},{"start":{},"end":{}}],"line":78},"9":{"loc":{"start":{"line":83,"column":4},"end":{"line":87,"column":5}},"type":"if","locations":[{"start":{"line":83,"column":4},"end":{"line":87,"column":5}},{"start":{},"end":{}}],"line":83},"10":{"loc":{"start":{"line":99,"column":8},"end":{"line":102,"column":9}},"type":"if","locations":[{"start":{"line":99,"column":8},"end":{"line":102,"column":9}},{"start":{},"end":{}}],"line":99},"11":{"loc":{"start":{"line":99,"column":12},"end":{"line":99,"column":100}},"type":"binary-expr","locations":[{"start":{"line":99,"column":12},"end":{"line":99,"column":53}},{"start":{"line":99,"column":57},"end":{"line":99,"column":100}}],"line":99},"12":{"loc":{"start":{"line":110,"column":4},"end":{"line":138,"column":5}},"type":"if","locations":[{"start":{"line":110,"column":4},"end":{"line":138,"column":5}},{"start":{"line":135,"column":8},"end":{"line":138,"column":5}}],"line":110},"13":{"loc":{"start":{"line":111,"column":8},"end":{"line":130,"column":13}},"type":"if","locations":[{"start":{"line":111,"column":8},"end":{"line":130,"column":13}},{"start":{},"end":{}}],"line":111},"14":{"loc":{"start":{"line":114,"column":16},"end":{"line":129,"column":17}},"type":"if","locations":[{"start":{"line":114,"column":16},"end":{"line":129,"column":17}},{"start":{"line":119,"column":22},"end":{"line":129,"column":17}}],"line":114},"15":{"loc":{"start":{"line":114,"column":19},"end":{"line":114,"column":69}},"type":"binary-expr","locations":[{"start":{"line":114,"column":19},"end":{"line":114,"column":41}},{"start":{"line":114,"column":45},"end":{"line":114,"column":69}}],"line":114},"16":{"loc":{"start":{"line":119,"column":22},"end":{"line":129,"column":17}},"type":"if","locations":[{"start":{"line":119,"column":22},"end":{"line":129,"column":17}},{"start":{"line":125,"column":22},"end":{"line":129,"column":17}}],"line":119},"17":{"loc":{"start":{"line":125,"column":22},"end":{"line":129,"column":17}},"type":"if","locations":[{"start":{"line":125,"column":22},"end":{"line":129,"column":17}},{"start":{},"end":{}}],"line":125}},"s":{"0":9,"1":9,"2":9,"3":0,"4":0,"5":0,"6":0,"7":0,"8":0,"9":0,"10":0,"11":0,"12":0,"13":0,"14":0,"15":0,"16":0,"17":0,"18":0,"19":0,"20":0,"21":0,"22":0,"23":0,"24":0,"25":0,"26":0,"27":0,"28":0,"29":0,"30":0,"31":0,"32":0,"33":0,"34":0,"35":0,"36":0,"37":0,"38":9,"39":4,"40":3,"41":9,"42":6,"43":6,"44":6,"45":9,"46":9,"47":1,"48":1,"49":1,"50":1,"51":1,"52":2,"53":1,"54":0,"55":0,"56":0,"57":0,"58":0,"59":0,"60":0,"61":0,"62":0,"63":0,"64":0,"65":0,"66":0,"67":0,"68":0,"69":0,"70":0,"71":1,"72":1,"73":1,"74":1,"75":9},"f":{"0":0,"1":0,"2":0,"3":0,"4":9,"5":1,"6":2},"b":{"0":[0,0],"1":[0,0],"2":[0,0,0],"3":[0,0],"4":[0,0],"5":[0,0],"6":[0,0],"7":[0,0],"8":[3,1],"9":[6,3],"10":[1,0],"11":[1,1],"12":[1,1],"13":[0,1],"14":[0,0],"15":[0,0],"16":[0,0],"17":[0,0]},"_coverageSchema":"1a1c01bbd47fc00a2c39e90264f33305004495a9","hash":"a8212f692c2e3f1f240bda5adf447d4b05321d88"}
,"/Users/darianhamel/University/Year4/COMP4350/Project/Full-Stack-Flush/server/routes/HistoryRoute.js": {"path":"/Users/darianhamel/University/Year4/COMP4350/Project/Full-Stack-Flush/server/routes/HistoryRoute.js","statementMap":{"0":{"start":{"line":1,"column":16},"end":{"line":1,"column":34}},"1":{"start":{"line":2,"column":15},"end":{"line":2,"column":31}},"2":{"start":{"line":3,"column":36},"end":{"line":3,"column":79}},"3":{"start":{"line":5,"column":0},"end":{"line":5,"column":38}},"4":{"start":{"line":6,"column":0},"end":{"line":6,"column":41}},"5":{"start":{"line":8,"column":0},"end":{"line":8,"column":24}}},"fnMap":{},"branchMap":{},"s":{"0":8,"1":8,"2":8,"3":8,"4":8,"5":8},"f":{},"b":{},"_coverageSchema":"1a1c01bbd47fc00a2c39e90264f33305004495a9","hash":"5f13ae37b27f46dabeec9c08acd5b1ce20115d9d"}
,"/Users/darianhamel/University/Year4/COMP4350/Project/Full-Stack-Flush/server/routes/LeaderboardRoute.js": {"path":"/Users/darianhamel/University/Year4/COMP4350/Project/Full-Stack-Flush/server/routes/LeaderboardRoute.js","statementMap":{"0":{"start":{"line":1,"column":16},"end":{"line":1,"column":34}},"1":{"start":{"line":2,"column":15},"end":{"line":2,"column":31}},"2":{"start":{"line":3,"column":27},"end":{"line":3,"column":74}},"3":{"start":{"line":5,"column":0},"end":{"line":5,"column":43}},"4":{"start":{"line":7,"column":0},"end":{"line":7,"column":24}}},"fnMap":{},"branchMap":{},"s":{"0":8,"1":8,"2":8,"3":8,"4":8},"f":{},"b":{},"_coverageSchema":"1a1c01bbd47fc00a2c39e90264f33305004495a9","hash":"385cd982a7c03d5f849500017103b3e27c7a7411"}
,"/Users/darianhamel/University/Year4/COMP4350/Project/Full-Stack-Flush/server/routes/PokerRoute.js": {"path":"/Users/darianhamel/University/Year4/COMP4350/Project/Full-Stack-Flush/server/routes/PokerRoute.js","statementMap":{"0":{"start":{"line":1,"column":16},"end":{"line":1,"column":34}},"1":{"start":{"line":2,"column":15},"end":{"line":2,"column":31}},"2":{"start":{"line":3,"column":53},"end":{"line":3,"column":94}},"3":{"start":{"line":5,"column":0},"end":{"line":5,"column":40}},"4":{"start":{"line":6,"column":0},"end":{"line":6,"column":37}},"5":{"start":{"line":7,"column":0},"end":{"line":7,"column":40}},"6":{"start":{"line":8,"column":0},"end":{"line":8,"column":42}},"7":{"start":{"line":10,"column":0},"end":{"line":10,"column":24}}},"fnMap":{},"branchMap":{},"s":{"0":8,"1":8,"2":8,"3":8,"4":8,"5":8,"6":8,"7":8},"f":{},"b":{},"_coverageSchema":"1a1c01bbd47fc00a2c39e90264f33305004495a9","hash":"6db2349f83f4f20cdcc2abd308f6e87d8fc97076"}
,"/Users/darianhamel/University/Year4/COMP4350/Project/Full-Stack-Flush/server/routes/ProfileRoute.js": {"path":"/Users/darianhamel/University/Year4/COMP4350/Project/Full-Stack-Flush/server/routes/ProfileRoute.js","statementMap":{"0":{"start":{"line":1,"column":16},"end":{"line":1,"column":34}},"1":{"start":{"line":2,"column":15},"end":{"line":2,"column":31}},"2":{"start":{"line":3,"column":146},"end":{"line":3,"column":189}},"3":{"start":{"line":5,"column":0},"end":{"line":5,"column":37}},"4":{"start":{"line":6,"column":0},"end":{"line":6,"column":38}},"5":{"start":{"line":7,"column":0},"end":{"line":7,"column":44}},"6":{"start":{"line":8,"column":0},"end":{"line":8,"column":42}},"7":{"start":{"line":9,"column":0},"end":{"line":9,"column":36}},"8":{"start":{"line":10,"column":0},"end":{"line":10,"column":34}},"9":{"start":{"line":11,"column":0},"end":{"line":11,"column":43}},"10":{"start":{"line":12,"column":0},"end":{"line":12,"column":51}},"11":{"start":{"line":13,"column":0},"end":{"line":13,"column":45}},"12":{"start":{"line":14,"column":0},"end":{"line":14,"column":43}},"13":{"start":{"line":17,"column":0},"end":{"line":17,"column":24}}},"fnMap":{},"branchMap":{},"s":{"0":8,"1":8,"2":8,"3":8,"4":8,"5":8,"6":8,"7":8,"8":8,"9":8,"10":8,"11":8,"12":8,"13":8},"f":{},"b":{},"_coverageSchema":"1a1c01bbd47fc00a2c39e90264f33305004495a9","hash":"3acd0b2417f81e179411c70639b74c30ecc292f0"}
,"/Users/darianhamel/University/Year4/COMP4350/Project/Full-Stack-Flush/server/routes/TutorialRoute.js": {"path":"/Users/darianhamel/University/Year4/COMP4350/Project/Full-Stack-Flush/server/routes/TutorialRoute.js","statementMap":{"0":{"start":{"line":1,"column":16},"end":{"line":1,"column":34}},"1":{"start":{"line":2,"column":40},"end":{"line":2,"column":87}},"2":{"start":{"line":4,"column":15},"end":{"line":4,"column":31}},"3":{"start":{"line":6,"column":0},"end":{"line":6,"column":43}},"4":{"start":{"line":9,"column":0},"end":{"line":9,"column":24}}},"fnMap":{},"branchMap":{},"s":{"0":8,"1":8,"2":8,"3":8,"4":8},"f":{},"b":{},"_coverageSchema":"1a1c01bbd47fc00a2c39e90264f33305004495a9","hash":"214bab7d1115fc89674487bc6b711a7c7b7ab69b"}
,"/Users/darianhamel/University/Year4/COMP4350/Project/Full-Stack-Flush/server/routes/UserTutorialRoute.js": {"path":"/Users/darianhamel/University/Year4/COMP4350/Project/Full-Stack-Flush/server/routes/UserTutorialRoute.js","statementMap":{"0":{"start":{"line":1,"column":16},"end":{"line":1,"column":34}},"1":{"start":{"line":2,"column":51},"end":{"line":2,"column":102}},"2":{"start":{"line":4,"column":15},"end":{"line":4,"column":31}},"3":{"start":{"line":6,"column":0},"end":{"line":6,"column":62}},"4":{"start":{"line":7,"column":0},"end":{"line":7,"column":67}},"5":{"start":{"line":10,"column":0},"end":{"line":10,"column":24}}},"fnMap":{},"branchMap":{},"s":{"0":8,"1":8,"2":8,"3":8,"4":8,"5":8},"f":{},"b":{},"_coverageSchema":"1a1c01bbd47fc00a2c39e90264f33305004495a9","hash":"b1fd6fdd76c3920fa13161a6e5105fee0506cd50"}
,"/Users/darianhamel/University/Year4/COMP4350/Project/Full-Stack-Flush/server/routes/WinLoseRoute.js": {"path":"/Users/darianhamel/University/Year4/COMP4350/Project/Full-Stack-Flush/server/routes/WinLoseRoute.js","statementMap":{"0":{"start":{"line":1,"column":16},"end":{"line":1,"column":34}},"1":{"start":{"line":2,"column":15},"end":{"line":2,"column":31}},"2":{"start":{"line":3,"column":63},"end":{"line":3,"column":106}},"3":{"start":{"line":5,"column":0},"end":{"line":5,"column":32}},"4":{"start":{"line":6,"column":0},"end":{"line":6,"column":36}},"5":{"start":{"line":7,"column":0},"end":{"line":7,"column":41}},"6":{"start":{"line":8,"column":0},"end":{"line":8,"column":53}},"7":{"start":{"line":10,"column":0},"end":{"line":10,"column":24}}},"fnMap":{},"branchMap":{},"s":{"0":8,"1":8,"2":8,"3":8,"4":8,"5":8,"6":8,"7":8},"f":{},"b":{},"_coverageSchema":"1a1c01bbd47fc00a2c39e90264f33305004495a9","hash":"31b706bc022ee02263b3003dda756b835b3cf67f"}
,"/Users/darianhamel/University/Year4/COMP4350/Project/Full-Stack-Flush/server/util/HandleBet.js": {"path":"/Users/darianhamel/University/Year4/COMP4350/Project/Full-Stack-Flush/server/util/HandleBet.js","statementMap":{"0":{"start":{"line":1,"column":14},"end":{"line":1,"column":30}},"1":{"start":{"line":9,"column":18},"end":{"line":22,"column":1}},"2":{"start":{"line":10,"column":4},"end":{"line":10,"column":26}},"3":{"start":{"line":10,"column":19},"end":{"line":10,"column":26}},"4":{"start":{"line":11,"column":4},"end":{"line":21,"column":5}},"5":{"start":{"line":12,"column":25},"end":{"line":16,"column":9}},"6":{"start":{"line":17,"column":8},"end":{"line":17,"column":43}},"7":{"start":{"line":18,"column":8},"end":{"line":18,"column":28}},"8":{"start":{"line":20,"column":8},"end":{"line":20,"column":56}},"9":{"start":{"line":24,"column":0},"end":{"line":24,"column":31}}},"fnMap":{"0":{"name":"(anonymous_0)","decl":{"start":{"line":9,"column":18},"end":{"line":9,"column":19}},"loc":{"start":{"line":9,"column":43},"end":{"line":22,"column":1}},"line":9}},"branchMap":{"0":{"loc":{"start":{"line":10,"column":4},"end":{"line":10,"column":26}},"type":"if","locations":[{"start":{"line":10,"column":4},"end":{"line":10,"column":26}},{"start":{},"end":{}}],"line":10}},"s":{"0":8,"1":8,"2":0,"3":0,"4":0,"5":0,"6":0,"7":0,"8":0,"9":8},"f":{"0":0},"b":{"0":[0,0]},"_coverageSchema":"1a1c01bbd47fc00a2c39e90264f33305004495a9","hash":"7aae7388212073f667cff1c4ffae01498d56dc18"}
,"/Users/darianhamel/University/Year4/COMP4350/Project/Full-Stack-Flush/server/util/HandleWinLoss.js": {"path":"/Users/darianhamel/University/Year4/COMP4350/Project/Full-Stack-Flush/server/util/HandleWinLoss.js","statementMap":{"0":{"start":{"line":1,"column":14},"end":{"line":1,"column":30}},"1":{"start":{"line":8,"column":18},"end":{"line":20,"column":3}},"2":{"start":{"line":9,"column":4},"end":{"line":9,"column":26}},"3":{"start":{"line":9,"column":19},"end":{"line":9,"column":26}},"4":{"start":{"line":10,"column":4},"end":{"line":19,"column":5}},"5":{"start":{"line":11,"column":23},"end":{"line":15,"column":7}},"6":{"start":{"line":18,"column":6},"end":{"line":18,"column":52}},"7":{"start":{"line":26,"column":19},"end":{"line":38,"column":1}},"8":{"start":{"line":27,"column":2},"end":{"line":27,"column":24}},"9":{"start":{"line":27,"column":17},"end":{"line":27,"column":24}},"10":{"start":{"line":28,"column":4},"end":{"line":37,"column":3}},"11":{"start":{"line":29,"column":23},"end":{"line":33,"column":7}},"12":{"start":{"line":36,"column":4},"end":{"line":36,"column":52}},"13":{"start":{"line":41,"column":2},"end":{"line":41,"column":45}}},"fnMap":{"0":{"name":"(anonymous_0)","decl":{"start":{"line":8,"column":18},"end":{"line":8,"column":19}},"loc":{"start":{"line":8,"column":49},"end":{"line":20,"column":3}},"line":8},"1":{"name":"(anonymous_1)","decl":{"start":{"line":26,"column":19},"end":{"line":26,"column":20}},"loc":{"start":{"line":26,"column":50},"end":{"line":38,"column":1}},"line":26}},"branchMap":{"0":{"loc":{"start":{"line":9,"column":4},"end":{"line":9,"column":26}},"type":"if","locations":[{"start":{"line":9,"column":4},"end":{"line":9,"column":26}},{"start":{},"end":{}}],"line":9},"1":{"loc":{"start":{"line":27,"column":2},"end":{"line":27,"column":24}},"type":"if","locations":[{"start":{"line":27,"column":2},"end":{"line":27,"column":24}},{"start":{},"end":{}}],"line":27}},"s":{"0":8,"1":8,"2":0,"3":0,"4":0,"5":0,"6":0,"7":8,"8":0,"9":0,"10":0,"11":0,"12":0,"13":8},"f":{"0":0,"1":0},"b":{"0":[0,0],"1":[0,0]},"_coverageSchema":"1a1c01bbd47fc00a2c39e90264f33305004495a9","hash":"908f1ec709b4882d534964cf1962264d535bed27"}
,"/Users/darianhamel/University/Year4/COMP4350/Project/Full-Stack-Flush/server/util/SecretToken.js": {"path":"/Users/darianhamel/University/Year4/COMP4350/Project/Full-Stack-Flush/server/util/SecretToken.js","statementMap":{"0":{"start":{"line":2,"column":0},"end":{"line":2,"column":27}},"1":{"start":{"line":3,"column":12},"end":{"line":3,"column":35}},"2":{"start":{"line":5,"column":0},"end":{"line":8,"column":2}},"3":{"start":{"line":6,"column":17},"end":{"line":6,"column":55}},"4":{"start":{"line":7,"column":2},"end":{"line":7,"column":67}}},"fnMap":{"0":{"name":"(anonymous_0)","decl":{"start":{"line":5,"column":35},"end":{"line":5,"column":36}},"loc":{"start":{"line":5,"column":43},"end":{"line":8,"column":1}},"line":5}},"branchMap":{"0":{"loc":{"start":{"line":6,"column":17},"end":{"line":6,"column":55}},"type":"binary-expr","locations":[{"start":{"line":6,"column":17},"end":{"line":6,"column":35}},{"start":{"line":6,"column":39},"end":{"line":6,"column":55}}],"line":6}},"s":{"0":8,"1":8,"2":8,"3":3,"4":3},"f":{"0":3},"b":{"0":[3,3]},"_coverageSchema":"1a1c01bbd47fc00a2c39e90264f33305004495a9","hash":"b5bbf04d9e55f289e3c43f093d5c5bc60d8c3848"}
}
