TN:
SF:server.js
FN:27,(anonymous_0)
FN:28,(anonymous_1)
FN:39,(anonymous_2)
FN:50,(anonymous_3)
FNF:4
FNH:1
FNDA:0,(anonymous_0)
FNDA:0,(anonymous_1)
FNDA:0,(anonymous_2)
FNDA:8,(anonymous_3)
DA:1,8
DA:2,8
DA:3,8
DA:4,8
DA:5,8
DA:6,8
DA:7,8
DA:9,8
DA:10,8
DA:11,8
DA:12,8
DA:13,8
DA:14,8
DA:15,8
DA:16,8
DA:17,8
DA:18,8
DA:20,8
DA:21,8
DA:22,8
DA:24,8
DA:25,0
DA:27,0
DA:28,0
DA:30,0
DA:39,8
DA:40,0
DA:41,0
DA:42,0
DA:43,0
DA:46,0
DA:50,8
DA:51,8
DA:54,8
DA:55,8
DA:56,8
DA:57,8
DA:58,8
DA:59,8
DA:60,8
DA:61,8
DA:62,8
DA:63,8
DA:64,8
DA:65,8
DA:68,8
LF:46
LH:37
BRDA:24,0,0,0
BRDA:24,0,1,8
BRF:2
BRH:1
end_of_record
TN:
SF:Controllers/AuthController.js
FN:9,(anonymous_0)
FN:59,(anonymous_1)
FNF:2
FNH:2
FNDA:11,(anonymous_0)
FNDA:12,(anonymous_1)
DA:1,10
DA:2,10
DA:3,10
DA:9,10
DA:10,11
DA:11,11
DA:12,11
DA:14,11
DA:15,2
DA:18,9
DA:19,7
DA:20,2
DA:23,5
DA:24,5
DA:25,5
DA:26,5
DA:27,5
DA:28,5
DA:38,5
DA:40,5
DA:45,5
DA:50,5
DA:52,2
DA:59,10
DA:60,12
DA:61,12
DA:62,12
DA:64,12
DA:65,1
DA:67,11
DA:68,2
DA:70,9
DA:71,7
DA:72,2
DA:74,5
DA:75,5
DA:76,2
DA:78,3
DA:79,3
DA:83,3
DA:84,3
DA:86,2
LF:42
LH:42
BRDA:14,0,0,2
BRDA:14,0,1,9
BRDA:14,1,0,11
BRDA:14,1,1,10
BRDA:19,2,0,2
BRDA:19,2,1,5
BRDA:31,3,0,5
BRDA:31,3,1,0
BRDA:32,4,0,5
BRDA:32,4,1,0
BRDA:33,5,0,5
BRDA:33,5,1,0
BRDA:34,6,0,5
BRDA:34,6,1,0
BRDA:35,7,0,5
BRDA:35,7,1,0
BRDA:64,8,0,1
BRDA:64,8,1,11
BRDA:67,9,0,2
BRDA:67,9,1,9
BRDA:71,10,0,2
BRDA:71,10,1,5
BRDA:75,11,0,2
BRDA:75,11,1,3
BRF:24
BRH:19
end_of_record
TN:
SF:Controllers/BalanceController.js
FN:8,(anonymous_0)
FN:24,(anonymous_1)
FN:74,(anonymous_2)
FN:115,(anonymous_3)
FNF:4
FNH:2
FNDA:5,(anonymous_0)
FNDA:11,(anonymous_1)
FNDA:0,(anonymous_2)
FNDA:0,(anonymous_3)
DA:1,9
DA:2,9
DA:3,9
DA:8,9
DA:9,5
DA:10,5
DA:11,5
DA:12,4
DA:13,2
DA:15,2
DA:17,1
DA:24,9
DA:25,11
DA:31,11
DA:32,1
DA:35,10
DA:36,10
DA:37,9
DA:38,1
DA:41,8
DA:42,8
DA:43,2
DA:46,6
DA:47,6
DA:48,2
DA:51,4
DA:52,4
DA:53,3
DA:54,3
DA:55,3
DA:62,3
DA:65,2
DA:66,2
DA:74,9
DA:75,0
DA:77,0
DA:78,0
DA:84,0
DA:85,0
DA:86,0
DA:87,0
DA:90,0
DA:91,0
DA:92,0
DA:95,0
DA:96,0
DA:97,0
DA:98,0
DA:99,0
DA:100,0
DA:101,0
DA:108,0
DA:110,0
DA:111,0
DA:115,9
DA:116,0
DA:118,0
DA:119,0
DA:122,0
DA:123,0
DA:124,0
DA:125,0
DA:128,0
DA:129,0
DA:131,0
DA:133,0
DA:135,0
DA:136,0
LF:68
LH:35
BRDA:12,0,0,2
BRDA:12,0,1,2
BRDA:27,1,0,11
BRDA:27,1,1,0
BRDA:31,2,0,1
BRDA:31,2,1,10
BRDA:31,3,0,11
BRDA:31,3,1,10
BRDA:37,4,0,1
BRDA:37,4,1,8
BRDA:42,5,0,2
BRDA:42,5,1,6
BRDA:47,6,0,2
BRDA:47,6,1,4
BRDA:77,7,0,0
BRDA:77,7,1,0
BRDA:77,8,0,0
BRDA:77,8,1,0
BRDA:86,9,0,0
BRDA:86,9,1,0
BRDA:91,10,0,0
BRDA:91,10,1,0
BRDA:118,11,0,0
BRDA:118,11,1,0
BRDA:118,12,0,0
BRDA:118,12,1,0
BRDA:124,13,0,0
BRDA:124,13,1,0
BRF:28
BRH:13
end_of_record
TN:
SF:Controllers/BetController.js
FN:9,(anonymous_0)
FNF:1
FNH:0
FNDA:0,(anonymous_0)
DA:1,8
DA:9,8
DA:10,0
DA:11,0
DA:12,0
DA:14,0
DA:15,0
DA:16,0
DA:17,0
DA:19,0
DA:20,0
DA:25,0
DA:26,0
DA:27,0
DA:29,0
DA:30,0
DA:31,0
DA:32,0
DA:33,0
DA:34,0
DA:35,0
DA:38,0
DA:41,0
DA:42,0
LF:24
LH:2
BRDA:16,0,0,0
BRDA:16,0,1,0
BRDA:19,1,0,0
BRDA:19,1,1,0
BRDA:29,2,0,0
BRDA:29,2,1,0
BRDA:31,3,0,0
BRDA:31,3,1,0
BRDA:34,4,0,0
BRDA:34,4,1,0
BRF:10
BRH:0
end_of_record
TN:
SF:Controllers/HistoryController.js
FN:8,(anonymous_0)
FN:32,(anonymous_1)
FNF:2
FNH:0
FNDA:0,(anonymous_0)
FNDA:0,(anonymous_1)
DA:1,8
DA:2,8
DA:8,8
DA:9,0
DA:10,0
DA:12,0
DA:13,0
DA:16,0
DA:17,0
DA:18,0
DA:21,0
DA:23,0
DA:32,8
DA:33,0
DA:34,0
DA:36,0
DA:37,0
DA:40,0
DA:41,0
DA:42,0
DA:45,0
DA:46,0
DA:49,0
DA:56,0
DA:58,0
DA:59,0
LF:26
LH:4
BRDA:12,0,0,0
BRDA:12,0,1,0
BRDA:17,1,0,0
BRDA:17,1,1,0
BRDA:36,2,0,0
BRDA:36,2,1,0
BRDA:36,3,0,0
BRDA:36,3,1,0
BRDA:36,3,2,0
BRDA:41,4,0,0
BRDA:41,4,1,0
BRDA:45,5,0,0
BRDA:45,5,1,0
BRDA:45,6,0,0
BRDA:45,6,1,0
BRDA:45,6,2,0
BRF:16
BRH:0
end_of_record
TN:
SF:Controllers/LeaderboardController.js
FN:7,(anonymous_0)
FN:37,(anonymous_1)
FN:53,(anonymous_2)
FN:54,(anonymous_3)
FN:65,(anonymous_4)
FN:66,(anonymous_5)
FNF:6
FNH:6
FNDA:9,(anonymous_0)
FNDA:10,(anonymous_1)
FNDA:7,(anonymous_2)
FNDA:17,(anonymous_3)
FNDA:13,(anonymous_4)
FNDA:38,(anonymous_5)
DA:1,9
DA:7,9
DA:8,9
DA:9,9
DA:10,9
DA:11,9
DA:13,9
DA:15,9
DA:16,2
DA:19,7
DA:21,7
DA:23,5
DA:24,5
DA:25,5
DA:27,5
DA:30,2
DA:37,9
DA:38,10
DA:40,10
DA:41,2
DA:43,8
DA:44,1
DA:47,10
DA:53,9
DA:54,17
DA:65,9
DA:66,13
DA:67,38
DA:68,4
DA:73,34
LF:30
LH:30
BRDA:9,0,0,9
BRDA:9,0,1,2
BRDA:10,1,0,9
BRDA:10,1,1,2
BRDA:11,2,0,9
BRDA:11,2,1,8
BRDA:15,3,0,2
BRDA:15,3,1,7
BRDA:40,4,0,2
BRDA:40,4,1,8
BRDA:43,5,0,1
BRDA:43,5,1,7
BRDA:56,6,0,15
BRDA:56,6,1,2
BRDA:67,7,0,4
BRDA:67,7,1,34
BRDA:68,8,0,2
BRDA:68,8,1,2
BRDA:73,9,0,12
BRDA:73,9,1,22
BRF:20
BRH:20
end_of_record
TN:
SF:Controllers/PokerController.js
FN:8,(anonymous_0)
FN:31,(anonymous_1)
FN:48,(anonymous_2)
FN:65,(anonymous_3)
FN:89,(anonymous_4)
FNF:5
FNH:5
FNDA:1,(anonymous_0)
FNDA:1,(anonymous_1)
FNDA:1,(anonymous_2)
FNDA:1,(anonymous_3)
FNDA:2,(anonymous_4)
DA:1,8
DA:3,8
DA:8,8
DA:9,1
DA:10,1
DA:11,1
DA:12,1
DA:14,1
DA:15,1
DA:17,1
DA:31,8
DA:32,1
DA:33,1
DA:35,1
DA:36,0
DA:39,1
DA:40,1
DA:42,1
DA:48,8
DA:49,1
DA:51,1
DA:52,0
DA:55,1
DA:56,1
DA:58,1
DA:65,8
DA:66,1
DA:68,1
DA:69,0
DA:72,1
DA:89,1
DA:90,2
DA:91,2
DA:92,0
DA:93,0
DA:94,0
DA:95,0
DA:97,0
DA:100,1
LF:39
LH:31
BRDA:35,0,0,0
BRDA:35,0,1,1
BRDA:51,1,0,0
BRDA:51,1,1,1
BRDA:68,2,0,0
BRDA:68,2,1,1
BRDA:68,3,0,1
BRDA:68,3,1,1
BRDA:90,4,0,2
BRDA:90,4,1,0
BRDA:92,5,0,0
BRDA:92,5,1,0
BRDA:93,6,0,0
BRDA:93,6,1,0
BRDA:94,7,0,0
BRDA:94,7,1,0
BRF:16
BRH:6
end_of_record
TN:
SF:Controllers/ProfileController.js
FN:7,(anonymous_0)
FN:23,(anonymous_1)
FN:35,(anonymous_2)
FN:47,(anonymous_3)
FN:67,(anonymous_4)
FN:81,(anonymous_5)
FN:99,(anonymous_6)
FN:111,(anonymous_7)
FN:123,(anonymous_8)
FN:136,(anonymous_9)
FN:156,(anonymous_10)
FNF:11
FNH:9
FNDA:12,(anonymous_0)
FNDA:5,(anonymous_1)
FNDA:1,(anonymous_2)
FNDA:2,(anonymous_3)
FNDA:1,(anonymous_4)
FNDA:1,(anonymous_5)
FNDA:0,(anonymous_6)
FNDA:1,(anonymous_7)
FNDA:1,(anonymous_8)
FNDA:0,(anonymous_9)
FNDA:2,(anonymous_10)
DA:1,9
DA:7,9
DA:8,12
DA:9,12
DA:10,12
DA:11,11
DA:12,2
DA:14,9
DA:16,1
DA:23,9
DA:24,5
DA:25,5
DA:26,5
DA:27,3
DA:29,2
DA:35,9
DA:36,1
DA:37,1
DA:38,1
DA:39,0
DA:41,1
DA:47,9
DA:48,2
DA:49,2
DA:50,1
DA:51,1
DA:52,0
DA:54,1
DA:55,1
DA:56,1
DA:57,0
DA:59,1
DA:67,9
DA:68,1
DA:69,1
DA:70,1
DA:71,0
DA:73,1
DA:81,9
DA:82,1
DA:83,1
DA:84,1
DA:85,0
DA:87,1
DA:88,1
DA:89,1
DA:90,1
DA:91,1
DA:92,1
DA:99,9
DA:100,0
DA:101,0
DA:102,0
DA:103,0
DA:105,0
DA:111,9
DA:112,1
DA:113,1
DA:114,1
DA:115,0
DA:117,1
DA:123,9
DA:124,1
DA:125,1
DA:126,1
DA:127,0
DA:129,1
DA:136,9
DA:137,0
DA:138,0
DA:139,0
DA:140,0
DA:141,0
DA:143,0
DA:144,0
DA:145,0
DA:146,0
DA:148,0
DA:156,9
DA:157,2
DA:158,2
DA:159,1
DA:160,1
DA:161,0
DA:163,1
DA:164,1
DA:165,1
DA:166,1
DA:168,1
LF:89
LH:66
BRDA:11,0,0,2
BRDA:11,0,1,9
BRDA:26,1,0,3
BRDA:26,1,1,2
BRDA:38,2,0,0
BRDA:38,2,1,1
BRDA:49,3,0,1
BRDA:49,3,1,1
BRDA:49,4,0,2
BRDA:49,4,1,2
BRDA:51,5,0,0
BRDA:51,5,1,1
BRDA:56,6,0,0
BRDA:56,6,1,1
BRDA:70,7,0,0
BRDA:70,7,1,1
BRDA:84,8,0,0
BRDA:84,8,1,1
BRDA:102,9,0,0
BRDA:102,9,1,0
BRDA:114,10,0,0
BRDA:114,10,1,1
BRDA:126,11,0,0
BRDA:126,11,1,1
BRDA:138,12,0,0
BRDA:138,12,1,0
BRDA:138,13,0,0
BRDA:138,13,1,0
BRDA:140,14,0,0
BRDA:140,14,1,0
BRDA:158,15,0,1
BRDA:158,15,1,1
BRDA:158,16,0,2
BRDA:158,16,1,2
BRDA:160,17,0,0
BRDA:160,17,1,1
BRF:36
BRH:20
end_of_record
TN:
SF:Controllers/TutorialController.js
FN:7,(anonymous_0)
FNF:1
FNH:1
FNDA:10,(anonymous_0)
DA:1,9
DA:7,9
DA:8,10
DA:9,10
DA:10,6
DA:11,6
DA:13,4
DA:15,2
DA:17,2
DA:21,4
DA:22,4
DA:23,2
DA:25,2
LF:13
LH:13
BRDA:9,0,0,6
BRDA:9,0,1,4
BRDA:13,1,0,2
BRDA:13,1,1,2
BRF:4
BRH:4
end_of_record
TN:
SF:Controllers/UserTutorialController.js
FN:6,(anonymous_0)
FN:18,(anonymous_1)
FNF:2
FNH:0
FNDA:0,(anonymous_0)
FNDA:0,(anonymous_1)
DA:1,8
DA:6,8
DA:7,0
DA:8,0
DA:9,0
DA:11,0
DA:18,8
DA:19,0
DA:20,0
DA:21,0
DA:23,0
DA:24,0
DA:26,0
DA:27,0
DA:31,0
DA:32,0
DA:34,0
LF:17
LH:3
BRDA:23,0,0,0
BRDA:23,0,1,0
BRDA:26,1,0,0
BRDA:26,1,1,0
BRF:4
BRH:0
end_of_record
TN:
SF:Controllers/WinLoseController.js
FN:10,(anonymous_0)
FN:27,(anonymous_1)
FN:45,(anonymous_2)
FN:111,(anonymous_3)
FNF:4
FNH:3
FNDA:6,(anonymous_0)
FNDA:6,(anonymous_1)
FNDA:15,(anonymous_2)
FNDA:0,(anonymous_3)
DA:3,9
DA:4,9
DA:5,9
DA:10,9
DA:11,6
DA:12,6
DA:13,6
DA:14,4
DA:15,2
DA:17,2
DA:19,2
DA:27,9
DA:28,6
DA:29,6
DA:30,6
DA:31,4
DA:32,2
DA:34,2
DA:36,2
DA:45,9
DA:46,15
DA:47,15
DA:56,15
DA:57,2
DA:60,13
DA:61,3
DA:64,10
DA:65,0
DA:68,10
DA:69,8
DA:73,6
DA:74,0
DA:75,0
DA:76,0
DA:78,0
DA:86,6
DA:87,5
DA:88,5
DA:89,0
DA:93,6
DA:94,5
DA:95,5
DA:96,0
DA:101,6
DA:102,6
DA:104,6
DA:105,4
DA:107,4
DA:111,9
DA:112,0
DA:113,0
DA:119,0
DA:121,0
DA:122,0
DA:125,0
LF:55
LH:42
BRDA:14,0,0,2
BRDA:14,0,1,2
BRDA:31,1,0,2
BRDA:31,1,1,2
BRDA:49,2,0,15
BRDA:49,2,1,1
BRDA:50,3,0,15
BRDA:50,3,1,1
BRDA:51,4,0,15
BRDA:51,4,1,15
BRDA:56,5,0,2
BRDA:56,5,1,13
BRDA:60,6,0,3
BRDA:60,6,1,10
BRDA:60,7,0,13
BRDA:60,7,1,11
BRDA:64,8,0,0
BRDA:64,8,1,10
BRDA:64,9,0,10
BRDA:64,9,1,6
BRDA:69,10,0,2
BRDA:69,10,1,6
BRDA:73,11,0,0
BRDA:73,11,1,6
BRDA:75,12,0,0
BRDA:75,12,1,0
BRDA:86,13,0,5
BRDA:86,13,1,1
BRDA:88,14,0,0
BRDA:88,14,1,5
BRDA:93,15,0,5
BRDA:93,15,1,1
BRDA:95,16,0,0
BRDA:95,16,1,5
BRDA:121,17,0,0
BRDA:121,17,1,0
BRDA:121,18,0,0
BRDA:121,18,1,0
BRDA:121,18,2,0
BRF:39
BRH:28
end_of_record
TN:
SF:Middleware/AuthMiddleware.js
FN:6,(anonymous_0)
FN:11,(anonymous_1)
FNF:2
FNH:0
FNDA:0,(anonymous_0)
FNDA:0,(anonymous_1)
DA:2,8
DA:3,8
DA:4,8
DA:6,8
DA:7,0
DA:8,0
DA:9,0
DA:11,0
DA:12,0
DA:13,0
DA:15,0
DA:16,0
DA:17,0
LF:13
LH:4
BRDA:8,0,0,0
BRDA:8,0,1,0
BRDA:12,1,0,0
BRDA:12,1,1,0
BRDA:16,2,0,0
BRDA:16,2,1,0
BRF:6
BRH:0
end_of_record
TN:
SF:Models/Card.js
FN:2,(anonymous_0)
FNF:1
FNH:1
FNDA:1181,(anonymous_0)
DA:3,1181
DA:4,1181
DA:8,9
LF:3
LH:3
BRF:0
BRH:0
end_of_record
TN:
SF:Models/Deck.js
FN:4,(anonymous_0)
FN:13,(anonymous_1)
FN:27,(anonymous_2)
FN:38,(anonymous_3)
FN:45,(anonymous_4)
FN:61,(anonymous_5)
FNF:6
FNH:5
FNDA:22,(anonymous_0)
FNDA:22,(anonymous_1)
FNDA:22,(anonymous_2)
FNDA:0,(anonymous_3)
FNDA:10,(anonymous_4)
FNDA:2,(anonymous_5)
DA:1,9
DA:5,22
DA:6,22
DA:7,22
DA:14,22
DA:16,22
DA:17,88
DA:18,1144
DA:28,22
DA:29,1144
DA:30,1144
DA:39,0
DA:46,10
DA:47,1
DA:48,9
DA:49,1
DA:50,8
DA:51,0
DA:52,8
DA:53,0
DA:55,10
DA:62,2
DA:66,9
LF:23
LH:20
BRDA:46,0,0,1
BRDA:46,0,1,9
BRDA:48,1,0,1
BRDA:48,1,1,8
BRDA:50,2,0,0
BRDA:50,2,1,8
BRDA:52,3,0,0
BRDA:52,3,1,8
BRF:8
BRH:6
end_of_record
TN:
SF:Models/Game.js
FN:7,(anonymous_0)
FN:24,(anonymous_1)
FN:43,(anonymous_2)
FN:71,(anonymous_3)
FN:129,(anonymous_4)
FN:149,(anonymous_5)
FN:166,(anonymous_6)
FN:210,(anonymous_7)
FN:264,(anonymous_8)
FN:272,(anonymous_9)
FN:313,(anonymous_10)
FN:322,(anonymous_11)
FN:334,(anonymous_12)
FN:368,(anonymous_13)
FNF:14
FNH:14
FNDA:27,(anonymous_0)
FNDA:13,(anonymous_1)
FNDA:13,(anonymous_2)
FNDA:15,(anonymous_3)
FNDA:19,(anonymous_4)
FNDA:8,(anonymous_5)
FNDA:9,(anonymous_6)
FNDA:6,(anonymous_7)
FNDA:2,(anonymous_8)
FNDA:4,(anonymous_9)
FNDA:1,(anonymous_10)
FNDA:1,(anonymous_11)
FNDA:5,(anonymous_12)
FNDA:34,(anonymous_13)
DA:1,9
DA:2,9
DA:3,9
DA:4,9
DA:8,27
DA:9,27
DA:10,27
DA:11,27
DA:12,27
DA:13,27
DA:14,27
DA:15,27
DA:16,27
DA:17,27
DA:18,27
DA:27,13
DA:28,8
DA:29,8
DA:30,8
DA:31,8
DA:34,5
DA:35,5
DA:45,13
DA:46,13
DA:47,13
DA:48,13
DA:49,13
DA:50,10
DA:52,13
DA:55,13
DA:56,1
DA:60,13
DA:61,11
DA:64,13
DA:65,13
DA:72,15
DA:74,30
DA:75,28
DA:76,28
DA:78,30
DA:80,15
DA:81,14
DA:88,14
DA:92,15
DA:95,15
DA:96,14
DA:97,18
DA:98,4
DA:106,4
DA:113,15
DA:114,1
DA:116,1
DA:118,1
DA:122,14
DA:132,19
DA:133,1
DA:136,19
DA:137,12
DA:141,7
DA:142,7
DA:151,8
DA:154,8
DA:155,10
DA:157,10
DA:160,8
DA:167,9
DA:168,9
DA:170,9
DA:171,6
DA:172,6
DA:173,1
DA:174,1
DA:175,1
DA:180,5
DA:181,3
DA:182,3
DA:183,3
DA:190,2
DA:191,2
DA:197,0
DA:201,9
DA:211,6
DA:212,8
DA:213,7
DA:214,7
DA:217,5
DA:218,4
DA:222,1
DA:224,5
DA:227,1
DA:228,1
DA:232,0
DA:234,1
DA:237,1
DA:238,1
DA:239,0
DA:241,1
DA:243,1
DA:244,1
DA:245,1
DA:249,0
DA:251,1
DA:254,0
DA:255,0
DA:265,2
DA:266,2
DA:273,4
DA:274,4
DA:276,4
DA:280,4
DA:283,4
DA:284,5
DA:285,1
DA:290,1
DA:295,4
DA:296,1
DA:297,1
DA:298,1
DA:301,3
DA:303,1
DA:304,1
DA:305,1
DA:314,1
DA:315,1
DA:323,1
DA:325,1
DA:326,1
DA:335,5
DA:337,5
DA:338,5
DA:339,4
DA:340,4
DA:341,4
DA:344,4
DA:345,4
DA:349,4
DA:350,3
DA:354,5
DA:355,1
DA:356,1
DA:357,1
DA:358,1
DA:362,5
DA:369,34
DA:370,20
DA:378,9
LF:146
LH:140
BRDA:27,0,0,8
BRDA:27,0,1,5
BRDA:97,1,0,4
BRDA:97,1,1,14
BRDA:113,2,0,1
BRDA:113,2,1,14
BRDA:132,3,0,20
BRDA:132,3,1,13
BRDA:136,4,0,12
BRDA:136,4,1,7
BRDA:172,5,0,1
BRDA:172,5,1,5
BRDA:172,6,0,6
BRDA:172,6,1,5
BRDA:172,6,2,5
BRDA:180,7,0,3
BRDA:180,7,1,2
BRDA:180,8,0,5
BRDA:180,8,1,3
BRDA:190,9,0,2
BRDA:190,9,1,0
BRDA:212,10,0,7
BRDA:212,10,1,1
BRDA:214,11,0,5
BRDA:214,11,1,1
BRDA:214,11,2,1
BRDA:214,11,3,0
BRDA:217,12,0,4
BRDA:217,12,1,1
BRDA:227,13,0,1
BRDA:227,13,1,0
BRDA:237,14,0,1
BRDA:237,14,1,0
BRDA:238,15,0,0
BRDA:238,15,1,1
BRDA:244,16,0,1
BRDA:244,16,1,1
BRDA:284,17,0,1
BRDA:284,17,1,4
BRDA:295,18,0,1
BRDA:295,18,1,3
BRDA:301,19,0,1
BRDA:301,19,1,2
BRDA:325,20,0,1
BRDA:325,20,1,0
BRDA:338,21,0,4
BRDA:338,21,1,1
BRDA:344,22,0,4
BRDA:344,22,1,0
BRDA:349,23,0,3
BRDA:349,23,1,1
BRDA:355,24,0,1
BRDA:355,24,1,0
BRF:53
BRH:45
end_of_record
TN:
SF:Models/History.js
FNF:0
FNH:0
DA:1,10
DA:3,10
DA:10,10
LF:3
LH:3
BRF:0
BRH:0
end_of_record
TN:
SF:Models/Player.js
FN:2,(anonymous_0)
FN:15,(anonymous_1)
FNF:2
FNH:2
FNDA:59,(anonymous_0)
FNDA:73,(anonymous_1)
DA:3,59
DA:4,59
DA:5,59
DA:6,59
DA:7,59
DA:8,59
DA:16,73
DA:17,73
DA:19,73
DA:20,161
DA:21,20
DA:22,20
DA:24,141
DA:25,119
DA:26,119
DA:30,22
DA:31,22
DA:34,73
DA:35,9
DA:38,64
DA:40,73
DA:44,9
LF:22
LH:22
BRDA:20,0,0,20
BRDA:20,0,1,141
BRDA:20,1,0,161
BRDA:20,1,1,155
BRDA:20,1,2,148
BRDA:24,2,0,119
BRDA:24,2,1,22
BRDA:34,3,0,9
BRDA:34,3,1,64
BRF:9
BRH:9
end_of_record
TN:
SF:Models/PokerGame.js
FN:4,(anonymous_0)
FN:22,(anonymous_1)
FN:40,(anonymous_2)
FN:47,(anonymous_3)
FN:74,(anonymous_4)
FN:84,(anonymous_5)
FN:110,(anonymous_6)
FN:111,(anonymous_7)
FN:115,(anonymous_8)
FN:116,(anonymous_9)
FN:118,(anonymous_10)
FN:123,(anonymous_11)
FN:124,(anonymous_12)
FN:125,(anonymous_13)
FN:128,(anonymous_14)
FN:129,(anonymous_15)
FN:133,(anonymous_16)
FN:134,(anonymous_17)
FN:139,(anonymous_18)
FN:144,(anonymous_19)
FN:161,(anonymous_20)
FN:168,(anonymous_21)
FN:169,(anonymous_22)
FN:181,(anonymous_23)
FNF:24
FNH:8
FNDA:1,(anonymous_0)
FNDA:1,(anonymous_1)
FNDA:1,(anonymous_2)
FNDA:1,(anonymous_3)
FNDA:1,(anonymous_4)
FNDA:0,(anonymous_5)
FNDA:0,(anonymous_6)
FNDA:0,(anonymous_7)
FNDA:0,(anonymous_8)
FNDA:0,(anonymous_9)
FNDA:0,(anonymous_10)
FNDA:0,(anonymous_11)
FNDA:0,(anonymous_12)
FNDA:1,(anonymous_13)
FNDA:0,(anonymous_14)
FNDA:0,(anonymous_15)
FNDA:0,(anonymous_16)
FNDA:0,(anonymous_17)
FNDA:1,(anonymous_18)
FNDA:1,(anonymous_19)
FNDA:0,(anonymous_20)
FNDA:0,(anonymous_21)
FNDA:0,(anonymous_22)
FNDA:0,(anonymous_23)
DA:1,8
DA:5,1
DA:6,1
DA:7,1
DA:8,1
DA:9,1
DA:10,1
DA:11,1
DA:12,1
DA:13,1
DA:14,1
DA:15,1
DA:16,1
DA:23,1
DA:24,1
DA:25,1
DA:26,1
DA:28,1
DA:29,1
DA:30,0
DA:31,0
DA:33,0
DA:41,1
DA:48,1
DA:49,0
DA:50,0
DA:53,1
DA:54,1
DA:55,1
DA:57,1
DA:74,1
DA:75,1
DA:76,1
DA:77,1
DA:78,1
DA:81,1
DA:82,1
DA:84,1
DA:86,1
DA:87,1
DA:88,1
DA:90,1
DA:91,1
DA:92,1
DA:95,1
DA:96,0
DA:97,0
DA:98,0
DA:99,1
DA:100,0
DA:101,0
DA:102,0
DA:103,1
DA:104,0
DA:105,0
DA:106,0
DA:107,1
DA:108,0
DA:109,0
DA:110,0
DA:111,0
DA:112,1
DA:113,0
DA:114,0
DA:115,0
DA:116,0
DA:117,0
DA:118,0
DA:120,1
DA:121,0
DA:122,0
DA:123,0
DA:124,0
DA:125,1
DA:126,0
DA:127,0
DA:128,0
DA:129,0
DA:130,1
DA:131,0
DA:132,0
DA:133,0
DA:134,0
DA:136,1
DA:137,1
DA:138,1
DA:139,1
DA:143,1
DA:144,1
DA:145,1
DA:149,1
DA:150,1
DA:151,1
DA:153,1
DA:155,1
DA:162,0
DA:163,0
DA:167,0
DA:168,0
DA:169,0
DA:174,0
DA:175,0
DA:177,0
DA:178,0
DA:182,0
DA:186,8
LF:106
LH:60
BRDA:4,0,0,0
BRDA:28,1,0,1
BRDA:28,1,1,0
BRDA:30,2,0,0
BRDA:30,2,1,0
BRDA:48,3,0,0
BRDA:48,3,1,1
BRDA:75,4,0,1
BRDA:75,4,1,0
BRDA:76,5,0,1
BRDA:76,5,1,1
BRDA:77,6,0,1
BRDA:77,6,1,1
BRDA:87,7,0,1
BRDA:87,7,1,0
BRDA:87,7,2,0
BRDA:88,8,0,1
BRDA:88,8,1,1
BRDA:88,8,2,0
BRDA:88,8,3,0
BRDA:88,8,4,0
BRDA:95,9,0,0
BRDA:95,9,1,1
BRDA:95,10,0,1
BRDA:95,10,1,0
BRDA:95,10,2,0
BRDA:99,11,0,0
BRDA:99,11,1,1
BRDA:103,12,0,0
BRDA:103,12,1,1
BRDA:103,13,0,1
BRDA:103,13,1,1
BRDA:107,14,0,0
BRDA:107,14,1,1
BRDA:112,15,0,0
BRDA:112,15,1,1
BRDA:112,16,0,1
BRDA:112,16,1,0
BRDA:118,17,0,0
BRDA:118,17,1,0
BRDA:120,18,0,0
BRDA:120,18,1,1
BRDA:125,19,0,0
BRDA:125,19,1,1
BRDA:130,20,0,0
BRDA:130,20,1,1
BRDA:162,21,0,0
BRDA:162,21,1,0
BRDA:169,22,0,0
BRDA:169,22,1,0
BRF:50
BRH:22
end_of_record
TN:
SF:Models/TutorialModel.js
FNF:0
FNH:0
DA:1,9
DA:3,9
DA:10,9
LF:3
LH:3
BRF:0
BRH:0
end_of_record
TN:
SF:Models/UserModel.js
FN:20,(anonymous_0)
FN:30,(anonymous_1)
FN:39,(anonymous_2)
FN:51,(anonymous_3)
FNF:4
FNH:2
FNDA:72,(anonymous_0)
FNDA:1,(anonymous_1)
FNDA:0,(anonymous_2)
FNDA:0,(anonymous_3)
DA:1,14
DA:2,14
DA:4,14
DA:20,14
DA:22,72
DA:23,62
DA:30,14
DA:31,1
DA:32,1
DA:33,1
DA:39,14
DA:40,0
DA:41,0
DA:42,0
DA:43,0
DA:44,0
DA:45,0
DA:51,14
DA:52,0
DA:53,0
DA:54,0
DA:57,14
LF:22
LH:13
BRDA:22,0,0,62
BRDA:22,0,1,10
BRF:2
BRH:2
end_of_record
TN:
SF:Models/UserTutorialModel.js
FNF:0
FNH:0
DA:1,8
DA:3,8
DA:8,8
LF:3
LH:3
BRF:0
BRH:0
end_of_record
TN:
SF:routes/AuthRoute.js
FNF:0
FNH:0
DA:2,8
DA:3,8
DA:4,8
DA:6,8
DA:7,8
DA:8,8
DA:10,8
LF:7
LH:7
BRF:0
BRH:0
end_of_record
TN:
SF:routes/BalanceRoute.js
FNF:0
FNH:0
DA:1,8
DA:2,8
DA:3,8
DA:5,8
DA:6,8
DA:7,8
DA:8,8
DA:10,8
LF:8
LH:8
BRF:0
BRH:0
end_of_record
TN:
SF:routes/BetRoute.js
FNF:0
FNH:0
DA:1,8
DA:2,8
DA:3,8
DA:5,8
DA:7,8
LF:5
LH:5
BRF:0
BRH:0
end_of_record
TN:
SF:routes/Blackjack.js
FN:12,handle_web_socket
FN:16,(anonymous_1)
FN:60,(anonymous_2)
FN:64,(anonymous_3)
FN:74,assign_player
FN:97,remove_player
FN:109,handle_message
FNF:7
FNH:3
FNDA:0,handle_web_socket
FNDA:0,(anonymous_1)
FNDA:0,(anonymous_2)
FNDA:0,(anonymous_3)
FNDA:9,assign_player
FNDA:1,remove_player
FNDA:2,handle_message
DA:1,9
DA:2,9
DA:4,9
DA:14,0
DA:16,0
DA:17,0
DA:18,0
DA:19,0
DA:20,0
DA:21,0
DA:22,0
DA:23,0
DA:24,0
DA:25,0
DA:26,0
DA:27,0
DA:28,0
DA:29,0
DA:30,0
DA:31,0
DA:33,0
DA:34,0
DA:36,0
DA:37,0
DA:38,0
DA:40,0
DA:41,0
DA:45,0
DA:46,0
DA:48,0
DA:49,0
DA:55,0
DA:56,0
DA:60,0
DA:61,0
DA:64,0
DA:65,0
DA:66,0
DA:77,9
DA:78,4
DA:79,3
DA:83,9
DA:84,6
DA:85,6
DA:86,6
DA:88,9
DA:90,9
DA:98,1
DA:99,1
DA:100,1
DA:101,1
DA:110,2
DA:111,1
DA:112,0
DA:113,0
DA:114,0
DA:115,0
DA:116,0
DA:117,0
DA:118,0
DA:119,0
DA:120,0
DA:121,0
DA:122,0
DA:123,0
DA:124,0
DA:125,0
DA:126,0
DA:127,0
DA:128,0
DA:131,1
DA:132,1
DA:136,1
DA:137,1
DA:143,9
LF:75
LH:23
BRDA:20,0,0,0
BRDA:20,0,1,0
BRDA:23,1,0,0
BRDA:23,1,1,0
BRDA:23,2,0,0
BRDA:23,2,1,0
BRDA:23,2,2,0
BRDA:28,3,0,0
BRDA:28,3,1,0
BRDA:28,4,0,0
BRDA:28,4,1,0
BRDA:30,5,0,0
BRDA:30,5,1,0
BRDA:37,6,0,0
BRDA:37,6,1,0
BRDA:45,7,0,0
BRDA:45,7,1,0
BRDA:78,8,0,3
BRDA:78,8,1,1
BRDA:83,9,0,6
BRDA:83,9,1,3
BRDA:99,10,0,1
BRDA:99,10,1,0
BRDA:99,11,0,1
BRDA:99,11,1,1
BRDA:110,12,0,1
BRDA:110,12,1,1
BRDA:111,13,0,0
BRDA:111,13,1,1
BRDA:114,14,0,0
BRDA:114,14,1,0
BRDA:114,15,0,0
BRDA:114,15,1,0
BRDA:119,16,0,0
BRDA:119,16,1,0
BRDA:125,17,0,0
BRDA:125,17,1,0
BRF:37
BRH:10
end_of_record
TN:
SF:routes/HistoryRoute.js
FNF:0
FNH:0
DA:1,8
DA:2,8
DA:3,8
DA:5,8
DA:6,8
DA:8,8
LF:6
LH:6
BRF:0
BRH:0
end_of_record
TN:
SF:routes/LeaderboardRoute.js
FNF:0
FNH:0
DA:1,8
DA:2,8
DA:3,8
DA:5,8
DA:7,8
LF:5
LH:5
BRF:0
BRH:0
end_of_record
TN:
SF:routes/PokerRoute.js
FNF:0
FNH:0
DA:1,8
DA:2,8
DA:3,8
DA:5,8
DA:6,8
DA:7,8
DA:8,8
DA:10,8
LF:8
LH:8
BRF:0
BRH:0
end_of_record
TN:
SF:routes/ProfileRoute.js
FNF:0
FNH:0
DA:1,8
DA:2,8
DA:3,8
DA:5,8
DA:6,8
DA:7,8
DA:8,8
DA:9,8
DA:10,8
DA:11,8
DA:12,8
DA:13,8
DA:14,8
DA:17,8
LF:14
LH:14
BRF:0
BRH:0
end_of_record
TN:
SF:routes/TutorialRoute.js
FNF:0
FNH:0
DA:1,8
DA:2,8
DA:4,8
DA:6,8
DA:9,8
LF:5
LH:5
BRF:0
BRH:0
end_of_record
TN:
SF:routes/UserTutorialRoute.js
FNF:0
FNH:0
DA:1,8
DA:2,8
DA:4,8
DA:6,8
DA:7,8
DA:10,8
LF:6
LH:6
BRF:0
BRH:0
end_of_record
TN:
SF:routes/WinLoseRoute.js
FNF:0
FNH:0
DA:1,8
DA:2,8
DA:3,8
DA:5,8
DA:6,8
DA:7,8
DA:8,8
DA:10,8
LF:8
LH:8
BRF:0
BRH:0
end_of_record
TN:
SF:util/HandleBet.js
FN:9,(anonymous_0)
FNF:1
FNH:0
FNDA:0,(anonymous_0)
DA:1,8
DA:9,8
DA:10,0
DA:11,0
DA:12,0
DA:17,0
DA:18,0
DA:20,0
DA:24,8
LF:9
LH:3
BRDA:10,0,0,0
BRDA:10,0,1,0
BRF:2
BRH:0
end_of_record
TN:
SF:util/HandleWinLoss.js
FN:8,(anonymous_0)
FN:26,(anonymous_1)
FNF:2
FNH:0
FNDA:0,(anonymous_0)
FNDA:0,(anonymous_1)
DA:1,8
DA:8,8
DA:9,0
DA:10,0
DA:11,0
DA:18,0
DA:26,8
DA:27,0
DA:28,0
DA:29,0
DA:36,0
DA:41,8
LF:12
LH:4
BRDA:9,0,0,0
BRDA:9,0,1,0
BRDA:27,1,0,0
BRDA:27,1,1,0
BRF:4
BRH:0
end_of_record
TN:
SF:util/SecretToken.js
FN:5,(anonymous_0)
FNF:1
FNH:1
FNDA:3,(anonymous_0)
DA:2,8
DA:3,8
DA:5,8
DA:6,3
DA:7,3
LF:5
LH:5
BRDA:6,0,0,3
BRDA:6,0,1,3
BRF:2
BRH:2
end_of_record
