TN:
SF:Controllers/BalanceController.js
FN:6,(anonymous_0)
FN:22,(anonymous_1)
FNF:2
FNH:2
FNDA:3,(anonymous_0)
FNDA:8,(anonymous_1)
DA:2,2
DA:3,2
DA:6,2
DA:7,3
DA:8,3
DA:9,3
DA:10,3
DA:11,1
DA:13,2
DA:15,0
DA:22,2
DA:23,8
DA:24,8
DA:25,8
DA:26,8
DA:28,8
DA:29,1
DA:32,7
DA:33,7
DA:34,6
DA:35,1
DA:38,5
DA:39,5
DA:40,1
DA:43,4
DA:44,4
DA:45,1
DA:48,3
DA:49,3
DA:50,2
DA:53,2
LF:31
LH:30
BRDA:10,0,0,1
BRDA:10,0,1,2
BRDA:28,1,0,1
BRDA:28,1,1,7
BRDA:28,2,0,8
BRDA:28,2,1,7
BRDA:34,3,0,1
BRDA:34,3,1,5
BRDA:39,4,0,1
BRDA:39,4,1,4
BRDA:44,5,0,1
BRDA:44,5,1,3
BRF:12
BRH:12
end_of_record
TN:
SF:Controllers/LeaderboardController.js
FN:3,(anonymous_0)
FN:33,(anonymous_1)
FN:47,(anonymous_2)
FN:48,(anonymous_3)
FN:57,(anonymous_4)
FN:58,(anonymous_5)
FNF:6
FNH:6
FNDA:1,(anonymous_0)
FNDA:4,(anonymous_1)
FNDA:2,(anonymous_2)
FNDA:5,(anonymous_3)
FNDA:9,(anonymous_4)
FNDA:30,(anonymous_5)
DA:1,1
DA:3,1
DA:4,1
DA:5,1
DA:6,1
DA:7,1
DA:9,1
DA:10,0
DA:11,0
DA:14,1
DA:16,1
DA:17,1
DA:19,1
DA:20,1
DA:21,1
DA:23,1
DA:24,1
DA:27,0
DA:28,0
DA:33,1
DA:34,4
DA:36,4
DA:37,1
DA:39,3
DA:40,1
DA:43,4
DA:47,1
DA:48,5
DA:57,1
DA:58,9
DA:59,30
DA:60,4
DA:65,26
LF:33
LH:29
BRDA:6,0,0,0
BRDA:6,1,0,0
BRDA:6,2,0,1
BRDA:9,3,0,0
BRDA:9,3,1,1
BRDA:36,4,0,1
BRDA:36,4,1,3
BRDA:39,5,0,1
BRDA:39,5,1,2
BRDA:50,6,0,5
BRDA:50,6,1,0
BRDA:59,7,0,4
BRDA:59,7,1,26
BRDA:60,8,0,2
BRDA:60,8,1,2
BRDA:65,9,0,12
BRDA:65,9,1,14
BRF:17
BRH:13
end_of_record
TN:
SF:Controllers/WinLoseController.js
FN:7,(anonymous_0)
FN:23,(anonymous_1)
FN:39,(anonymous_2)
FNF:3
FNH:3
FNDA:3,(anonymous_0)
FNDA:3,(anonymous_1)
FNDA:8,(anonymous_2)
DA:3,1
DA:7,1
DA:8,3
DA:9,3
DA:10,3
DA:11,2
DA:12,1
DA:14,1
DA:16,1
DA:23,1
DA:24,3
DA:25,3
DA:26,3
DA:27,2
DA:28,1
DA:30,1
DA:32,1
DA:39,1
DA:40,8
DA:41,8
DA:43,8
DA:44,0
DA:47,8
DA:48,2
DA:51,6
DA:52,5
DA:54,4
DA:55,4
DA:58,4
DA:59,4
DA:61,4
DA:62,3
DA:64,2
LF:33
LH:32
BRDA:11,0,0,1
BRDA:11,0,1,1
BRDA:27,1,0,1
BRDA:27,1,1,1
BRDA:43,2,0,0
BRDA:43,2,1,8
BRDA:47,3,0,2
BRDA:47,3,1,6
BRDA:47,4,0,8
BRDA:47,4,1,7
BRDA:52,5,0,1
BRDA:52,5,1,4
BRDA:54,6,0,3
BRDA:54,6,1,1
BRDA:55,7,0,3
BRDA:55,7,1,1
BRF:16
BRH:15
end_of_record
TN:
SF:Models/UserModel.js
FN:14,(anonymous_0)
FNF:1
FNH:1
FNDA:23,(anonymous_0)
DA:1,4
DA:2,4
DA:4,4
DA:14,4
DA:16,23
DA:17,18
DA:21,4
LF:7
LH:7
BRDA:16,0,0,18
BRDA:16,0,1,5
BRF:2
BRH:2
end_of_record
TN:
SF:models/Card.js
FN:2,(anonymous_0)
FNF:1
FNH:1
FNDA:1129,(anonymous_0)
DA:3,1129
DA:4,1129
DA:8,1
LF:3
LH:3
BRF:0
BRH:0
end_of_record
TN:
SF:models/Deck.js
FN:4,(anonymous_0)
FN:13,(anonymous_1)
FN:27,(anonymous_2)
FNF:3
FNH:3
FNDA:21,(anonymous_0)
FNDA:21,(anonymous_1)
FNDA:21,(anonymous_2)
DA:1,1
DA:5,21
DA:6,21
DA:7,21
DA:14,21
DA:16,21
DA:17,84
DA:18,1092
DA:28,21
DA:29,1092
DA:30,1092
DA:35,1
LF:12
LH:12
BRF:0
BRH:0
end_of_record
TN:
SF:models/Game.js
FN:6,(anonymous_0)
FN:23,(anonymous_1)
FN:42,(anonymous_2)
FN:70,(anonymous_3)
FN:128,(anonymous_4)
FN:148,(anonymous_5)
FN:165,(anonymous_6)
FN:204,(anonymous_7)
FN:251,(anonymous_8)
FN:259,(anonymous_9)
FN:300,(anonymous_10)
FN:309,(anonymous_11)
FN:321,(anonymous_12)
FN:355,(anonymous_13)
FNF:14
FNH:14
FNDA:27,(anonymous_0)
FNDA:13,(anonymous_1)
FNDA:13,(anonymous_2)
FNDA:15,(anonymous_3)
FNDA:18,(anonymous_4)
FNDA:6,(anonymous_5)
FNDA:8,(anonymous_6)
FNDA:6,(anonymous_7)
FNDA:2,(anonymous_8)
FNDA:4,(anonymous_9)
FNDA:1,(anonymous_10)
FNDA:1,(anonymous_11)
FNDA:5,(anonymous_12)
FNDA:31,(anonymous_13)
DA:1,1
DA:2,1
DA:3,1
DA:7,27
DA:8,27
DA:9,27
DA:10,27
DA:11,27
DA:12,27
DA:13,27
DA:14,27
DA:15,27
DA:16,27
DA:17,27
DA:26,13
DA:27,8
DA:28,8
DA:30,8
DA:33,5
DA:34,5
DA:44,13
DA:45,13
DA:46,13
DA:47,13
DA:48,13
DA:49,10
DA:51,13
DA:54,13
DA:55,1
DA:59,13
DA:60,11
DA:63,13
DA:64,13
DA:71,15
DA:73,30
DA:74,28
DA:75,28
DA:77,30
DA:79,15
DA:80,14
DA:87,14
DA:91,15
DA:94,15
DA:95,14
DA:96,18
DA:97,4
DA:105,4
DA:112,15
DA:113,2
DA:115,2
DA:117,2
DA:121,13
DA:131,18
DA:132,1
DA:135,18
DA:136,13
DA:140,5
DA:141,5
DA:150,6
DA:153,6
DA:154,8
DA:156,8
DA:159,6
DA:166,8
DA:168,8
DA:169,5
DA:170,5
DA:171,1
DA:172,1
DA:177,4
DA:178,3
DA:179,3
DA:184,1
DA:185,1
DA:191,0
DA:195,8
DA:205,6
DA:206,8
DA:207,7
DA:208,7
DA:211,5
DA:212,4
DA:216,1
DA:218,5
DA:221,1
DA:222,1
DA:226,0
DA:228,1
DA:231,1
DA:232,1
DA:236,0
DA:238,1
DA:241,0
DA:242,0
DA:252,2
DA:253,2
DA:260,4
DA:261,4
DA:263,4
DA:267,4
DA:270,4
DA:271,5
DA:272,1
DA:277,1
DA:282,4
DA:283,1
DA:284,1
DA:285,1
DA:288,3
DA:290,1
DA:291,1
DA:292,1
DA:301,1
DA:302,1
DA:310,1
DA:312,1
DA:313,1
DA:322,5
DA:324,5
DA:325,5
DA:326,4
DA:327,4
DA:328,4
DA:331,4
DA:332,4
DA:336,4
DA:337,3
DA:341,5
DA:342,1
DA:343,1
DA:344,1
DA:345,1
DA:349,5
DA:356,31
DA:357,18
DA:365,1
LF:136
LH:131
BRDA:26,0,0,8
BRDA:26,0,1,5
BRDA:96,1,0,4
BRDA:96,1,1,14
BRDA:112,2,0,2
BRDA:112,2,1,13
BRDA:131,3,0,19
BRDA:131,3,1,14
BRDA:135,4,0,13
BRDA:135,4,1,5
BRDA:170,5,0,1
BRDA:170,5,1,4
BRDA:170,6,0,5
BRDA:170,6,1,4
BRDA:170,6,2,4
BRDA:177,7,0,3
BRDA:177,7,1,1
BRDA:177,8,0,4
BRDA:177,8,1,2
BRDA:184,9,0,1
BRDA:184,9,1,0
BRDA:206,10,0,7
BRDA:206,10,1,1
BRDA:208,11,0,5
BRDA:208,11,1,1
BRDA:208,11,2,1
BRDA:208,11,3,0
BRDA:211,12,0,4
BRDA:211,12,1,1
BRDA:221,13,0,1
BRDA:221,13,1,0
BRDA:231,14,0,1
BRDA:231,14,1,0
BRDA:271,15,0,1
BRDA:271,15,1,4
BRDA:282,16,0,1
BRDA:282,16,1,3
BRDA:288,17,0,1
BRDA:288,17,1,2
BRDA:312,18,0,1
BRDA:312,18,1,0
BRDA:325,19,0,4
BRDA:325,19,1,1
BRDA:331,20,0,4
BRDA:331,20,1,0
BRDA:336,21,0,3
BRDA:336,21,1,1
BRDA:342,22,0,1
BRDA:342,22,1,0
BRF:49
BRH:42
end_of_record
TN:
SF:models/Player.js
FN:2,(anonymous_0)
FN:13,(anonymous_1)
FNF:2
FNH:2
FNDA:59,(anonymous_0)
FNDA:68,(anonymous_1)
DA:3,59
DA:4,59
DA:5,59
DA:6,59
DA:14,68
DA:15,68
DA:17,68
DA:18,146
DA:19,22
DA:20,22
DA:22,124
DA:23,113
DA:24,113
DA:28,11
DA:29,11
DA:32,68
DA:33,5
DA:36,63
DA:38,68
DA:42,1
LF:20
LH:20
BRDA:18,0,0,22
BRDA:18,0,1,124
BRDA:18,1,0,146
BRDA:18,1,1,143
BRDA:18,1,2,133
BRDA:22,2,0,113
BRDA:22,2,1,11
BRDA:32,3,0,5
BRDA:32,3,1,63
BRF:9
BRH:9
end_of_record
TN:
SF:routes/Blackjack.js
FN:8,handle_web_socket
FN:12,(anonymous_1)
FN:30,(anonymous_2)
FN:34,(anonymous_3)
FN:44,assign_player
FN:67,remove_player
FN:79,handle_message
FNF:7
FNH:3
FNDA:0,handle_web_socket
FNDA:0,(anonymous_1)
FNDA:0,(anonymous_2)
FNDA:0,(anonymous_3)
FNDA:9,assign_player
FNDA:1,remove_player
FNDA:2,handle_message
DA:1,1
DA:3,1
DA:10,0
DA:12,0
DA:13,0
DA:14,0
DA:15,0
DA:16,0
DA:17,0
DA:20,0
DA:25,0
DA:26,0
DA:30,0
DA:31,0
DA:34,0
DA:35,0
DA:36,0
DA:47,9
DA:48,4
DA:49,3
DA:53,9
DA:54,6
DA:55,6
DA:56,6
DA:58,9
DA:60,9
DA:68,1
DA:69,1
DA:70,1
DA:71,1
DA:80,2
DA:81,1
DA:82,1
DA:86,1
DA:87,1
DA:93,1
LF:36
LH:21
BRDA:15,0,0,0
BRDA:15,0,1,0
BRDA:48,1,0,3
BRDA:48,1,1,1
BRDA:53,2,0,6
BRDA:53,2,1,3
BRDA:69,3,0,1
BRDA:69,3,1,0
BRDA:69,4,0,1
BRDA:69,4,1,1
BRDA:80,5,0,1
BRDA:80,5,1,1
BRF:12
BRH:9
end_of_record
